1 0 5 6 7 8 10 11 12 14 15 16 17 19 21 22 23 24 25 26 27 29 30 31 33 37 38 72 45 73 46 74 47 75 76 51 77 48 78 79 80 44 81 54 55 82 83 57 84 43 85 86 58 59 87 56 88 89 61 42 90 62 91 63 92 93 60 65 94 95 66 96 97 67 98 64 99 69 40 70 71 68 2 4 
0 75
79 30
0 88
0 60
0 57
0 66
76 27
5 42
72 23
97 2
99 1
0 86
90 45
24 7
1 43
0 94
0 71
0 77
0 83
24 15
14 10
0 74
1 97
0 72
0 68
74 25
80 33
0 70
0 58
0 80
47 51
91 46
0 93
0 87
23 12
0 56
75 26
12 54
0 90
0 67
0 84
1 98
0 95
0 81
0 92
0 78
23 11
59 5
0 62
0 69
0 29
0 89
0 64
73 24
26 38
0 96
0 59
84 37
5 8
86 40
66 14
0 79
67 16
71 22
7 48
0 91
5 6
0 65
55 0
30 31
1 55
0 82
0 85
54 21
68 17
44 47
0 76
99 4
0 73
89 44
0 63
8 61
2 19
