63 24 6 51 79 55 68 33 70 54 59 16 39 34 42 62 19 83 37 86 64 25 98 90 74 22 71 13 73 94 85 0 30 91 2 47 44 97 26 93 32 99 35 84 4 58 5 3 80 28 52 1 9 45 69 95 23 72 92 10 88 29 67 7 76 40 66 8 96 81 27 49 78 60 18 12 11 41 65 15 57 31 20 36 17 77 53 87 46 82 43 61 50 75 48 21 38 89 14 56 
91 90
77 78
97 96
34 33
59 60
30 29
46 45
51 52
25 24
79 80
65 66
31 30
78 79
50 49
6 5
36 35
10 9
52 53
68 69
45 44
19 18
7 6
70 71
56 57
26 25
32 31
4 3
69 70
71 72
1 0
72 73
38 37
41 40
39 38
12 11
44 43
17 16
99 50
20 19
73 74
24 23
21 20
13 12
63 64
66 67
42 41
98 97
61 62
64 65
23 22
49 48
48 47
50 51
54 55
53 54
62 63
18 17
94 93
40 39
9 8
57 58
3 2
60 61
84 83
47 46
11 10
83 82
22 21
55 56
90 89
27 26
93 92
89 88
29 28
76 77
88 87
35 34
99 98
58 59
87 86
74 75
75 76
37 36
8 7
67 68
16 15
95 94
92 91
43 42
85 84
2 1
5 4
28 27
33 32
14 13
86 85
96 95
82 81
15 14
