25 26 27 79 47 24 31 87 28 23 21 20 37 40 80 53 46 64 36 42 49 85 67 55 52 83 22 76 33 66 39 57 41 86 45 65 34 75 68 73 54 82 29 71 50 56 78 77 48 43 72 32 84 51 88 70 44 69 38 81 35 74 30 63 18 62 19 11 93 61 7 96 92 94 59 13 91 8 89 16 58 15 95 0 10 60 5 90 4 97 17 1 12 98 9 14 2 6 3 
20 74
22 78
23 79
6 7
21 75
6 46
29 92
5 44
1 36
18 29
25 83
8 49
13 60
9 51
1 17
4 42
3 39
28 89
14 61
31 12
20 73
12 58
19 71
32 22
7 28
4 14
5 18
18 70
5 43
18 13
23 80
7 47
17 16
4 8
29 91
13 59
12 57
4 2
28 90
22 77
17 68
10 4
16 65
10 53
15 63
98 32
11 6
6 45
17 0
31 96
14 19
0 34
26 15
4 27
21 76
2 38
24 82
31 23
3 40
14 62
17 67
2 37
20 5
7 3
2 30
26 85
27 31
6 10
27 88
26 86
4 41
7 48
19 25
11 56
29 21
32 97
16 66
0 33
1 35
19 72
32 9
6 1
24 81
25 84
18 69
8 24
32 11
12 20
9 52
30 94
30 93
15 64
31 95
23 26
11 55
8 50
27 87
10 54
