52 53 54 55 56 57 58 59 60 61 62 63 64 65 66 67 68 69 70 71 72 73 74 75 76 77 78 79 80 81 82 83 84 85 86 87 88 89 90 91 92 93 94 95 96 97 98 99 24 43 4 1 51 27 20 6 22 42 2 11 13 34 36 41 19 15 35 18 33 50 10 38 21 40 32 3 29 14 16 31 47 44 5 28 30 45 25 48 9 46 37 39 7 23 49 17 12 26 8 0 
82 7
82 35
48 59
10 5
93 65
87 88
22 52
53 84
58 30
2 48
89 8
74 82
26 2
87 27
20 42
3 74
90 14
8 56
77 76
24 19
38 60
24 9
80 90
75 22
87 25
3 36
82 41
95 96
6 31
13 1
10 20
48 94
12 71
26 3
29 85
17 67
24 53
53 72
97 86
10 68
39 87
96 0
99 18
54 57
36 33
73 81
17 66
38 21
3 29
54 51
93 10
77 12
21 73
39 61
82 89
22 63
82 83
93 26
89 46
23 45
2 98
75 37
36 4
12 58
77 24
96 43
12 16
95 15
41 28
48 6
33 17
4 23
2 77
2 92
19 91
58 39
14 54
3 40
40 75
97 49
2 95
15 47
29 50
80 34
53 44
99 93
91 70
95 79
85 78
40 38
26 62
54 97
61 64
13 32
36 13
36 80
85 69
99 55
29 11
