75 65 56 77 55 64 61 54 58 60 63 59 57 66 62 11 14 12 28 22 25 19 4 41 10 36 39 30 5 16 20 79 24 81 9 95 90 35 34 69 6 83 3 8 29 72 38 92 42 15 98 91 13 32 78 23 87 40 2 97 70 17 85 37 31 96 7 0 74 21 76 18 33 82 26 27 68 1 88 93 43 89 67 71 48 73 44 50 52 94 99 80 45 46 86 53 84 51 49 47 
4 45
33 69
7 87
7 80
2 26
2 25
33 67
33 64
0 12
7 89
7 90
0 15
33 73
33 78
1 2
7 92
3 39
80 60
20 0
4 48
3 33
3 34
30 40
10 9
40 50
0 18
2 56
2 55
33 63
2 3
4 41
7 83
4 46
2 22
2 21
33 71
33 68
7 85
7 86
2 28
2 27
33 77
33 66
0 10
7 95
0 13
7 88
33 75
33 72
7 97
7 98
3 37
3 38
4 49
3 32
30 70
2 52
2 51
0 16
0 19
2 58
2 57
4 42
99 7
33 62
4 44
4 47
7 81
7 82
2 24
2 23
7 8
33 65
7 91
0 14
3 4
0 1
7 84
2 29
5 6
33 79
33 76
7 93
0 11
7 94
33 74
7 96
3 35
3 36
4 5
60 20
2 54
2 53
0 30
33 61
0 17
2 59
3 31
4 43
