92 93 94 95 96 97 98 23 29 30 31 32 7 33 34 35 36 4 37 38 39 40 1 41 42 43 11 44 45 46 25 47 5 48 49 50 51 52 53 54 55 19 56 14 57 58 59 60 61 62 63 64 2 65 22 66 27 67 68 69 70 71 10 13 72 17 73 74 20 75 76 15 77 12 78 3 79 90 0 80 81 18 82 8 83 9 84 28 85 16 86 26 87 6 88 21 89 24 91 
24 17
10 53
29 25
11 55
22 78
28 90
10 54
5 24
6 45
25 27
25 83
1 36
6 46
14 30
98 32
1 31
13 60
8 49
14 61
4 42
3 39
28 89
24 82
9 16
2 29
27 88
26 86
2 37
18 1
20 73
21 76
25 5
4 9
16 66
14 62
0 33
4 41
18 14
30 11
7 47
0 3
25 18
30 93
1 12
9 52
13 59
15 64
16 65
32 28
22 6
21 0
22 77
17 68
21 75
9 8
30 94
5 44
20 74
23 79
0 34
31 96
9 51
30 20
19 4
3 40
2 38
29 92
17 67
13 22
26 85
32 2
7 48
25 10
32 97
12 58
22 26
11 56
1 35
27 13
19 71
5 43
18 69
20 19
19 72
30 23
18 70
11 21
23 80
24 81
25 84
29 91
15 63
19 7
5 15
31 95
12 57
8 50
27 87
