87 31 30 86 81 40 72 43 48 63 67 52 58 36 35 29 68 69 85 84 57 28 62 49 59 27 83 26 32 39 80 25 37 53 24 61 51 79 44 46 23 78 70 21 33 66 15 16 77 38 50 76 55 64 45 14 71 22 42 75 20 65 74 13 47 82 73 18 56 12 54 19 17 11 60 34 41 88 89 90 91 4 92 93 94 95 9 96 97 98 99 5 3 2 6 1 8 7 0 10 
30 1
2 32
99 88
4 38
4 39
13 64
55 10
59 11
88 21
85 77
23 94
14 67
3 35
20 85
14 68
37 59
43 6
27 49
22 93
24 98
22 17
19 82
18 79
6 44
3 34
33 2
84 66
69 14
2 3
87 20
1 28
16 74
5 41
10 57
21 89
61 55
8 51
0 26
75 16
66 13
23 96
4 9
70 15
21 90
88 43
81 87
69 76
21 7
37 78
9 54
12 63
20 86
15 72
1 29
16 73
94 70
91 22
25 47
22 92
19 84
71 69
40 5
9 52
15 71
62 12
51 33
8 50
6 45
60 75
67 48
80 18
98 83
11 58
37 4
97 27
5 42
95 23
11 60
49 8
12 61
91 62
2 31
13 65
28 95
27 37
83 19
51 46
9 53
24 97
18 81
10 56
27 0
88 30
99 24
55 40
42 80
25 91
0 25
3 36
