90 72 84 74 83 85 89 82 88 81 73 80 79 86 71 69 78 77 87 70 76 75 68 67 66 65 5 64 63 62 61 92 60 1 59 58 57 56 55 54 53 52 51 50 49 48 0 47 46 45 44 4 43 91 98 42 2 41 40 39 38 37 36 35 34 3 33 32 94 31 97 30 93 29 28 15 6 25 21 20 23 7 10 12 27 14 26 95 19 16 8 9 18 13 24 11 96 17 22 
21 75
10 53
22 78
8 50
5 44
23 79
31 15
0 19
11 23
2 13
6 45
15 21
1 36
8 29
13 60
31 9
9 51
0 34
18 24
28 89
26 28
2 37
3 40
22 1
24 4
14 61
24 82
28 20
14 18
27 88
16 66
32 16
4 0
27 17
27 3
0 33
18 69
7 47
18 70
5 7
4 41
15 6
28 12
22 14
28 10
21 30
29 91
8 27
25 84
31 95
5 26
12 57
28 90
17 25
15 64
27 87
22 77
15 63
5 43
10 54
16 65
17 68
30 94
29 11
20 74
11 5
98 32
6 46
29 92
25 83
31 96
8 49
4 42
15 2
2 38
3 39
14 62
26 86
7 48
32 97
17 67
20 73
21 76
0 8
12 58
11 56
32 22
26 85
1 35
19 71
19 72
23 80
24 81
11 55
30 93
9 52
13 59
32 31
