19 18 17 3 16 11 4 12 7 20 21 6 22 23 24 9 0 25 26 27 8 28 29 30 1 31 32 34 35 36 37 2 38 39 40 41 42 43 44 45 46 47 48 49 50 10 51 5 52 53 72 57 73 58 74 59 75 62 63 76 77 60 78 61 65 79 80 56 66 81 67 82 83 64 69 84 85 55 70 86 71 87 68 88 89 90 91 92 93 94 95 96 97 98 99 13 15 14 
0 75
73 14
45 55
81 23
45 60
29 51
17 30
25 63
0 42
0 94
32 56
0 66
19 48
85 27
27 21
0 83
49 34
0 77
0 96
70 9
16 58
80 22
72 12
14 47
69 6
83 25
0 46
86 28
0 85
0 65
0 80
99 43
0 35
31 45
0 76
0 97
71 10
35 53
0 67
68 5
0 87
0 73
87 29
43 59
29 31
0 81
77 19
32 49
74 16
18 39
6 61
0 88
75 17
0 69
0 86
15 64
47 38
0 92
29 52
82 24
20 26
19 41
37 15
28 11
0 89
0 98
96 40
0 71
99 0
9 4
0 74
94 37
0 68
2 3
0 79
65 1
40 32
66 2
0 72
0 91
18 36
10 8
6 50
0 82
42 62
78 20
0 90
0 70
1 18
0 93
0 13
0 84
18 57
0 78
0 95
30 7
17 44
