6 15 5 17 66 20 14 0 1 12 19 13 2 21 4 3 67 89 16 10 8 88 34 64 38 49 35 45 27 93 44 29 94 39 83 37 79 59 47 28 46 24 43 33 63 62 61 57 76 82 81 96 68 74 25 80 85 41 86 84 69 54 52 72 60 71 92 22 53 98 50 48 70 32 58 56 55 
81 82
27 36
61 62
41 52
80 90
67 68
43 52
89 78
46 45
84 74
81 80
3 2
27 16
56 46
22 21
57 48
34 43
12 2
3 4
41 30
85 94
59 69
88 98
55 66
96 86
89 88
19 9
0 1
25 35
14 4
58 48
79 68
41 31
41 50
19 38
27 18
57 67
41 32
84 72
5 14
58 69
59 49
41 51
64 54
0 10
6 7
20 21
44 53
83 93
5 6
32 33
92 83
15 14
15 25
44 45
13 3
46 35
39 49
98 97
98 87
54 73
71 80
70 71
76 75
76 77
19 28
37 27
41 40
24 33
83 82
67 98
66 65
15 16
55 54
24 25
29 19
32 42
60 50
71 72
14 23
66 67
76 66
92 91
85 95
27 8
63 53
60 71
17 8
20 10
47 38
2 1
64 74
94 93
27 28
22 11
76 86
15 26
71 62
