79 80 81 82 83 84 85 86 87 88 89 90 91 92 93 94 95 96 97 98 99 76 77 73 22 42 38 74 40 71 62 16 30 70 72 75 58 45 63 61 56 60 67 65 46 7 54 18 64 50 12 17 66 69 68 0 27 3 78 34 6 1 51 2 20 29 14 47 52 44 49 48 36 53 4 31 43 19 8 26 37 41 9 23 32 25 13 11 28 35 39 10 33 15 24 21 
42 37
10 73
50 46
75 43
25 88
16 66
78 65
14 24
56 90
36 80
69 81
70 95
19 8
84 53
56 3
77 15
33 32
38 75
14 39
4 2
1 19
6 52
4 40
82 47
75 91
6 36
70 7
24 69
1 34
39 58
58 6
68 4
1 86
17 42
50 68
70 28
30 97
1 71
86 45
50 33
34 0
99 14
29 31
72 92
10 21
75 67
14 74
10 9
50 93
1 30
79 94
79 63
1 17
61 26
38 18
14 54
24 79
39 10
79 96
58 20
52 12
54 11
68 89
39 61
58 85
6 84
36 25
10 82
68 72
40 51
29 77
41 27
33 70
36 13
74 76
22 44
1 22
64 56
69 48
93 87
29 78
30 41
34 83
21 60
66 98
14 29
6 62
14 49
99 50
3 1
62 64
36 38
84 35
34 23
6 16
