96 95 98 97 40 41 99 42 43 44 45 46 47 48 49 50 51 52 53 54 55 56 57 58 6 59 60 61 9 62 63 64 65 66 4 67 68 69 70 71 72 73 74 75 76 77 78 79 80 81 84 85 86 2 87 88 1 89 0 90 91 5 92 93 3 94 11 12 13 14 15 16 17 18 19 20 21 22 23 24 25 26 27 28 29 30 31 32 33 34 35 36 37 38 39 10 7 8 
27 28
35 36
58 59
13 14
21 22
44 45
30 31
87 86
23 24
75 76
22 23
5 6
24 25
68 69
89 88
80 81
94 93
9 10
7 8
15 16
67 68
26 27
97 96
40 41
52 53
85 84
42 43
49 50
4 5
93 92
45 46
53 54
2 3
62 63
55 56
61 62
8 9
17 18
33 34
41 42
38 39
95 94
57 58
29 30
37 38
65 66
88 87
48 49
32 33
0 1
99 98
39 40
47 48
77 78
50 51
78 79
25 26
11 12
19 20
69 70
28 29
98 97
73 74
3 4
71 72
79 80
86 85
12 13
76 77
34 35
36 37
16 17
64 65
91 90
70 71
99 0
72 73
18 19
66 67
51 52
43 44
10 11
54 55
74 75
90 89
60 61
14 15
59 60
96 95
46 47
31 32
63 64
56 57
1 2
20 21
92 91
6 7
