30 31 32 2 25 9 23 33 13 26 34 11 35 18 36 37 29 38 10 39 19 40 5 41 42 43 44 7 24 45 20 46 27 47 14 48 21 49 50 51 22 52 53 54 0 55 56 3 57 58 59 60 6 61 28 12 62 63 64 65 66 67 68 69 4 70 71 72 15 73 74 16 75 76 77 78 79 8 80 81 82 83 84 85 1 86 87 17 88 89 90 91 92 93 94 95 96 97 98 
13 27
10 53
11 55
22 78
14 4
1 30
30 0
6 45
67 65
25 83
31 96
30 17
98 32
1 36
0 34
29 14
4 24
7 25
24 82
13 31
26 85
26 86
7 48
20 73
12 58
30 13
21 76
11 56
32 97
16 66
6 29
26 3
1 35
4 41
5 43
19 72
65 16
4 5
25 18
28 15
29 91
8 50
32 11
22 77
15 64
1 21
27 87
17 68
21 75
28 90
2 7
10 54
5 44
20 74
23 79
3 19
29 92
28 26
13 60
14 12
8 49
9 51
4 42
3 40
28 89
2 38
2 37
3 39
6 46
14 61
14 62
17 67
27 88
8 2
25 10
22 8
22 28
18 70
19 71
23 80
30 23
0 33
32 9
24 81
5 1
25 84
9 22
18 69
7 47
30 94
30 93
9 52
13 59
15 63
31 95
12 57
18 6
9 20
