10 11 45 8 29 16 22 52 13 15 24 35 42 47 33 23 49 28 37 30 48 31 54 20 34 36 32 25 39 55 43 46 26 53 51 27 66 71 67 68 69 70 72 73 74 75 76 77 78 79 80 81 82 83 84 85 86 87 89 90 91 88 94 93 97 56 95 92 99 96 98 63 62 0 61 1 2 9 60 5 6 59 
66 13
72 42
34 35
86 68
16 75
30 47
66 84
20 22
10 55
20 85
15 11
26 46
24 98
71 66
22 93
11 60
93 29
23 96
1 28
9 15
77 88
15 71
11 59
77 45
92 56
77 80
39 81
78 31
15 70
6 43
13 5
9 23
53 9
20 86
84 76
46 78
23 95
2 33
29 73
68 61
31 2
54 67
9 52
37 83
61 34
22 92
0 27
52 79
69 90
22 1
74 16
51 48
45 6
1 30
2 32
76 97
62 82
26 53
89 63
54 74
32 37
8 49
23 94
15 72
8 51
26 0
89 39
16 8
61 62
9 54
56 10
99 24
95 36
70 77
20 87
9 20
22 91
96 89
33 69
0 25
99 26
