1 10 40 41 42 2 20 43 19 9 45 18 46 11 47 48 12 24 49 51 8 52 53 54 15 55 0 56 57 58 4 13 60 61 62 63 5 64 65 17 66 67 68 69 70 14 72 73 21 74 75 76 77 78 3 79 16 81 82 7 84 25 85 87 22 88 6 26 89 90 27 28 29 92 30 94 31 32 95 33 96 34 98 35 99 36 37 38 
11 7
85 0
99 69
33 65
29 12
24 40
10 34
55 36
3 20
53 72
67 17
9 58
19 4
69 87
56 92
55 22
55 63
33 98
32 37
67 94
26 67
33 2
32 27
32 13
19 3
32 64
9 81
94 24
32 47
87 11
3 28
37 88
9 31
11 16
3 41
54 62
67 8
55 85
10 74
82 45
37 33
99 90
10 96
99 55
11 29
9 82
52 54
3 68
32 60
53 79
52 38
37 15
11 32
3 1
33 56
24 89
32 42
33 9
3 70
67 53
18 75
82 30
34 19
33 10
13 46
32 5
3 78
73 76
19 21
32 73
69 43
69 61
19 26
37 35
9 51
32 57
3 95
9 48
10 84
1 6
24 77
53 14
67 66
32 25
89 49
20 52
87 18
