97 98 42 57 54 53 56 96 55 15 41 3 26 2 13 28 7 34 20 38 18 23 10 49 33 0 43 32 47 24 37 44 91 19 8 51 61 46 88 6 93 4 80 17 63 95 50 84 11 58 79 83 9 90 29 76 30 66 60 59 81 14 69 12 64 75 62 45 92 5 86 1 94 35 67 16 65 82 40 77 70 48 78 22 87 36 89 21 73 31 72 27 74 52 85 25 71 39 68 
21 75
22 78
21 10
10 54
17 68
23 79
13 59
30 7
20 74
10 53
4 42
25 83
8 49
13 60
98 32
9 51
3 39
29 92
21 76
2 38
24 82
20 11
27 88
20 73
7 48
16 66
23 21
32 22
11 56
6 16
18 70
0 33
18 13
23 80
18 69
3 6
3 12
25 84
31 26
11 55
5 19
27 28
15 64
1 15
27 87
31 95
16 65
28 90
24 8
15 63
22 77
5 44
6 45
0 2
28 89
1 36
7 4
6 46
0 34
5 20
31 96
18 30
20 0
18 9
32 24
3 40
25 17
2 37
14 61
17 67
15 27
26 86
14 62
26 85
8 5
0 1
32 97
16 25
12 58
16 23
1 35
13 14
5 43
26 3
19 71
19 72
4 41
1 29
24 81
4 31
12 57
15 18
29 91
7 47
30 93
30 94
9 52
8 50
