97 94 93 96 98 92 95 10 61 15 3 53 44 83 66 21 99 13 81 41 72 11 38 19 12 65 82 80 29 45 2 52 25 63 31 22 75 74 51 16 71 87 59 9 20 60 76 54 0 69 78 88 6 28 55 64 1 49 67 70 17 84 4 35 90 39 73 56 36 91 77 33 8 18 50 37 7 47 24 68 30 23 46 26 89 48 34 79 86 14 40 58 43 27 42 62 32 85 5 57 
34 3
92 56
21 90
7 47
17 78
85 64
5 40
98 48
42 5
95 70
24 98
16 75
43 6
4 39
51 8
14 67
70 59
14 68
11 60
2 31
86 37
88 21
36 28
37 4
19 82
35 30
20 1
9 54
7 46
13 65
77 51
32 42
95 55
19 83
12 61
92 22
0 26
24 97
20 86
33 69
2 33
36 77
38 88
11 58
16 73
27 0
2 11
23 96
99 24
62 12
0 25
2 9
5 41
15 71
97 62
48 43
9 52
65 29
6 45
22 93
69 14
9 53
27 80
61 32
77 17
48 7
98 34
99 84
21 89
8 49
76 27
15 72
51 92
32 2
3 36
64 13
62 94
10 57
94 23
84 19
22 91
20 87
4 38
59 74
23 95
6 44
56 10
12 63
99 85
70 15
85 20
17 76
3 35
8 50
66 79
96 81
74 16
23 18
13 66
