46 20 28 48 49 27 24 11 47 6 0 8 16 25 19 2 4 29 3 26 45 14 5 12 15 21 17 1 22 23 7 10 18 13 30 50 9 72 73 69 77 57 68 53 78 52 61 65 58 60 63 74 64 76 51 79 67 40 54 81 44 71 55 80 56 66 62 75 82 83 84 85 86 34 87 39 88 89 90 36 91 42 92 93 94 32 95 31 96 97 98 35 37 41 33 43 38 
98 74
36 37
34 41
11 49
30 36
13 12
46 48
76 73
58 75
82 81
46 45
91 87
95 96
50 29
6 1
39 46
98 94
94 93
9 14
41 52
12 19
22 21
29 35
63 56
4 9
92 97
83 80
0 7
24 30
41 40
20 13
90 89
4 3
16 23
26 32
84 83
73 72
61 64
54 51
74 78
26 33
62 61
28 27
96 91
36 43
29 22
6 0
93 90
61 60
9 8
22 17
56 53
46 47
68 69
68 65
80 88
17 16
91 92
24 25
14 20
13 26
90 86
65 66
32 38
35 28
16 11
87 84
10 5
77 76
31 24
82 85
11 4
20 15
26 31
67 71
8 2
98 62
81 77
57 55
44 95
86 82
11 10
36 42
56 50
12 6
64 67
37 44
29 34
38 39
50 54
54 58
80 79
12 18
53 57
60 63
64 68
