38 37 36 82 35 34 33 32 2 11 15 81 41 31 30 29 28 27 83 6 80 3 75 26 74 73 25 24 72 19 71 23 70 69 22 21 68 44 67 20 79 9 66 47 39 7 65 13 64 78 1 63 4 62 99 8 61 98 46 60 17 97 42 96 95 59 12 58 76 94 93 57 45 77 92 48 18 91 16 56 90 55 89 5 54 88 87 53 43 10 52 86 0 51 85 40 50 84 14 49 
25 0
28 81
48 7
43 25
87 54
55 10
11 60
59 11
9 53
24 98
95 23
69 14
88 21
17 77
61 82
15 71
81 18
12 62
93 39
16 75
99 44
82 19
23 94
16 74
78 17
72 15
2 31
13 65
55 61
7 46
24 97
33 73
54 9
1 30
67 95
2 33
49 8
99 24
3 35
20 87
23 96
53 55
3 36
51 28
15 70
22 92
27 93
8 50
66 13
21 90
17 76
93 59
60 78
22 91
9 52
14 67
61 12
28 1
20 86
13 64
42 5
6 45
5 40
80 88
14 68
51 85
73 16
21 89
32 42
18 79
29 37
0 26
27 32
98 69
10 57
56 38
0 27
6 43
5 41
85 20
32 2
67 48
10 4
8 51
87 72
19 83
19 84
12 63
93 22
34 3
29 66
11 58
10 56
18 80
1 29
7 47
28 34
27 49
44 6
