87 81 78 17 74 49 8 59 40 54 48 19 30 44 88 71 63 93 51 62 92 22 57 85 2 15 65 3 58 68 33 12 77 43 82 41 52 26 25 91 6 27 67 55 34 10 60 23 37 45 99 36 16 35 53 9 98 97 76 47 61 96 4 
27 37
59 22
37 59
76 98
45 4
82 55
96 63
43 67
26 78
58 48
25 9
99 15
25 16
81 71
25 68
26 35
67 87
92 8
59 34
58 85
35 43
27 93
58 3
85 41
93 44
43 61
62 19
49 26
88 10
8 81
36 91
92 77
96 60
47 33
87 25
61 76
87 2
10 47
61 17
43 88
47 58
35 36
27 97
85 52
58 30
54 65
27 40
53 6
67 57
25 23
61 82
85 74
60 53
27 96
58 51
27 45
49 27
58 62
10 54
15 49
59 12
25 92
