98 92 75 96 89 93 90 80 62 95 97 83 78 55 87 59 94 86 91 70 58 72 84 88 71 56 85 61 79 65 81 82 77 76 74 64 69 60 68 73 57 63 67 66 12 54 9 41 10 37 27 7 38 32 36 49 1 40 45 16 11 53 17 52 21 43 6 44 20 26 42 39 8 50 23 46 34 2 22 51 47 29 13 31 48 5 30 18 35 4 0 15 33 3 25 28 14 24 19 
23 79
10 53
22 78
5 44
31 19
17 68
3 13
20 18
32 3
17 28
28 14
4 42
3 8
31 96
1 36
9 51
6 45
8 29
5 20
0 34
25 2
13 60
4 27
3 40
28 89
24 82
26 85
17 67
26 86
32 15
8 5
27 88
16 66
20 73
19 72
8 22
20 4
5 43
18 69
23 80
3 24
22 17
25 84
30 93
9 52
8 50
13 59
27 87
8 12
23 11
22 77
15 64
10 54
29 25
15 63
29 91
27 9
21 75
11 55
20 74
3 39
6 46
29 92
25 83
98 32
8 49
21 76
32 30
2 38
14 61
2 37
14 62
22 21
7 48
5 31
32 97
12 58
11 56
6 23
1 35
19 71
4 41
18 70
0 33
29 7
24 81
29 1
4 26
7 47
24 6
9 0
28 90
30 94
11 16
31 95
16 65
12 57
0 10
