9 52 15 1 11 63 27 30 12 6 24 26 44 17 46 60 7 25 18 59 47 2 22 49 65 14 56 0 3 31 16 53 41 5 64 28 39 37 61 54 10 45 20 13 40 57 4 36 43 48 23 50 51 32 62 34 55 33 8 21 38 29 42 58 19 35 
57 58
28 34
12 13
3 6
61 62
14 16
2 3
59 53
27 28
14 17
43 42
22 23
3 7
34 33
3 5
23 24
45 46
65 64
12 22
44 45
55 56
14 15
28 29
45 49
27 43
41 40
52 51
53 54
65 0
31 32
45 48
8 9
13 14
35 37
64 60
44 50
35 36
8 11
14 19
42 41
53 52
60 59
8 10
1 2
1 12
26 27
37 38
29 30
45 47
51 44
13 20
12 25
27 35
14 18
29 31
2 8
51 26
60 61
52 1
3 4
20 21
38 39
62 63
56 57
54 55
