67 64 65 76 82 4 81 92 95 80 1 72 3 87 97 9 5 2 93 75 84 85 6 83 7 8 71 10 11 78 12 79 77 13 14 90 88 98 99 74 86 89 91 54 21 57 55 56 61 20 16 42 43 44 45 46 47 48 50 51 52 53 22 23 29 25 26 69 27 68 28 30 31 32 34 35 38 59 60 70 19 18 
70 45
5 12
32 1
7 61
55 71
30 38
14 86
65 28
68 9
32 13
29 90
12 18
26 42
99 60
67 75
89 11
7 48
25 83
59 26
26 21
30 8
5 68
7 77
91 52
4 23
59 14
64 47
5 2
71 88
95 55
25 27
64 16
18 93
54 34
26 53
65 19
2 35
26 30
32 92
28 54
19 64
88 31
95 7
60 59
2 65
25 79
84 29
77 57
8 69
82 76
93 46
59 95
10 67
20 22
21 5
21 89
2 82
82 72
13 3
14 74
69 4
93 78
7 70
65 20
64 85
59 98
12 44
6 25
2 81
5 51
97 10
38 6
38 97
68 87
97 43
99 80
68 91
11 32
54 84
81 56
74 50
