94 92 22 93 4 10 13 5 8 15 34 31 26 17 30 2 28 9 23 29 14 33 20 27 24 16 1 6 12 0 25 3 18 96 58 97 57 98 81 99 62 59 60 64 65 66 63 77 67 75 76 78 82 79 80 85 86 83 84 88 89 90 87 68 69 70 91 72 73 74 71 38 36 37 44 40 42 43 45 47 48 49 50 51 52 53 54 55 56 
18 17
17 28
87 98
87 70
44 43
31 27
96 67
20 9
4 48
78 59
48 89
66 56
10 51
24 42
64 33
12 91
5 6
10 20
3 44
99 87
27 80
26 40
60 55
28 30
80 94
38 24
24 23
13 75
69 85
55 88
18 93
4 2
14 79
15 14
86 69
96 97
22 13
10 3
64 34
3 92
31 77
56 38
8 12
23 25
28 29
52 72
1 4
14 10
70 66
22 53
43 82
88 1
2 0
55 63
8 49
67 54
45 18
37 68
59 65
1 5
85 78
70 83
23 81
6 16
5 90
98 62
3 76
47 60
67 86
62 47
23 15
22 45
96 71
26 58
30 74
36 52
59 36
12 50
26 31
72 84
84 64
6 8
18 26
15 96
67 57
69 37
50 73
55 22
