7 18 14 19 1 20 21 77 73 22 11 23 24 43 25 51 10 26 54 27 28 61 29 48 30 57 31 0 32 49 15 33 34 79 35 64 36 46 16 96 37 38 52 39 62 56 40 41 53 94 42 68 55 88 8 45 89 63 6 4 97 59 67 74 92 69 60 50 13 85 70 78 93 58 72 47 81 71 44 9 66 95 83 65 75 91 84 87 82 99 80 12 90 76 5 2 3 98 86 17 
30 31
65 66
78 79
72 73
82 83
72 69
28 23
41 42
74 75
32 54
31 60
21 22
54 55
48 49
69 70
23 96
96 97
93 94
33 34
76 77
57 58
46 47
4 90
50 51
24 25
1 72
45 46
1 0
9 10
31 48
3 4
2 3
39 40
26 27
10 28
31 32
57 56
81 82
8 98
37 38
70 71
61 62
94 95
4 5
13 14
28 29
86 87
51 52
45 65
4 57
10 11
49 50
38 39
52 53
76 67
62 63
16 17
23 24
84 89
99 1
1 2
25 26
85 84
14 15
56 45
18 19
67 68
91 92
90 91
40 41
56 93
87 88
20 21
4 20
85 86
34 80
7 8
5 6
32 33
34 78
42 43
29 30
43 44
15 16
35 36
34 35
58 59
9 85
63 64
8 9
73 74
11 12
80 81
12 13
29 76
36 37
17 18
60 61
6 7
