10 71 31 1 12 18 73 86 82 66 16 75 78 77 17 25 81 9 70 29 74 19 0 80 68 4 69 87 88 11 30 67 84 8 85 79 2 22 83 76 15 72 21 6 26 7 27 28 5 24 14 20 23 13 3 36 57 56 65 39 63 47 53 61 32 54 59 51 60 44 46 34 40 35 52 41 42 43 33 64 45 49 58 62 37 38 48 50 55 
72 45
38 39
31 32
46 47
55 73
48 59
60 61
35 55
50 86
38 37
49 56
5 6
40 41
78 79
11 12
23 7
11 77
15 16
32 80
68 69
2 15
29 30
61 87
65 66
61 62
43 44
45 13
59 60
9 38
59 42
26 27
20 19
11 25
7 20
58 71
32 33
11 10
24 40
62 81
39 70
2 3
54 53
51 52
78 65
42 49
23 64
6 58
35 48
41 36
16 29
20 21
25 26
42 67
1 2
62 8
1 0
58 35
13 14
24 50
45 46
10 9
62 63
11 75
5 4
42 43
58 31
77 76
16 78
6 34
84 85
23 24
82 83
72 23
16 17
71 72
17 18
23 11
24 68
13 1
88 5
9 84
38 54
50 74
68 28
31 51
56 57
65 82
21 22
