39 37 38 22 36 16 30 32 21 15 14 18 29 6 26 27 4 12 2 25 8 33 13 28 11 7 9 19 34 24 23 31 3 0 54 55 56 57 58 59 60 61 62 63 64 65 66 67 68 40 70 71 72 73 75 74 77 46 78 79 76 81 45 83 82 44 53 86 87 89 52 43 90 84 88 51 93 42 91 95 50 92 97 94 98 49 99 96 41 48 47 
9 52
89 55
94 45
86 76
7 48
45 87
86 95
21 88
28 71
93 91
0 25
96 23
74 43
11 59
94 77
13 14
12 11
2 31
14 6
19 82
4 39
49 8
53 41
6 44
7 46
66 38
83 32
18 81
88 74
24 97
99 24
21 89
97 54
9 53
59 42
47 40
24 18
12 63
8 50
23 0
97 56
74 16
11 60
66 13
21 90
16 75
37 68
0 27
97 78
53 83
97 62
62 12
36 3
53 57
74 30
14 67
13 64
97 36
24 98
16 73
75 92
42 29
4 37
12 61
70 15
13 65
23 94
46 86
97 93
19 84
46 66
32 2
3 34
66 49
87 79
8 51
4 19
24 7
0 26
99 33
38 4
54 9
54 70
15 22
9 21
54 96
15 72
30 28
11 58
7 47
