66 31 0 1 33 56 2 74 34 47 75 35 3 36 57 55 4 77 9 37 38 78 5 68 40 7 60 41 8 81 10 82 42 58 11 43 83 63 12 44 64 85 13 46 86 87 15 62 88 17 89 90 18 49 19 91 92 50 21 22 28 54 23 95 24 96 53 97 98 26 99 27 51 52 
99 46
75 85
54 81
38 2
43 78
2 43
0 86
5 9
2 15
2 11
1 8
0 24
1 77
75 74
36 12
86 54
46 92
92 41
47 62
36 35
92 49
33 95
10 3
3 91
74 37
47 58
86 57
38 96
0 38
85 13
7 28
52 44
2 27
92 47
75 66
46 52
2 26
57 21
43 97
2 89
68 75
24 1
46 17
0 68
82 22
41 4
90 5
41 0
10 31
66 56
50 42
12 53
46 64
2 50
10 82
82 51
11 7
53 33
58 55
77 60
46 36
34 98
75 10
11 23
96 18
50 87
92 90
10 19
57 83
38 63
68 40
82 34
2 88
