71 0 72 73 74 75 76 77 19 78 79 80 1 82 83 84 85 86 87 88 89 90 91 92 93 15 94 3 95 11 96 97 98 99 7 9 20 16 4 12 17 14 5 8 6 10 13 21 2 22 43 44 45 27 23 28 24 25 26 32 29 30 46 47 31 48 33 49 34 35 50 36 51 52 37 38 53 54 39 40 56 41 57 58 59 60 61 62 63 64 66 42 67 68 69 70 
33 70
14 40
40 83
51 94
43 0
61 35
52 95
53 87
43 77
76 33
53 96
17 43
53 10
46 12
53 27
93 67
4 38
20 63
84 58
40 3
52 26
19 45
45 71
35 78
25 59
31 74
56 93
11 54
13 47
14 57
56 22
54 97
78 44
14 48
76 42
38 64
36 79
54 28
73 30
15 52
36 62
25 51
38 75
56 82
54 91
66 92
53 90
54 17
36 2
35 1
72 46
48 5
5 39
24 61
47 4
32 66
51 14
71 34
33 7
84 50
48 85
58 24
75 49
43 6
39 76
3 37
57 23
47 73
35 72
62 25
54 88
73 36
43 86
54 80
59 16
47 84
99 56
45 8
64 21
35 9
54 20
16 53
23 60
64 98
25 68
75 41
56 19
66 29
5 31
56 13
45 11
75 32
46 89
49 15
35 69
