49 62 17 63 9 64 65 48 66 15 67 10 68 14 69 34 70 0 23 71 72 51 47 73 41 74 75 50 76 19 77 26 78 40 79 8 80 4 81 42 82 39 83 84 24 85 2 86 21 87 6 88 32 89 45 90 25 91 18 92 30 93 35 94 1 31 95 36 96 43 97 29 98 99 11 44 16 12 27 7 13 3 20 5 28 33 22 38 46 37 52 53 54 55 56 57 58 59 60 61 
26 19
1 56
1 69
22 23
0 51
2 86
21 14
2 83
3 93
0 7
1 54
23 25
32 28
0 42
2 8
1 70
3 95
0 48
0 36
0 40
1 57
0 44
1 67
0 33
0 50
72 2
1 0
2 80
1 63
0 52
2 90
17 4
7 17
0 35
21 22
18 32
24 11
2 1
18 6
0 46
3 97
19 20
9 13
1 58
2 76
0 37
99 3
2 73
3 94
3 96
29 10
0 45
0 34
1 64
0 39
2 84
2 74
4 30
1 62
2 81
8 26
2 77
2 79
3 98
2 82
0 47
1 65
2 89
24 27
21 9
0 38
1 68
2 87
18 15
1 60
2 29
1 55
1 59
6 12
0 41
3 72
2 85
30 16
20 24
30 31
2 75
10 5
1 53
3 92
1 71
0 43
3 18
1 66
8 21
0 49
1 61
2 88
3 91
2 78
