47 48 49 50 1 51 52 53 54 55 56 57 9 58 4 59 60 61 20 62 17 63 19 64 65 66 67 18 68 8 69 15 70 2 71 72 7 73 14 74 13 75 21 76 12 77 6 78 16 79 80 5 81 25 82 10 83 23 84 0 85 3 86 24 87 11 88 22 89 26 90 27 91 28 92 29 93 30 94 31 95 32 96 33 97 34 98 35 99 36 37 38 39 40 41 42 43 44 45 46 
70 69
95 94
10 9
67 66
96 95
90 89
38 37
43 42
85 84
77 76
51 50
56 55
48 47
65 64
63 62
71 70
29 28
37 36
20 19
12 11
78 77
62 61
55 54
73 72
92 91
24 23
16 15
25 24
74 73
42 41
5 4
98 97
82 81
46 45
30 29
83 82
75 74
4 3
79 78
23 22
27 26
35 34
93 92
84 83
76 75
52 51
44 43
2 1
87 86
58 57
33 32
17 16
89 88
39 38
22 21
61 60
3 2
32 31
26 25
21 20
13 12
68 67
60 59
1 0
57 56
7 6
99 98
91 90
8 7
66 65
50 49
9 8
6 5
88 87
80 79
36 35
28 27
97 96
81 80
47 46
31 30
86 85
54 53
69 68
59 58
64 63
94 93
34 33
18 17
45 44
53 52
19 18
11 10
49 48
15 14
72 71
40 39
14 13
41 40
