64 6 23 2 22 46 39 63 31 44 27 29 37 66 30 8 17 26 4 36 51 11 65 13 53 9 15 38 33 56 48 42 21 24 5 34 3 14 54 20 32 57 0 40 52 59 45 7 16 12 19 10 49 58 1 47 62 43 60 41 35 18 61 55 25 28 50 86 69 77 71 73 81 84 92 99 83 85 91 79 82 98 87 75 93 74 88 68 70 67 96 95 94 76 90 97 72 78 89 80 
7 96
29 30
33 8
17 44
0 26
39 15
10 92
16 18
32 52
0 14
6 67
54 55
33 68
74 75
26 25
1 5
71 72
63 84
7 32
47 81
18 6
13 21
29 64
54 63
67 17
53 50
98 60
44 61
39 1
99 97
83 66
92 34
17 42
23 24
28 49
5 12
5 73
38 62
60 54
42 87
22 79
32 29
9 36
28 94
44 43
55 56
39 38
0 9
34 27
48 46
3 22
1 16
58 83
46 76
72 33
63 65
49 48
13 45
1 7
30 23
3 20
67 57
57 58
93 69
69 95
24 86
70 93
27 37
8 35
92 70
88 85
2 3
4 2
89 88
2 47
63 39
92 71
20 82
75 78
46 77
81 80
32 10
26 28
40 41
29 31
23 51
23 90
2 13
23 89
8 91
3 19
74 11
65 40
67 0
28 74
97 98
16 53
1 4
57 59
