2 6 51 7 54 21 0 12 28 59 52 56 53 34 11 40 43 55 47 45 18 13 39 19 9 49 57 50 38 1 20 42 33 24 5 46 35 25 60 41 36 44 16 3 27 17 48 10 29 32 14 37 30 23 58 31 22 8 26 15 4 73 82 78 80 79 77 67 95 89 85 91 92 83 87 98 76 94 71 86 70 65 88 64 63 81 66 93 90 75 72 69 99 62 97 74 61 96 84 68 
83 5
71 73
36 77
67 68
92 91
2 63
9 82
80 81
63 64
71 72
77 78
99 98
93 43
52 53
34 36
44 87
22 23
71 70
85 27
64 97
59 14
13 30
41 42
14 15
6 7
13 61
5 6
66 71
72 44
94 95
75 21
49 90
9 10
68 69
73 24
93 94
76 49
24 25
2 50
36 55
21 22
39 40
47 46
44 89
83 9
50 52
36 35
83 3
44 45
10 86
70 92
62 83
99 59
27 28
84 85
63 62
48 47
16 56
1 2
36 37
29 19
76 75
32 33
50 51
28 29
17 18
38 39
92 80
3 4
15 16
11 26
66 48
73 38
37 17
3 60
95 96
70 34
31 32
5 20
99 66
64 11
1 0
0 57
73 74
14 13
80 79
31 54
14 65
11 12
72 1
22 67
77 76
59 58
30 31
83 84
1 8
35 41
92 93
47 88
