32 28 70 37 71 55 59 31 53 74 17 34 75 76 54 1 48 51 5 14 79 20 3 81 41 47 82 49 0 39 44 24 67 9 30 60 85 23 18 86 40 2 87 88 25 4 29 13 12 33 90 91 19 6 56 15 22 62 11 94 99 8 38 63 96 46 57 98 10 61 
24 67
13 56
81 44
30 81
63 14
74 51
9 10
28 70
46 71
17 22
5 24
13 60
88 90
54 57
51 13
46 32
67 20
71 98
8 62
15 11
10 37
49 48
81 25
5 33
6 88
6 1
13 76
47 61
3 17
40 96
63 23
9 6
22 59
34 40
13 63
56 38
17 0
32 39
14 12
59 91
30 85
24 34
30 29
46 8
24 41
34 46
34 47
23 94
6 4
14 18
55 79
30 5
76 30
6 2
33 54
18 87
37 31
14 3
8 28
8 49
25 82
14 55
55 9
90 19
37 75
14 15
99 74
47 53
90 86
