79 64 61 86 57 85 59 84 68 56 82 88 8 89 60 67 93 77 54 83 49 81 80 98 73 63 94 96 58 71 95 62 55 1 7 66 5 72 3 50 10 4 51 90 76 9 78 0 70 99 75 91 87 52 6 74 69 97 2 65 92 53 16 26 20 39 43 25 13 38 31 11 46 14 15 17 41 30 47 28 42 34 45 36 29 22 40 27 32 37 18 35 19 24 23 21 33 48 44 12 
1 54
26 42
7 36
5 22
24 88
6 65
98 19
1 66
42 40
63 51
6 98
16 52
16 68
12 15
20 30
1 7
12 83
52 79
11 8
0 50
1 13
3 70
5 2
13 93
6 44
9 23
12 4
9 48
1 69
1 21
14 5
8 31
14 89
5 62
4 96
43 28
99 35
32 78
4 97
35 12
9 53
19 90
48 92
20 77
23 24
29 86
7 82
13 9
9 41
8 1
15 18
48 56
8 10
9 55
1 84
20 39
33 26
99 11
11 32
13 85
15 14
26 64
4 76
17 63
33 43
0 27
29 87
5 57
35 6
6 94
7 59
40 74
67 17
0 47
20 67
77 3
0 49
17 16
33 25
12 72
21 60
13 34
28 81
3 29
4 75
44 33
33 0
78 71
23 95
3 38
3 80
16 37
25 58
6 73
20 91
19 45
13 61
5 46
9 20
