78 98 99 97 29 79 81 82 83 84 36 86 87 88 7 89 90 37 17 33 92 93 6 94 12 95 18 45 32 46 47 30 48 26 15 49 54 50 2 51 5 52 27 53 55 56 57 23 59 60 61 62 4 63 9 0 65 66 3 67 68 69 20 22 70 24 19 35 74 31 75 10 76 77 41 42 38 40 39 
38 46
88 53
41 48
29 30
55 17
69 31
42 10
30 7
22 61
78 2
5 70
22 57
78 63
42 92
37 79
29 15
42 81
87 93
69 60
83 69
68 40
0 27
47 86
22 0
41 66
29 3
46 90
22 87
86 98
38 12
47 78
10 29
99 42
15 97
61 74
15 47
86 49
53 62
79 82
48 20
99 35
42 32
99 50
17 84
46 54
54 68
56 41
19 75
94 45
27 51
69 89
22 38
54 88
49 26
47 65
42 83
15 95
55 33
99 19
29 37
97 76
54 67
15 77
30 36
70 24
5 6
42 5
42 22
22 9
87 94
97 59
61 39
69 55
83 4
29 56
69 18
90 23
48 52
