56 55 99 98 97 96 95 94 93 92 91 90 54 89 53 88 87 86 52 85 84 83 82 81 80 79 78 77 76 75 74 51 73 72 71 70 69 68 47 67 50 66 49 65 64 63 62 61 60 59 48 58 57 10 46 22 45 30 19 38 5 25 40 32 37 12 35 28 24 31 13 23 11 1 8 36 14 41 2 27 44 7 26 43 33 0 18 15 4 34 21 42 39 29 9 3 16 20 6 17 
46 7
86 43
85 35
21 88
7 47
56 93
48 62
1 30
23 96
19 82
10 55
10 57
14 67
17 77
15 71
50 8
44 31
20 85
92 86
29 1
24 98
18 79
48 64
20 87
97 94
69 14
32 76
8 49
86 83
60 11
6 44
4 38
24 97
81 56
15 70
5 41
15 72
9 52
8 51
19 84
21 90
80 89
22 92
0 27
46 75
99 24
16 73
64 13
25 42
13 66
62 12
31 2
35 3
76 69
81 18
2 32
99 81
53 50
61 26
42 5
37 4
5 40
75 16
43 6
6 45
53 9
76 17
3 34
11 59
14 68
43 29
36 60
1 28
83 19
13 65
80 53
7 48
86 20
16 74
3 36
12 61
43 46
4 39
23 95
61 37
17 78
94 23
9 54
97 25
93 22
11 58
2 33
18 80
56 10
0 15
12 63
25 0
89 21
22 91
