71 74 65 69 63 62 56 70 30 57 59 58 55 61 60 72 73 68 67 66 64 31 82 27 0 25 91 19 96 49 17 40 99 41 51 77 29 42 4 47 7 90 24 93 38 48 21 28 84 79 1 52 22 3 44 16 36 85 43 78 26 95 10 50 92 37 88 89 6 23 97 11 86 13 39 33 14 2 8 35 54 83 15 46 80 12 34 94 87 32 18 5 53 98 20 76 9 45 81 75 
2 28
1 69
99 3
0 32
3 20
1 4
1 64
3 94
2 73
0 45
2 83
3 96
7 12
2 86
1 56
7 24
99 15
2 79
0 47
1 67
6 11
0 36
1 70
1 31
5 25
1 65
1 57
2 89
1 59
2 82
8 30
2 90
11 22
6 29
0 6
2 87
0 35
1 71
0 38
32 1
1 53
2 85
2 33
0 41
0 46
1 66
1 63
2 75
1 58
0 49
0 37
2 88
24 8
22 14
0 48
3 92
0 43
13 9
2 78
0 51
0 34
2 13
2 84
2 74
0 39
1 54
3 93
1 62
24 19
2 81
2 72
2 91
0 42
7 5
3 95
3 98
0 40
23 10
16 18
0 50
1 68
0 44
25 17
15 2
1 60
13 26
1 55
2 80
2 77
33 0
23 16
20 7
0 52
11 23
3 97
1 61
16 27
7 21
2 76
