1 2 3 4 9 11 5 32 20 18 16 24 19 7 21 8 14 27 15 10 28 36 17 6 23 25 31 33 12 13 35 26 71 73 74 75 76 77 79 81 86 87 88 89 90 91 95 96 97 98 99 38 39 40 42 43 44 46 47 48 49 51 52 54 57 58 59 61 62 63 64 65 66 67 68 69 70 
28 89
63 96
63 1
17 28
48 35
51 13
27 74
81 31
51 32
11 40
20 42
40 52
1 66
63 17
62 2
73 79
3 15
6 48
48 27
44 51
43 61
62 20
2 69
28 26
81 58
43 73
40 12
81 97
65 44
16 76
6 54
43 77
49 24
40 46
20 47
42 39
6 65
10 81
5 59
8 23
76 71
40 98
71 64
54 4
51 14
63 49
6 16
4 43
7 3
2 7
40 87
81 25
63 33
77 18
1 70
52 8
2 10
73 21
10 88
17 68
76 38
63 11
6 63
17 90
99 6
71 95
20 5
6 62
44 9
52 86
11 36
71 57
63 91
16 67
40 75
42 19
