37 38 39 26 40 41 3 42 43 23 44 45 46 21 47 11 48 6 49 50 13 51 52 0 53 54 55 4 56 57 58 59 60 61 2 62 63 19 64 65 17 66 24 67 25 68 69 70 27 71 29 72 73 74 16 75 76 77 15 78 5 79 80 9 81 1 82 20 83 84 10 85 86 22 87 7 14 88 89 12 90 8 91 28 92 18 30 93 31 94 95 32 33 96 34 97 98 35 36 99 
73 6
51 91
7 44
50 78
57 37
6 66
0 57
82 98
99 89
24 62
62 27
52 23
33 46
85 70
63 41
50 67
91 31
78 0
1 54
3 18
1 10
89 74
84 5
17 79
13 19
95 9
33 88
73 15
26 51
68 13
27 72
6 33
16 11
23 86
92 21
74 81
52 49
86 84
0 68
54 60
80 97
2 92
39 96
2 30
1 34
36 75
75 58
5 2
57 85
27 38
29 39
21 43
33 80
66 50
65 94
85 40
51 69
1 24
50 61
64 12
3 8
78 25
43 35
54 76
14 45
85 93
6 20
26 64
21 59
40 22
94 42
5 77
58 83
25 82
9 14
44 32
7 3
62 47
22 48
64 73
66 1
65 17
18 71
74 52
2 90
5 29
50 95
84 87
98 63
11 28
85 16
48 36
24 65
31 4
21 26
43 53
14 56
87 55
6 7
