36 1 21 43 9 59 15 12 64 3 54 16 10 6 11 8 58 13 26 7 25 4 52 19 17 28 32 20 49 14 18 33 2 30 39 44 5 48 24 51 29 35 56 23 40 37 60 63 31 38 42 61 27 53 34 55 22 50 57 45 62 41 46 0 47 71 86 77 78 70 68 82 65 92 89 66 73 76 67 75 99 88 97 79 95 91 83 80 94 90 87 81 96 85 98 93 84 72 74 69 
31 43
14 37
38 88
36 79
35 73
13 64
16 39
37 89
32 51
32 52
33 54
1 0
39 95
37 83
22 23
14 36
37 81
36 76
39 93
17 68
34 59
34 62
34 60
13 66
31 46
2 1
3 2
35 71
8 7
36 80
39 91
24 25
14 38
99 40
15 34
17 70
16 41
17 67
31 45
5 4
6 5
28 29
36 77
14 13
12 11
40 97
9 8
33 53
38 87
33 56
38 86
32 50
14 35
39 94
27 28
35 75
19 20
13 63
15 31
37 82
20 21
40 98
11 10
4 3
7 6
40 96
38 90
13 65
31 47
25 26
32 49
33 55
16 15
35 72
15 33
23 24
33 57
18 19
40 16
34 61
37 85
13 12
15 32
34 58
10 9
16 17
26 27
16 42
36 78
39 92
35 74
31 44
17 69
17 18
15 14
32 48
21 22
37 84
29 30
