68 69 70 71 72 73 74 75 76 77 78 79 80 81 82 83 84 85 2 86 87 3 88 89 90 91 92 93 94 95 96 97 98 99 4 0 1 9 5 6 7 8 10 11 12 13 14 15 16 17 18 19 20 21 22 23 24 25 26 27 28 29 30 31 32 33 34 35 36 37 38 39 40 41 42 43 44 45 46 47 48 49 50 51 52 53 54 55 56 57 58 59 60 61 62 63 64 65 66 67 
38 33
1 74
0 57
0 45
1 77
27 19
15 20
3 13
0 62
6 25
0 69
0 54
0 42
1 7
0 66
0 51
1 92
0 53
25 2
26 28
22 21
1 95
1 85
1 17
13 10
1 80
1 90
5 18
9 27
21 24
40 9
28 3
9 36
4 29
0 65
9 12
0 70
37 5
0 58
4 32
0 52
40 41
1 93
0 56
1 75
8 15
32 31
0 43
0 63
0 49
1 98
1 94
1 81
0 60
99 40
40 34
16 39
1 87
0 71
99 1
20 6
1 89
0 64
1 96
1 91
6 37
1 82
1 22
20 23
11 30
0 68
39 35
0 44
0 59
1 78
0 47
0 48
27 4
0 50
0 72
40 14
0 61
17 38
1 97
0 11
7 0
0 55
40 26
1 88
0 73
0 46
0 67
12 8
1 86
1 76
1 79
34 16
1 84
1 83
