13 14 15 16 5 10 4 11 12 3 2 9 6 1 8 0 46 45 23 49 47 50 48 52 83 53 76 51 82 54 56 85 86 77 79 80 60 20 61 75 81 62 87 59 88 19 89 65 66 92 63 68 93 69 95 70 96 97 67 72 98 99 17 73 74 28 24 25 27 29 31 32 33 34 35 36 38 39 41 42 43 44 
2 3
79 10
6 93
73 47
72 27
51 86
17 43
54 73
28 16
92 98
15 39
97 88
52 50
2 66
93 79
83 92
80 68
67 53
76 52
68 5
54 59
99 61
19 1
16 80
27 6
79 14
56 85
59 9
1 65
48 12
46 83
38 82
8 74
69 89
0 49
67 4
67 42
11 60
52 19
20 13
67 56
15 32
45 81
48 69
83 75
93 0
38 77
93 33
44 29
70 96
54 35
97 45
11 31
83 97
38 46
59 11
6 63
53 17
97 72
28 54
34 38
11 48
73 62
82 28
61 76
49 25
62 15
85 95
56 8
82 41
72 51
15 67
99 34
65 23
9 24
99 87
12 70
82 44
46 20
47 2
29 36
