57 88 87 56 86 24 85 26 84 54 55 83 41 82 35 0 81 80 32 13 43 79 15 78 17 36 77 91 76 50 75 3 31 74 73 72 7 4 71 18 22 42 69 93 45 68 40 5 25 51 12 30 33 19 29 20 44 10 9 28 52 46 49 27 16 2 1 94 37 67 66 34 21 65 89 47 64 23 11 63 99 39 8 62 98 48 61 6 97 90 60 38 96 53 95 59 58 14 92 
8 97
29 47
26 22
14 21
43 1
14 80
23 72
15 38
57 13
10 9
64 8
29 77
47 34
27 64
77 58
13 26
13 73
60 15
31 51
99 6
32 50
51 93
48 90
66 27
39 71
26 3
76 52
20 89
28 56
36 7
4 76
21 95
40 46
51 36
20 42
28 31
26 17
28 74
15 62
60 59
14 67
21 79
10 14
36 68
55 54
68 84
68 85
8 32
26 12
39 63
6 75
27 28
10 23
26 44
23 5
6 20
58 37
28 65
38 92
74 29
75 49
29 83
20 43
42 81
14 78
13 60
20 53
61 30
20 57
39 11
86 87
6 10
6 48
6 55
60 86
64 25
10 66
4 94
92 45
21 16
31 61
36 24
6 4
80 69
40 91
28 88
27 82
6 41
88 98
78 35
43 2
25 40
48 33
75 18
20 39
23 96
26 19
27 0
