24 40 42 35 30 39 43 45 36 33 29 22 37 25 28 38 23 32 27 44 34 41 55 67 52 56 49 8 58 65 66 99 12 68 88 61 18 7 84 15 53 72 97 71 73 90 59 76 70 81 69 78 2 83 19 9 74 11 93 1 62 17 94 21 89 10 85 13 82 46 14 50 77 51 16 92 6 47 4 95 0 91 5 75 3 54 79 60 
7 62
0 7
4 36
11 91
9 73
8 67
10 83
10 84
7 59
5 46
3 25
4 40
8 68
99 12
7 60
4 38
12 1
1 9
9 79
2 22
1 0
10 81
5 43
6 51
6 50
5 41
9 77
3 28
6 53
8 69
7 58
3 29
6 56
0 3
10 82
11 95
1 11
0 5
4 34
2 23
2 17
1 15
4 39
5 44
0 2
1 13
11 92
6 52
11 89
9 74
1 16
2 21
9 75
8 72
4 37
6 55
1 10
2 18
9 76
0 4
8 65
5 42
11 93
2 19
3 30
3 27
4 33
8 70
11 94
11 90
1 14
8 66
6 49
6 54
12 97
10 88
5 45
0 6
2 24
5 47
9 78
4 35
8 71
0 8
3 32
10 85
7 61
