42 27 37 33 32 8 39 30 34 19 29 5 36 22 21 4 35 25 13 3 40 45 14 18 7 43 6 0 47 54 51 44 56 24 57 48 58 41 53 55 60 50 38 59 17 31 52 10 61 15 62 63 1 23 64 28 65 66 67 68 69 49 71 72 12 73 46 2 74 75 76 77 78 79 80 81 82 83 85 86 87 88 89 90 91 92 94 95 96 97 98 99 
64 65
32 31
33 92
24 23
22 46
58 72
29 28
14 63
17 77
6 38
62 29
71 90
43 82
58 60
14 66
31 36
10 80
10 95
52 83
4 3
18 62
55 57
48 43
83 13
57 76
59 34
79 5
23 7
95 91
42 81
57 94
0 6
77 64
85 10
95 98
55 30
18 40
24 75
1 61
95 73
4 17
69 0
99 32
40 2
8 1
43 52
14 24
98 51
82 55
7 41
69 88
42 8
66 85
52 71
5 49
48 27
0 86
52 44
36 48
63 22
72 79
96 50
57 4
66 78
24 21
74 35
52 14
99 42
33 74
57 89
47 54
40 58
66 15
32 87
32 33
80 69
65 47
48 68
66 96
22 45
49 56
50 53
13 12
22 37
50 67
18 25
85 18
57 97
78 19
80 39
54 59
