28 14 25 24 5 13 30 27 29 23 6 26 22 0 16 17 19 3 9 4 11 20 10 7 15 18 1 8 21 12 2 63 83 89 64 44 88 32 73 56 82 91 50 87 99 49 62 66 95 60 69 42 72 48 84 37 90 52 39 77 45 67 71 76 55 41 80 59 38 85 68 97 65 58 81 98 51 31 34 96 54 93 57 94 40 75 36 79 33 86 53 92 46 74 47 43 70 61 35 
44 41
15 12
69 59
44 30
4 88
14 8
96 21
4 27
68 38
19 55
5 54
5 35
3 19
42 91
98 3
4 52
22 43
38 76
79 23
52 34
89 42
6 69
15 81
14 5
6 48
7 37
10 71
23 13
9 25
14 82
63 24
42 45
4 93
46 56
13 84
79 77
52 33
4 64
47 9
46 32
17 92
62 44
46 87
13 86
21 40
5 89
64 15
10 95
38 39
42 29
98 79
6 98
6 72
19 4
71 18
19 66
21 6
89 49
82 73
4 51
64 80
52 68
91 2
63 47
19 31
49 94
24 85
98 63
3 22
4 0
21 1
52 46
94 75
27 53
16 65
25 57
49 28
13 74
13 97
7 26
39 70
50 16
23 58
42 7
22 14
24 61
6 36
79 20
80 60
46 17
86 90
24 11
43 67
39 83
5 10
38 62
99 96
51 50
