64 9 43 63 24 58 52 23 34 49 68 13 62 3 51 2 29 6 4 53 18 54 0 50 59 69 41 5 57 38 10 60 31 33 61 56 28 46 42 55 35 20 17 21 47 16 45 39 15 40 48 7 26 11 32 30 36 8 19 25 37 27 1 66 14 22 12 44 67 65 
69 0
0 1
56 57
15 16
50 51
16 17
20 21
28 29
33 34
17 18
15 47
10 11
23 24
3 4
38 39
15 45
8 9
68 67
30 31
22 23
53 54
21 22
34 35
36 37
15 48
51 52
2 3
44 43
61 62
67 66
25 26
27 28
11 12
55 56
19 20
13 14
7 8
4 5
66 65
65 64
29 30
40 41
60 61
24 25
26 27
35 36
37 38
58 59
57 58
31 32
69 68
1 2
14 15
18 19
15 50
43 42
39 40
32 33
64 63
54 55
6 7
59 60
15 49
9 10
12 13
52 53
15 46
5 6
45 44
