51 42 39 52 53 40 54 55 56 57 58 29 59 60 41 62 63 64 65 66 67 68 69 70 71 17 72 16 73 30 38 74 23 75 76 36 15 77 5 78 19 80 50 24 35 81 9 82 79 34 84 49 22 33 85 3 86 12 83 88 1 31 48 7 89 90 87 92 28 47 93 13 94 32 91 10 96 6 46 14 2 97 98 8 95 20 26 27 25 11 21 18 4 99 44 43 45 
30 86
16 51
19 80
2 98
15 50
2 91
91 3
20 26
5 17
17 35
35 66
30 62
14 76
27 59
12 47
5 22
9 44
97 11
4 34
2 96
33 16
17 52
96 10
5 30
35 90
2 94
36 28
2 92
9 71
8 70
13 32
34 89
21 14
13 75
10 45
25 27
5 13
7 43
18 79
95 8
3 39
32 88
24 36
1 29
17 78
21 81
5 41
99 2
93 5
9 7
3 6
13 48
36 67
8 33
4 40
25 58
2 93
33 20
7 21
2 97
33 64
15 77
31 87
4 68
19 54
18 53
28 60
28 85
68 1
24 57
14 49
32 25
6 69
22 82
6 42
3 15
26 84
4 18
20 55
31 63
12 74
16 23
2 38
2 9
33 19
11 24
34 65
26 31
11 73
2 95
23 56
10 72
98 12
92 4
25 83
11 46
