71 24 72 21 73 23 74 75 8 76 77 30 78 79 11 80 13 81 82 10 83 84 22 85 14 86 15 87 18 88 17 89 42 90 19 91 38 92 43 12 93 66 16 94 47 95 53 96 57 97 40 20 98 55 99 52 59 56 64 29 31 54 67 69 36 34 68 28 65 50 37 70 51 60 39 44 33 46 48 61 58 62 35 63 45 32 49 7 41 26 27 0 1 2 3 9 5 6 25 
48 47
46 45
99 98
18 17
64 65
84 83
59 50
24 23
94 93
25 24
44 43
81 80
31 30
22 21
60 61
26 28
6 5
75 74
50 49
45 44
15 16
77 75
63 62
27 25
19 18
0 1
87 86
38 37
7 8
89 88
39 38
14 15
23 22
62 60
80 79
51 56
32 31
13 12
24 26
85 84
96 95
72 69
55 52
92 91
33 32
82 81
42 41
68 67
43 42
12 10
98 97
60 59
49 48
56 55
30 29
53 54
50 51
73 72
40 39
0 2
91 90
57 58
10 11
65 66
41 40
10 9
71 70
97 96
47 46
72 71
52 53
35 34
2 3
83 82
90 89
55 57
29 27
12 14
93 92
22 19
74 76
67 63
74 73
19 20
36 35
5 7
95 94
17 13
88 87
62 64
1 6
86 85
69 68
37 36
76 78
34 33
9 0
79 77
