9 39 13 36 28 27 14 25 62 40 23 38 0 37 59 33 65 34 8 44 10 51 64 18 50 16 58 32 48 55 1 52 35 60 20 24 42 49 5 15 47 17 54 56 43 2 11 19 46 30 3 21 7 29 4 12 57 22 6 45 31 26 41 63 61 53 
7 12
0 1
13 18
46 50
4 7
28 33
4 9
55 59
49 54
37 41
40 45
52 56
22 26
10 15
22 25
0 2
25 30
40 44
52 57
31 34
16 20
43 48
49 53
34 37
61 64
1 4
13 17
7 11
25 29
13 16
65 61
28 31
37 40
28 32
46 51
43 47
10 13
25 28
58 63
0 3
49 52
55 60
43 46
61 58
10 14
34 39
4 8
19 23
1 6
19 24
34 38
58 55
7 10
16 21
58 62
22 27
37 42
19 22
31 36
40 43
1 5
61 0
31 35
16 19
46 49
