6 17 4 10 12 20 7 16 2 9 15 0 14 11 13 18 1 5 19 8 3 48 81 49 82 50 83 84 45 40 85 56 86 42 87 88 31 47 89 23 90 91 32 92 26 93 94 95 37 21 36 22 53 46 34 28 30 39 51 43 25 29 35 24 44 52 38 54 27 41 55 33 57 58 59 60 61 62 63 64 65 66 67 68 69 70 71 72 73 74 75 76 77 78 79 80 
35 46
92 91
19 32
75 88
79 78
13 10
26 29
43 42
0 1
83 74
13 14
1 2
83 90
75 69
84 85
95 79
24 25
73 84
63 59
32 0
29 30
67 66
95 92
47 39
56 57
4 3
72 67
69 64
59 61
23 24
5 7
46 47
7 58
47 48
18 19
80 77
38 52
35 38
11 12
23 18
32 33
77 76
74 87
8 9
48 49
13 11
81 82
36 37
26 27
36 40
60 5
5 8
14 15
51 93
84 86
58 55
4 21
77 81
26 28
61 60
4 20
47 54
80 94
64 63
84 89
29 43
66 68
25 13
27 31
21 23
18 22
27 17
79 80
82 83
67 65
46 53
29 44
17 16
72 73
11 36
5 6
58 62
5 4
49 50
37 35
42 41
55 56
67 71
27 34
84 75
50 51
78 72
79 70
18 26
34 45
