7 8 10 11 12 13 14 6 15 16 17 18 19 20 21 22 23 24 25 26 27 28 29 9 30 31 32 33 34 35 36 37 38 39 40 41 42 4 43 44 45 46 47 48 49 50 51 52 2 53 54 5 55 3 56 57 58 1 59 60 61 62 63 64 65 0 66 67 68 69 70 71 72 73 74 75 76 77 78 79 80 81 82 83 84 85 86 87 88 89 90 91 92 93 94 95 96 97 98 
22 78
5 44
6 28
10 54
23 79
22 77
11 8
98 32
32 6
10 53
13 30
1 36
13 19
12 7
0 34
3 40
28 89
2 37
4 42
3 39
29 92
11 0
29 91
24 82
21 76
26 85
17 67
31 23
7 48
32 97
28 3
28 25
6 29
0 33
5 43
18 69
12 26
2 16
23 80
4 41
12 57
25 84
28 15
3 24
25 31
31 95
30 94
13 59
27 87
28 90
24 14
16 65
21 75
15 63
17 68
20 74
19 10
22 9
6 45
25 83
11 5
3 1
6 46
13 60
31 96
14 12
2 38
9 51
32 27
8 49
28 11
14 61
14 62
20 17
26 86
20 73
11 56
27 88
11 2
12 58
28 13
29 18
19 71
16 66
24 21
18 70
19 72
1 35
24 81
29 4
19 20
7 47
30 93
15 64
9 52
11 55
8 50
29 22
