5 2 17 3 99 98 24 22 12 25 20 97 21 26 62 16 1 15 9 95 94 0 61 14 93 60 92 4 8 91 6 90 27 89 11 87 86 19 85 84 83 82 81 59 79 78 77 76 56 75 55 74 23 58 10 73 72 71 70 69 7 63 18 68 67 13 66 57 65 64 53 52 51 33 50 49 48 29 47 46 30 45 44 43 42 34 41 40 39 31 37 36 32 28 54 35 
73 40
8 53
2 12
50 39
76 59
53 57
41 22
47 27
3 70
47 32
72 48
2 1
30 36
46 44
28 45
20 87
10 51
47 86
81 55
20 77
39 11
69 64
20 26
2 72
2 43
37 49
34 13
48 63
72 75
45 9
5 74
47 2
43 24
47 61
99 50
4 42
46 21
49 14
11 67
45 97
50 6
78 17
74 15
2 82
3 37
20 52
75 5
50 47
34 68
16 93
79 54
3 8
60 84
22 69
47 3
23 98
69 25
93 95
66 31
16 76
42 33
2 92
76 62
10 78
94 58
58 10
49 90
34 29
3 4
10 91
11 28
28 30
63 35
16 23
53 85
63 94
46 65
46 41
58 81
16 73
16 66
32 34
61 18
78 83
20 79
3 71
3 46
5 16
23 19
16 20
37 7
69 89
4 0
60 56
46 60
