88 4 85 95 1 2 97 89 99 94 90 0 91 87 93 92 86 98 96 3 36 13 34 62 60 42 48 41 47 26 33 49 31 20 45 5 58 40 14 12 32 76 70 37 10 68 51 15 38 67 54 59 17 7 25 63 6 22 23 8 28 55 83 57 77 61 84 30 82 29 78 11 81 19 69 46 66 71 53 79 39 52 75 35 65 9 74 24 72 56 73 44 80 43 16 64 21 50 27 18 
50 60
31 21
99 98
34 33
45 55
67 77
68 78
42 52
9 8
80 90
70 80
21 11
32 42
24 25
52 62
26 27
91 92
43 53
15 16
47 57
33 43
4 3
14 15
53 63
17 18
28 38
1 0
23 22
10 20
40 50
78 88
22 32
47 46
8 7
85 86
20 30
11 12
36 35
34 54
79 69
41 31
88 87
55 64
41 51
61 71
59 49
89 79
0 10
5 4
73 74
12 13
82 83
62 72
25 26
92 93
60 70
81 82
98 97
39 29
37 47
46 36
69 59
19 9
6 5
3 2
49 39
97 96
43 45
90 91
40 41
58 68
46 56
35 44
7 6
84 85
48 58
45 65
15 24
30 40
74 75
83 84
75 76
72 73
57 67
71 81
35 34
13 14
18 28
24 23
16 17
29 19
2 1
51 61
96 95
56 66
95 94
99 89
27 37
38 48
