55 54 53 52 51 50 49 48 47 46 45 44 43 42 41 40 39 38 37 36 35 34 33 32 31 30 29 28 27 26 25 24 23 22 21 20 19 18 17 16 10 2 15 9 11 6 8 13 3 0 14 7 4 1 12 5 80 96 87 72 89 76 56 86 90 75 82 68 95 92 78 64 63 60 69 93 98 94 70 83 58 59 57 81 73 88 91 77 65 62 74 84 79 99 61 66 67 85 97 71 
45 6
24 98
68 14
40 5
10 55
46 7
7 48
35 3
47 33
99 83
2 32
94 23
61 56
5 42
14 67
20 85
66 90
4 37
54 92
34 54
20 87
18 79
75 16
12 63
19 84
78 17
56 10
1 29
2 31
33 2
34 59
17 77
21 89
10 57
82 35
99 24
23 95
64 13
63 68
1 15
22 91
25 0
5 41
15 70
76 25
23 96
15 72
45 30
11 58
18 80
13 66
20 86
19 82
9 52
16 18
9 53
8 50
21 88
11 60
83 78
4 39
7 20
74 62
15 71
62 12
1 4
25 45
16 74
0 27
73 94
92 22
3 34
0 26
6 43
12 61
8 49
6 44
18 81
1 28
97 40
22 93
0 8
13 65
14 69
24 97
76 75
4 38
83 19
3 36
16 73
59 11
7 47
54 9
9 21
30 1
8 51
56 46
17 76
32 64
