69 62 66 74 71 72 60 76 73 90 81 75 82 29 83 84 59 85 79 86 80 78 87 88 58 89 91 92 77 93 11 94 95 34 96 14 97 0 98 99 4 57 7 2 8 39 35 36 9 37 15 38 44 13 45 46 10 47 48 49 16 50 51 3 52 68 67 70 5 31 65 1 6 53 54 55 12 56 63 64 61 17 21 18 19 20 26 22 23 24 25 27 28 
44 31
98 86
48 49
67 66
78 69
36 28
94 83
57 61
55 56
34 44
48 39
59 63
36 25
94 81
36 26
86 96
9 14
78 77
67 59
9 13
81 80
17 9
69 67
9 7
5 6
48 38
17 16
51 48
17 19
55 60
86 74
36 35
57 62
1 2
59 57
36 24
98 79
24 23
67 70
86 85
51 52
86 76
86 75
74 73
7 12
81 90
48 29
48 37
36 46
94 93
78 89
7 8
7 1
24 17
67 65
9 3
81 82
24 22
59 64
36 34
57 51
74 72
17 21
59 54
86 78
17 20
86 84
5 10
98 97
7 11
78 88
59 53
48 47
48 36
1 5
17 18
9 4
67 68
36 45
1 0
86 95
81 92
28 27
84 94
67 71
57 58
51 55
17 15
81 91
98 87
99 98
51 50
