3 10 5 4 0 2 9 7 8 1 6 11 12 76 13 14 77 15 78 16 79 17 80 18 81 82 19 20 83 21 84 22 85 23 86 24 87 25 88 89 26 27 90 91 28 92 29 30 93 31 94 32 95 33 96 34 97 98 35 99 36 37 38 39 40 41 42 43 44 45 46 47 48 49 50 51 52 53 54 55 56 57 58 59 60 61 62 63 64 65 66 67 68 69 70 71 72 73 74 75 
9 58
0 78
0 95
17 45
0 75
0 69
0 86
5 51
22 29
44 3
0 64
24 54
0 77
20 26
16 40
3 33
60 47
59 20
1 36
0 83
30 27
0 71
14 59
44 12
5 10
99 0
0 68
0 74
49 50
11 28
47 39
55 49
38 14
0 80
0 82
0 76
0 79
44 4
50 34
58 57
0 65
22 18
37 30
0 87
0 93
24 32
0 63
0 73
30 48
43 1
0 84
27 38
0 24
0 25
25 9
37 53
9 11
24 35
0 92
37 6
0 62
41 15
0 89
40 19
41 37
0 66
0 2
17 31
5 42
20 17
52 21
0 96
0 98
18 44
42 22
0 91
56 60
54 23
0 85
2 43
61 13
0 94
37 5
0 72
40 61
16 55
59 16
7 52
0 97
11 56
0 70
0 90
0 67
31 7
24 41
0 81
4 8
1 46
0 88
