43 23 87 67 4 54 35 7 62 60 2 46 69 33 70 24 36 48 14 31 8 92 5 99 71 89 72 30 37 73 12 98 40 0 74 83 75 76 55 38 79 42 97 66 78 95 13 19 93 26 80 58 82 91 21 56 88 25 18 34 50 15 44 3 49 32 1 27 85 52 
56 18
98 93
37 15
37 13
69 66
71 33
74 72
79 24
83 3
69 83
42 36
69 74
12 67
92 55
37 92
60 79
69 26
74 7
82 2
82 23
91 14
70 37
74 91
69 12
37 52
92 73
95 62
87 76
78 27
35 85
35 8
42 70
95 19
74 43
78 38
79 50
79 54
31 87
42 69
82 31
12 56
42 34
31 88
52 40
83 75
83 58
74 80
99 82
76 4
35 32
89 49
98 30
67 5
37 97
67 1
60 42
35 98
67 0
78 95
79 21
80 44
83 46
70 71
31 35
67 89
97 25
67 48
69 78
35 60
