59 60 58 49 21 56 61 68 27 62 29 30 63 64 48 69 44 54 57 43 39 45 36 33 42 26 25 23 50 65 24 47 55 35 41 71 70 28 52 40 66 20 32 34 53 37 38 22 67 46 51 31 73 78 6 72 74 3 14 19 82 89 87 81 88 86 1 4 11 5 17 84 7 12 13 80 15 83 75 18 0 2 16 77 10 85 9 76 79 8 
81 62
30 71
8 53
50 27
14 88
0 10
0 2
59 74
55 0
78 21
89 87
89 59
75 7
46 68
40 77
4 17
74 35
1 43
34 82
54 84
0 12
7 58
67 48
22 66
30 31
33 78
53 28
35 24
7 29
66 83
2 75
71 79
70 47
41 80
14 57
18 49
20 81
58 25
72 18
11 32
0 9
49 33
28 85
41 50
41 4
3 72
24 69
26 23
80 51
79 54
18 42
19 56
73 41
18 30
86 1
25 65
70 86
3 52
8 76
13 16
50 20
50 26
58 39
86 37
0 15
65 45
51 40
30 13
4 36
10 19
51 67
0 5
79 14
11 64
81 34
26 22
29 60
43 46
0 11
59 55
16 61
19 73
62 38
0 6
76 44
70 8
10 70
0 3
62 63
