53 52 51 92 50 49 48 47 57 46 85 45 44 43 83 42 41 40 39 96 38 84 37 89 36 95 35 80 34 91 33 79 78 94 32 55 82 31 87 97 54 77 3 56 30 99 29 28 93 27 26 86 25 24 23 22 21 98 20 19 76 88 18 75 2 74 13 6 73 11 72 5 71 4 70 1 69 15 68 67 66 10 65 17 64 14 63 7 62 0 61 16 60 8 59 12 90 58 9 81 
16 75
10 55
42 5
14 69
5 41
35 3
20 85
0 27
11 58
6 12
1 29
15 71
88 81
78 17
11 60
21 88
75 59
3 34
6 45
24 97
99 30
90 21
69 78
7 48
56 10
5 40
9 53
2 31
32 2
47 7
20 87
86 47
23 96
83 19
94 23
12 61
7 46
8 49
25 0
0 26
4 39
19 82
30 1
74 16
78 56
15 72
99 24
15 70
13 64
81 18
12 63
17 76
46 43
4 37
14 67
60 42
43 6
24 98
50 86
50 8
18 80
3 36
12 62
10 57
16 73
17 77
49 38
8 15
89 74
68 14
51 90
43 32
86 20
19 84
67 65
21 89
22 93
80 83
23 95
54 9
78 54
92 22
8 51
2 33
52 25
60 94
6 44
9 52
69 35
18 79
89 92
59 11
65 13
38 4
22 91
30 50
1 28
13 66
40 68
