24 25 26 27 28 29 30 31 32 33 23 34 35 36 37 38 39 40 41 42 95 43 44 45 46 47 48 49 50 51 52 94 53 54 55 56 93 58 88 59 60 87 61 86 62 63 64 65 92 66 68 69 91 70 89 71 72 73 74 75 76 77 78 80 81 90 82 83 84 85 97 96 98 4 1 2 3 9 5 6 7 10 11 99 12 13 20 14 21 15 16 17 18 19 22 
13 12
84 69
99 84
72 71
27 70
24 14
10 25
18 17
34 33
10 9
38 39
50 51
62 60
70 53
84 83
64 65
50 54
85 82
97 96
47 46
55 56
36 34
39 7
55 50
87 88
87 24
62 61
88 74
96 98
7 5
29 32
88 89
38 37
5 6
82 80
75 77
86 85
25 20
61 58
72 73
19 18
69 94
95 92
20 19
75 76
29 30
33 35
20 21
25 29
63 62
20 63
84 86
89 90
1 4
42 45
34 42
38 47
46 48
25 27
66 68
20 3
37 36
24 22
12 10
86 87
83 78
74 72
19 44
39 23
18 16
42 43
92 93
63 64
34 49
7 15
88 97
18 2
39 40
65 66
25 28
58 55
50 52
80 81
92 91
14 13
99 95
60 59
42 41
98 1
25 26
24 38
12 11
78 75
29 31
