16 39 64 76 35 77 31 36 74 37 79 38 78 65 40 83 66 71 30 42 27 44 45 75 4 46 93 48 1 91 50 19 81 51 52 0 21 86 5 53 33 87 54 85 84 72 6 55 80 70 7 29 98 96 9 57 69 89 59 73 11 61 8 62 14 63 95 97 99 
62 61
1 0
36 37
76 75
19 59
14 42
74 73
86 85
5 14
98 97
29 30
33 11
99 98
38 39
11 35
77 76
27 81
4 1
7 21
21 64
54 55
31 93
50 51
5 6
71 70
79 78
72 71
30 31
45 44
4 5
52 53
9 27
37 38
80 79
29 87
16 46
11 4
78 77
84 83
16 48
16 50
63 62
5 16
75 74
65 66
97 96
35 36
96 95
64 63
53 54
9 29
81 80
64 65
39 40
46 45
85 84
6 19
73 72
99 33
87 86
4 9
51 52
9 8
29 89
6 7
19 57
30 91
70 69
