0 30 14 23 22 29 3 34 5 28 26 38 27 37 42 39 41 24 21 31 33 18 13 25 45 35 40 20 44 43 36 32 2 19 11 8 46 15 17 6 7 47 12 9 48 16 10 1 4 49 50 51 52 53 54 55 56 57 58 59 60 61 62 63 64 65 66 67 68 69 70 71 72 73 74 75 76 77 78 79 80 81 82 83 84 85 86 87 88 89 90 91 92 93 94 95 96 97 98 99 
60 11
6 45
19 82
35 3
28 48
73 57
48 7
89 25
83 88
35 81
99 83
0 27
82 73
65 13
20 85
39 28
16 75
32 60
4 37
88 21
6 17
7 46
10 12
2 31
16 74
3 36
49 8
24 97
18 79
32 2
15 70
90 93
85 95
45 52
10 56
12 61
9 54
10 55
36 39
43 65
21 89
67 14
44 6
95 71
22 91
87 20
57 10
13 66
5 41
74 87
99 24
20 86
83 19
14 69
89 35
28 1
17 76
17 77
8 50
73 16
67 49
12 62
13 64
23 94
81 18
24 98
65 42
82 44
42 5
55 32
9 53
22 92
2 33
5 40
6 43
52 9
71 15
11 59
4 38
3 34
95 23
0 26
14 68
19 84
93 22
1 30
39 4
25 0
48 67
17 78
1 29
8 51
7 47
12 63
15 72
23 96
21 90
18 80
11 58
