89 80 65 84 7 40 64 66 77 6 63 29 85 62 3 61 15 39 20 2 88 14 38 60 37 82 59 12 10 72 58 13 57 78 5 19 79 67 0 21 71 36 56 76 18 55 4 35 54 69 53 17 99 52 51 98 27 74 50 25 49 97 26 81 96 95 34 23 94 9 28 83 48 93 33 47 92 32 46 91 70 45 75 16 31 90 22 11 30 44 68 1 73 87 43 86 24 42 8 41 
3 91
0 32
23 18
1 60
2 73
16 8
3 6
2 71
2 83
1 56
3 96
2 84
2 81
1 64
2 79
12 15
25 12
3 86
3 2
3 98
1 51
0 40
2 72
18 22
3 85
1 52
0 36
1 57
2 77
1 62
0 21
15 16
0 29
5 7
1 59
3 90
21 23
0 41
1 63
2 70
2 68
13 11
0 46
2 80
0 43
3 97
0 35
2 1
2 9
3 92
1 58
2 76
0 37
2 75
22 5
0 34
99 3
2 66
2 78
4 10
0 30
1 61
24 13
3 94
2 74
0 39
1 49
1 54
0 42
0 45
3 93
25 24
2 82
20 17
2 69
3 88
15 19
25 20
0 47
1 65
0 33
3 95
1 55
0 44
3 87
19 14
2 67
0 26
0 38
1 50
0 31
9 4
27 0
1 48
1 53
22 25
3 89
2 27
0 28
