67 54 53 97 96 52 51 95 66 5 50 65 7 49 94 93 48 92 8 64 63 47 0 6 62 46 91 45 44 90 61 43 60 25 89 88 42 87 41 86 85 40 84 59 39 38 20 83 82 37 4 58 36 35 34 57 81 33 80 32 79 78 77 31 30 10 29 76 28 56 27 75 74 13 73 12 72 71 26 11 1 2 16 55 9 24 21 15 70 18 3 23 69 22 19 14 68 17 98 
21 75
8 50
9 23
5 44
9 11
27 20
32 3
10 53
6 46
29 92
85 26
25 83
31 96
1 36
13 60
98 32
3 39
32 10
2 38
12 2
1 22
11 0
20 73
24 82
3 27
3 15
17 67
12 9
19 5
32 97
16 66
16 13
0 33
18 70
19 71
23 80
24 81
32 4
4 41
6 21
5 43
12 18
27 87
12 57
13 59
15 64
26 24
17 68
19 28
28 90
22 77
15 63
16 19
10 54
6 14
20 74
23 79
6 45
28 89
10 16
22 78
10 12
3 8
2 31
5 30
0 34
27 7
8 49
30 6
9 51
4 42
3 40
21 76
2 37
14 61
26 86
14 62
2 29
27 88
7 48
18 1
12 58
11 56
87 85
1 35
18 69
19 72
14 25
3 17
25 84
7 47
30 94
30 93
29 91
9 52
31 95
11 55
16 65
