99 98 97 96 95 94 93 92 91 90 89 88 62 87 86 85 84 83 82 81 80 79 78 77 64 66 65 76 75 74 73 72 71 63 70 69 68 67 56 55 51 50 49 48 47 46 45 44 54 43 42 53 41 40 52 39 38 37 1 36 61 35 34 33 32 31 6 30 29 28 27 60 26 25 5 24 23 3 4 22 59 21 20 19 18 0 17 16 2 15 9 57 14 13 58 12 11 10 8 7 
92 93
8 21
34 33
51 57
99 65
50 51
0 5
87 92
9 8
39 30
28 36
84 83
80 75
51 52
81 80
25 29
65 66
90 91
27 34
76 77
60 69
84 85
44 45
75 79
76 82
69 70
30 25
52 59
64 63
1 0
80 89
37 42
71 72
40 41
21 22
77 84
78 86
6 23
14 15
77 78
17 12
98 81
39 38
89 88
5 14
42 43
12 11
50 54
15 24
88 87
9 10
12 13
34 35
94 95
11 3
2 1
53 61
99 98
25 26
48 49
35 44
59 60
62 67
1 7
18 17
40 39
55 56
3 2
26 27
52 53
56 73
74 40
0 4
26 32
89 90
5 6
38 37
31 48
65 64
63 62
83 96
15 16
67 68
58 71
2 9
19 20
55 50
64 55
75 76
59 58
96 97
73 74
85 94
27 28
18 19
30 31
46 47
49 18
33 46
