6 9 21 8 3 17 20 23 55 52 53 60 50 58 61 63 11 12 65 59 62 0 49 57 4 15 48 13 54 64 7 56 51 19 14 2 22 18 71 82 86 67 83 72 85 81 66 25 76 38 92 40 75 70 90 77 74 26 84 33 47 91 29 78 69 28 42 89 37 95 31 87 97 43 27 96 34 99 68 30 98 36 45 88 93 79 94 32 
25 87
54 59
64 19
63 66
57 69
19 76
57 78
58 11
37 9
23 31
42 57
85 97
70 71
70 23
6 7
31 37
55 51
7 8
34 93
56 88
25 26
18 79
95 96
71 6
56 15
66 17
23 22
47 55
65 56
77 25
47 49
54 30
84 38
86 84
18 90
19 20
6 48
85 70
37 42
13 75
47 14
90 43
17 34
27 28
52 94
83 52
20 21
42 77
27 47
69 67
56 53
59 60
47 64
86 0
19 3
62 72
66 40
18 83
79 50
68 4
84 74
37 98
96 18
32 33
52 68
59 81
56 2
8 32
66 65
33 91
59 45
74 12
52 92
25 58
65 27
83 82
13 54
70 63
12 89
66 29
27 61
62 85
74 13
83 86
99 62
72 95
52 36
