94 91 18 69 55 32 68 90 19 39 24 14 8 70 40 25 62 36 65 86 5 99 72 33 7 96 48 85 4 42 76 30 74 2 44 17 87 11 79 43 80 15 78 52 59 6 98 77 64 12 47 92 35 21 89 63 81 23 49 83 31 38 1 
11 23
76 40
99 63
78 33
39 36
43 8
25 76
87 48
43 85
91 55
43 78
39 17
47 38
76 80
85 64
44 32
63 70
11 7
11 79
35 91
79 74
44 4
63 86
87 81
39 62
72 24
78 5
78 42
23 12
96 14
43 15
90 2
63 25
62 18
90 89
96 6
90 69
92 59
25 11
72 87
1 90
11 31
43 47
31 43
47 72
35 77
11 98
99 44
76 49
96 94
77 30
87 21
91 19
25 1
96 65
80 92
87 83
23 35
72 52
31 39
91 68
77 96
