43 87 26 66 35 48 86 30 13 53 18 96 69 8 36 32 10 16 50 73 27 75 70 11 39 78 24 77 12 21 89 42 56 31 72 17 51 61 6 28 58 20 60 95 34 59 71 29 55 62 37 40 79 23 64 25 80 65 46 4 38 2 82 67 47 94 98 45 91 49 41 88 19 3 52 90 1 85 22 92 9 83 97 44 15 14 68 0 63 33 84 5 76 93 57 81 74 54 7 
70 73
1 97
45 48
8 6
17 16
16 19
32 35
56 58
84 85
86 89
16 18
48 50
82 84
12 15
22 23
0 96
40 43
87 90
38 41
26 27
74 75
33 32
7 8
98 2
57 60
89 92
70 72
53 52
18 20
9 12
13 11
88 91
62 64
83 86
98 1
38 37
51 53
27 28
41 42
42 40
43 45
45 46
11 14
98 0
91 94
44 47
52 55
76 79
27 29
20 22
22 25
36 39
97 95
1 3
60 62
78 80
7 10
2 5
43 44
34 36
90 93
33 34
62 63
1 4
80 82
83 81
23 26
31 33
12 13
53 54
82 83
14 17
62 65
54 56
74 71
22 21
56 59
22 24
75 78
31 30
66 68
68 70
68 67
54 57
64 66
84 87
29 31
74 76
60 61
85 88
39 38
48 49
66 69
5 7
76 77
48 51
8 9
72 74
