87 88 40 89 21 90 42 38 14 91 70 26 92 44 93 45 23 46 12 48 28 49 25 50 52 74 11 0 71 54 32 1 55 2 37 56 78 3 34 57 75 58 73 19 59 60 35 61 83 69 29 79 62 63 80 72 81 64 16 82 5 65 9 84 66 36 85 67 7 8 68 15 13 86 
25 12
91 86
68 40
90 85
5 2
85 75
78 61
28 56
50 25
72 49
52 26
81 67
70 44
72 48
26 13
79 62
3 7
7 14
29 58
46 23
90 84
74 52
84 73
83 70
32 16
67 38
93 91
88 80
38 19
93 90
80 65
14 28
23 11
14 29
93 0
71 46
92 89
65 35
65 34
73 50
75 55
70 45
88 81
42 21
84 72
85 74
29 59
66 37
1 3
11 5
87 78
80 64
66 36
19 9
75 54
7 15
89 83
91 87
16 8
69 42
83 71
82 68
0 92
92 88
78 60
79 63
81 66
64 32
82 69
2 1
28 57
89 82
87 79
