29 60 79 85 76 67 59 58 64 88 69 95 75 41 91 43 82 68 65 89 73 40 63 57 74 83 77 71 44 80 78 56 84 37 54 42 52 51 49 93 87 48 47 61 50 53 62 81 92 45 66 46 86 90 94 72 8 14 96 98 0 2 5 16 17 6 3 99 4 15 12 18 7 13 97 27 19 28 26 21 20 32 24 23 25 31 36 30 11 1 35 22 10 33 9 
76 2
91 42
49 19
99 6
11 71
92 31
17 33
94 74
88 76
51 79
92 20
42 28
1 8
50 78
94 49
76 58
2 11
75 69
44 90
8 44
9 61
75 37
41 65
74 43
8 97
82 54
4 50
44 85
29 47
4 40
11 68
96 57
54 98
6 1
30 29
2 56
3 81
50 64
99 77
29 5
40 21
94 73
4 26
60 63
2 92
82 94
30 91
24 30
6 36
2 22
54 17
17 72
60 62
71 18
76 66
75 82
46 27
22 53
2 84
68 80
58 9
47 15
30 75
8 86
2 96
4 59
36 23
49 45
29 7
1 13
50 51
47 67
6 46
11 60
3 4
33 89
42 32
22 16
53 14
99 24
9 87
61 10
53 0
75 95
13 48
29 52
2 25
75 3
93 12
5 93
54 88
51 35
22 41
4 83
