94 73 97 70 75 46 84 98 85 71 92 68 67 81 47 89 83 45 88 82 44 74 79 91 99 95 76 65 77 87 43 80 78 96 69 72 90 48 66 93 86 38 25 14 29 60 8 64 63 20 2 19 26 23 39 9 55 0 30 61 49 32 37 31 13 15 22 51 33 42 40 10 35 52 27 54 16 36 12 21 57 1 41 34 53 4 58 50 28 62 17 5 3 59 18 24 11 6 
74 62
42 61
79 53
9 6
88 86
57 51
67 54
42 25
96 81
46 5
92 52
1 10
72 73
15 2
97 95
99 60
15 34
24 39
46 92
32 27
1 46
97 33
38 55
65 1
54 35
19 74
70 19
17 29
2 21
15 24
79 0
98 36
83 48
24 32
34 91
42 9
60 8
49 12
40 28
49 76
38 83
65 70
15 71
1 98
44 26
47 37
35 44
24 11
94 79
18 58
81 65
18 4
2 97
19 87
29 66
65 89
21 63
87 42
2 78
22 88
9 18
60 15
38 84
50 57
55 72
19 3
38 69
22 47
94 90
35 75
50 96
24 30
73 93
34 20
67 38
75 94
34 49
42 67
89 40
2 50
22 80
34 13
46 41
67 31
70 64
43 85
76 45
39 16
10 17
29 82
18 59
63 77
22 14
10 43
17 68
75 23
17 22
