40 60 30 5 57 44 58 16 36 2 6 33 45 32 56 31 55 9 61 39 20 8 42 22 37 11 24 53 4 19 41 52 0 35 62 43 54 7 29 23 18 51 38 34 13 10 1 21 27 48 26 15 17 3 28 47 12 25 14 46 49 50 59 86 98 85 97 82 66 96 70 77 80 95 94 83 93 69 76 92 81 91 84 73 90 72 74 89 75 68 71 63 88 79 64 78 87 67 65 
21 75
10 53
22 78
28 90
13 59
20 23
3 19
3 20
31 96
13 60
12 17
3 39
2 37
4 42
5 13
21 76
28 89
8 49
14 61
17 67
3 40
26 86
13 2
23 80
12 58
0 28
19 72
18 69
7 47
25 84
29 91
5 43
30 93
1 15
23 26
22 77
32 21
29 31
28 29
10 54
17 68
11 55
5 44
6 45
20 74
23 79
1 36
6 46
21 11
0 34
29 92
25 83
21 6
14 9
98 32
9 51
2 18
32 24
20 73
32 30
24 82
17 14
10 7
14 62
2 38
16 0
27 88
0 8
26 85
4 41
7 48
26 25
32 97
32 16
11 56
19 71
16 10
0 33
1 35
16 66
18 70
24 81
15 3
17 4
16 5
16 12
2 27
9 52
32 1
30 22
30 94
15 63
15 64
31 95
12 57
8 50
27 87
16 65
