47 78 46 57 45 50 61 44 43 60 42 56 41 49 77 40 54 39 38 76 37 67 68 36 35 34 58 33 75 32 31 62 30 29 28 27 70 16 63 19 66 13 71 5 72 59 26 74 12 17 69 65 7 98 14 53 9 79 23 52 25 64 97 51 96 18 8 81 3 73 95 20 94 10 93 92 80 21 91 4 82 0 6 1 90 2 89 55 15 88 11 87 24 86 85 22 84 83 48 
22 24
17 68
32 3
21 75
4 10
6 45
15 21
1 36
18 29
1 17
0 34
23 27
24 82
9 16
0 11
32 97
12 58
11 56
4 9
11 7
25 30
14 62
20 4
18 70
3 23
9 22
5 43
9 52
20 15
12 57
23 26
8 50
12 0
16 65
28 90
24 8
22 77
10 54
11 55
30 94
28 19
8 18
23 79
5 44
20 74
28 89
10 53
22 78
31 96
25 83
13 60
98 32
29 92
8 49
9 51
4 42
3 40
21 76
2 38
2 37
3 39
6 46
27 12
14 61
17 67
6 31
26 85
7 48
27 88
5 28
20 73
26 14
26 86
5 6
25 20
14 5
1 35
16 66
18 69
19 71
20 13
4 41
0 33
23 80
19 72
0 25
5 1
7 47
24 81
25 84
29 91
26 2
13 59
15 63
30 93
15 64
31 95
27 87
