15 4 26 2 20 14 13 22 11 29 7 16 27 6 18 5 35 8 31 1 3 19 32 9 0 17 28 33 34 24 30 23 36 12 25 21 10 37 38 39 40 41 42 43 44 45 46 47 48 49 50 51 52 53 54 55 56 57 58 59 60 61 62 63 64 65 66 67 68 69 70 71 72 73 74 75 76 77 78 79 80 81 82 83 84 85 86 87 88 89 90 91 92 93 94 95 96 97 98 99 
32 31
99 98
91 90
79 78
9 8
68 67
60 59
98 97
82 81
46 45
30 29
72 71
40 39
67 66
6 5
45 44
53 52
19 18
11 10
78 77
62 61
10 9
71 70
64 63
1 0
90 89
38 37
41 40
23 22
20 19
12 11
5 4
33 32
17 16
70 69
92 91
24 23
16 15
43 42
85 84
77 76
51 50
2 1
86 85
42 41
74 73
96 95
37 36
29 28
49 48
15 14
73 72
55 54
56 55
48 47
94 93
34 33
18 17
25 24
84 83
76 75
52 51
44 43
61 60
3 2
97 96
81 80
47 46
31 30
83 82
75 74
66 65
50 49
22 21
57 56
7 6
93 92
35 34
27 26
65 64
63 62
26 25
87 86
4 3
89 88
39 38
8 7
69 68
59 58
95 94
58 57
28 27
88 87
80 79
36 35
21 20
13 12
14 13
54 53
