15 14 98 95 97 7 19 91 99 23 2 16 25 93 5 32 92 20 24 11 80 27 30 28 96 3 6 94 22 79 31 90 86 17 89 88 34 81 82 0 87 83 21 9 4 18 12 84 1 85 33 10 29 26 8 13 70 69 68 67 66 65 64 63 62 61 60 59 58 57 72 56 55 76 54 77 53 52 51 50 49 78 48 47 46 45 74 71 44 43 42 73 41 40 39 38 37 36 75 35 
57 10
82 92
0 25
61 58
58 86
74 16
15 72
13 66
58 11
17 76
7 48
16 75
53 62
10 56
77 17
19 82
1 30
10 55
20 85
11 59
68 14
34 3
42 88
9 53
17 78
32 2
99 57
77 64
42 5
8 49
13 65
79 18
21 89
35 54
48 79
24 98
47 7
59 29
5 41
84 19
20 87
48 74
16 73
14 69
85 68
64 13
18 80
3 35
64 34
4 37
9 52
0 27
38 77
62 12
45 95
52 26
49 70
51 8
15 71
23 94
8 50
44 6
26 0
57 32
1 28
92 47
12 61
4 39
5 40
18 81
56 44
11 60
2 33
92 22
97 38
14 67
86 20
70 15
6 45
7 46
24 97
95 23
92 51
88 21
29 1
2 31
19 83
99 24
22 93
45 84
6 43
54 9
22 91
12 63
23 96
58 42
21 90
3 36
38 4
