90 89 88 87 86 85 84 83 82 81 92 80 79 99 78 98 77 97 96 91 95 76 75 74 73 94 72 93 71 70 16 33 26 30 63 17 27 15 2 11 66 24 38 62 25 9 69 23 67 5 65 68 10 20 64 34 37 19 28 45 52 35 4 46 21 43 12 36 18 3 14 56 13 29 59 55 41 47 58 49 48 51 1 8 31 32 42 7 50 6 39 60 0 53 44 61 40 54 57 22 
93 91
31 33
66 64
79 77
80 78
36 34
85 83
62 60
58 56
92 90
16 14
65 63
81 79
53 51
24 22
28 26
2 4
23 25
15 17
95 93
9 11
37 39
63 61
68 66
73 71
87 85
77 75
98 96
84 82
38 36
46 44
26 24
82 80
60 58
44 42
99 97
94 92
11 13
59 57
48 46
22 20
19 21
1 0
78 76
83 81
0 98
17 19
70 68
54 52
30 28
64 62
61 59
57 55
74 72
43 45
90 88
12 10
47 49
21 23
5 7
13 15
89 87
10 8
91 89
71 69
45 47
40 38
20 18
75 73
14 12
99 1
27 29
29 31
33 35
97 95
0 2
96 94
69 67
41 43
1 3
25 27
42 40
86 84
50 48
34 32
39 41
88 86
67 65
18 16
32 30
55 53
72 70
3 5
52 50
8 6
35 37
56 54
76 74
7 9
