61 62 63 0 11 64 65 6 66 15 7 67 27 68 69 32 18 70 71 2 14 72 73 12 74 21 75 22 76 20 26 77 78 8 79 5 19 80 81 31 82 3 13 83 4 84 85 17 86 28 87 9 16 88 25 89 1 90 91 10 92 33 93 29 94 30 95 24 96 23 34 97 35 98 99 36 37 38 39 40 41 42 43 44 45 46 47 48 49 50 51 52 53 54 55 56 57 58 59 60 
2 6
40 44
91 95
11 15
30 31
21 17
40 35
57 56
66 70
61 57
86 85
11 16
78 77
79 80
36 41
87 88
46 48
12 7
82 83
7 3
13 14
31 28
47 45
74 71
54 55
7 4
39 42
92 97
15 9
75 73
28 27
48 50
66 61
76 74
26 25
88 89
45 40
3 0
63 64
78 75
82 79
34 39
23 26
69 66
84 90
34 33
62 63
86 91
25 29
22 21
13 18
49 47
60 59
61 60
94 98
57 62
82 78
88 93
85 84
96 92
82 81
7 8
4 5
79 76
30 34
57 54
16 19
7 11
3 2
17 12
35 36
92 87
20 23
24 22
71 67
33 32
63 68
32 38
53 52
51 49
42 46
54 51
73 69
16 20
67 72
27 24
99 96
61 65
4 1
55 58
82 86
57 53
39 43
91 94
9 10
36 37
87 82
12 13
35 30
