44 48 36 74 18 54 52 40 32 21 64 69 14 67 50 8 16 22 38 28 4 46 10 70 25 53 55 59 63 58 68 60 51 66 5 15 49 7 47 23 45 9 42 30 1 0 41 31 62 71 56 29 65 73 2 35 43 20 12 3 34 57 61 13 26 39 33 19 72 24 27 11 6 37 17 
27 50
0 40
28 11
72 9
32 19
30 12
68 44
4 16
20 7
72 41
21 66
18 3
52 27
65 71
52 29
67 42
41 15
26 67
24 17
28 51
21 31
69 30
35 10
21 39
43 6
21 33
64 1
69 38
68 45
7 22
52 8
52 34
57 64
52 55
35 20
2 70
8 37
24 62
63 73
74 24
0 43
2 13
31 5
11 56
41 52
39 54
40 58
0 35
64 26
2 57
6 32
6 47
13 46
43 68
3 48
5 36
65 63
64 28
17 60
0 2
0 18
0 21
41 0
24 72
18 4
63 59
45 49
4 25
52 14
64 61
42 23
28 69
21 53
8 65
