14 6 17 1 3 7 13 11 25 2 18 24 21 8 12 15 9 5 20 22 19 0 16 4 23 26 89 90 27 28 91 92 29 30 93 31 94 32 95 33 96 34 97 35 98 99 36 37 38 39 40 41 42 43 44 45 46 47 48 49 50 51 52 53 54 55 56 57 59 60 61 62 63 64 65 66 67 68 69 70 71 72 73 74 75 76 77 78 79 80 81 82 83 84 85 86 87 88 
62 47
42 30
48 39
5 50
38 2
12 67
20 51
22 86
96 66
11 97
20 28
59 16
27 89
7 87
48 25
55 29
60 32
70 43
17 64
5 18
7 33
18 31
36 74
41 71
33 59
13 41
99 60
70 94
91 82
5 55
17 44
56 0
31 8
5 77
12 17
28 76
11 46
34 57
63 98
41 79
17 5
22 38
20 91
7 11
18 26
69 19
48 15
68 95
51 56
92 53
5 48
38 4
3 61
62 35
17 96
75 80
26 21
11 1
22 85
26 52
84 24
7 36
5 7
44 37
81 73
99 20
87 49
3 34
99 90
64 69
28 81
54 93
3 13
20 92
26 9
27 6
83 65
27 14
51 70
56 3
31 88
5 83
12 78
20 22
50 84
41 75
26 27
11 72
17 42
45 23
18 45
46 40
99 62
36 54
7 68
34 63
60 12
