4 91 13 11 10 1 3 12 88 21 0 87 14 16 89 7 22 97 23 17 8 92 15 20 6 2 18 19 24 5 95 96 86 9 25 98 99 93 90 94 83 81 80 78 77 75 73 70 69 67 64 63 62 60 57 55 53 50 48 46 45 42 41 39 37 34 32 31 29 58 47 84 85 82 79 76 74 72 71 68 66 65 61 59 56 54 52 51 49 44 43 40 38 36 35 33 30 28 27 26 
45 49
10 14
88 87
37 35
27 26
28 25
63 60
40 44
96 95
83 84
5 55
21 24
94 92
30 33
26 75
83 80
63 11
48 47
34 6
85 88
82 83
11 53
75 42
20 23
2 1
11 12
75 76
59 56
4 48
0 3
20 22
99 97
60 61
55 58
34 30
65 78
12 10
71 72
64 63
6 7
50 51
80 81
91 66
90 91
5 9
66 69
48 19
7 8
85 86
68 65
30 32
70 71
92 93
56 57
57 64
48 45
35 36
8 5
50 52
56 90
22 21
84 41
42 62
2 4
18 17
99 98
1 0
45 46
18 16
14 54
58 59
44 43
39 38
39 50
67 68
97 96
31 34
86 77
9 89
77 79
89 85
69 67
87 20
91 94
43 37
41 40
23 73
47 70
89 28
21 82
35 39
19 18
10 13
26 29
70 74
93 2
28 27
18 15
98 31
