19 39 47 14 11 23 43 25 21 9 46 33 28 45 5 22 42 3 41 40 24 29 0 12 16 38 48 36 44 8 15 26 13 4 30 20 10 7 18 49 34 35 6 17 31 50 27 1 37 2 32 95 98 88 94 84 73 90 93 86 91 60 52 89 65 96 76 92 87 97 82 62 56 81 74 55 63 78 54 67 51 64 71 58 72 75 69 83 79 59 70 68 66 99 57 61 85 53 80 77 
9 8
30 31
99 89
61 71
40 50
47 57
82 83
1 0
87 86
53 63
52 53
75 85
22 32
8 18
24 23
80 81
4 14
25 24
60 70
80 90
69 68
27 36
86 96
5 15
15 25
20 21
29 27
52 62
81 72
84 74
29 28
50 60
12 13
68 78
54 55
31 41
30 40
94 84
54 64
72 82
93 94
51 52
33 43
89 79
20 30
79 69
6 5
39 29
2 3
72 73
1 2
70 80
49 39
7 6
34 44
8 7
7 17
19 9
51 61
94 95
25 26
74 75
49 48
87 97
6 16
25 35
22 11
50 51
89 88
57 67
88 98
91 92
69 59
23 22
27 37
5 4
92 93
45 46
22 33
35 45
11 1
11 10
24 34
52 42
55 56
81 91
44 54
57 58
77 66
59 49
10 20
75 76
77 87
29 19
48 47
55 65
2 12
39 38
88 77
