45 34 31 36 58 39 63 30 73 25 52 37 46 59 55 65 75 28 44 26 40 51 32 56 27 64 42 43 47 67 49 50 68 66 77 70 71 16 3 2 22 13 53 24 17 48 38 23 6 60 0 72 5 62 1 14 7 20 57 8 74 21 33 19 12 54 15 41 11 35 29 9 69 61 10 18 4 
3 37
33 34
15 20
6 12
6 13
29 57
77 63
29 28
56 29
25 40
11 26
6 7
39 66
3 47
41 43
2 50
15 24
55 74
45 46
38 73
61 56
6 9
0 1
38 58
60 67
15 25
7 15
5 38
45 60
1 27
9 65
36 39
15 21
46 69
39 44
26 0
66 70
3 51
30 31
37 62
49 53
14 19
25 41
21 48
26 32
29 30
46 72
58 68
15 23
14 16
29 11
5 14
3 6
0 3
35 36
62 64
34 35
8 59
44 45
47 55
43 52
15 22
59 71
6 8
1 2
41 42
20 54
75 61
1 49
4 5
77 75
14 17
3 4
14 18
26 33
3 10
