12 56 62 1 53 74 28 7 43 19 65 52 2 47 41 49 32 69 72 34 11 44 70 33 55 10 27 57 14 51 71 50 58 15 63 24 22 35 9 48 73 4 29 16 8 30 18 67 23 6 3 46 68 13 61 60 25 21 36 26 38 37 31 42 5 39 0 59 54 66 40 45 64 20 17 
21 19
21 69
30 37
50 46
22 15
21 25
27 26
22 6
21 38
22 48
27 54
35 33
36 10
25 3
21 50
22 68
22 41
31 73
21 22
21 56
21 31
21 65
21 28
22 61
25 51
25 70
27 23
28 0
28 45
22 16
22 66
30 57
25 13
22 9
22 59
25 18
25 24
22 30
25 55
21 5
22 72
25 52
27 62
22 43
25 2
21 58
35 71
25 8
22 14
25 17
25 36
21 39
22 63
30 64
22 27
27 67
27 49
21 42
36 29
21 20
22 11
25 34
25 12
27 40
30 47
22 1
21 35
21 32
21 7
35 4
74 21
27 53
25 60
22 44
