27 97 4 24 26 7 6 23 5 25 20 99 39 8 21 72 74 67 68 53 35 41 98 54 0 71 48 75 31 51 18 45 37 16 44 43 11 32 40 34 29 15 66 14 50 1 55 60 52 57 33 2 63 70 42 59 13 49 9 73 30 56 62 12 36 28 58 3 64 17 47 10 69 96 38 46 22 61 95 76 89 79 92 87 77 80 94 90 86 82 78 85 88 81 91 83 93 84 
78 15
92 66
81 9
17 44
14 40
77 27
98 36
56 96
20 97
38 22
13 84
17 47
8 51
83 26
57 49
63 74
43 24
88 16
37 76
35 48
94 23
81 87
0 80
38 78
43 6
97 32
20 7
99 81
38 68
92 56
93 71
94 4
21 33
34 58
43 89
3 10
39 3
38 57
42 5
78 67
17 31
57 88
81 39
26 60
5 70
37 59
78 29
87 55
97 38
5 83
21 46
21 75
37 62
63 28
38 86
85 35
99 21
74 53
22 41
78 82
98 52
39 93
74 72
38 25
32 37
53 98
24 77
14 61
43 85
27 92
21 43
98 20
4 13
53 69
0 95
79 91
23 11
16 8
33 73
30 18
97 42
99 2
33 79
35 50
8 12
90 63
27 14
80 64
72 1
43 34
29 30
28 45
77 90
20 94
4 17
1 54
81 0
