44 45 46 13 47 9 48 49 50 51 4 52 53 54 55 56 57 5 58 59 12 60 61 16 62 63 10 64 65 66 17 67 26 68 14 69 70 1 71 27 72 73 15 74 8 75 7 76 21 77 6 78 79 23 80 19 81 20 82 29 83 22 84 28 85 25 86 18 87 2 88 0 89 11 90 3 91 24 92 30 93 31 94 32 95 33 96 34 97 98 35 36 37 38 39 40 41 42 43 
10 53
7 2
17 68
23 3
32 25
20 74
21 75
4 15
4 42
31 96
1 36
21 11
8 49
13 60
5 17
9 51
26 18
18 10
19 23
28 89
9 19
24 82
14 62
17 67
27 88
32 97
17 27
11 56
3 4
1 35
18 69
19 71
23 80
23 1
4 41
19 20
7 47
25 28
24 81
7 29
16 12
9 52
11 55
13 59
12 57
28 90
8 50
11 13
15 64
16 65
22 5
22 77
10 54
22 78
9 8
30 94
5 44
23 79
8 6
26 9
6 45
6 46
3 39
29 92
13 16
25 83
0 34
98 32
32 24
3 40
21 76
32 30
2 38
2 37
13 31
14 61
21 14
26 85
26 86
18 22
20 73
7 48
12 58
16 66
19 72
0 33
5 43
18 7
18 70
25 84
30 93
29 91
31 95
15 63
3 0
27 87
25 21
25 26
