69 14 15 13 12 71 70 16 17 18 19 20 21 22 11 23 24 25 26 27 28 29 30 6 31 0 32 33 3 34 35 36 37 4 38 39 40 41 42 43 44 1 45 46 47 48 49 5 50 51 7 52 53 54 55 56 57 58 59 60 2 61 73 8 72 62 63 64 65 66 67 9 68 81 77 78 79 80 86 82 83 84 85 87 88 89 90 91 92 93 94 95 96 97 76 74 98 99 75 
64 77
19 97
46 87
92 80
64 63
49 67
71 46
36 37
23 54
26 74
83 27
52 83
85 8
69 12
58 20
90 24
46 86
4 28
42 72
79 76
55 48
64 17
0 58
17 71
1 40
77 89
37 35
57 93
29 42
64 22
82 5
43 26
58 11
40 6
27 21
42 45
9 14
79 25
70 49
2 64
77 59
49 7
57 95
86 94
37 39
95 38
29 23
36 90
13 57
99 29
0 70
36 16
39 31
1 33
45 41
60 18
75 60
40 47
20 36
68 2
82 96
54 0
89 98
50 88
87 32
58 92
58 34
17 62
48 81
22 78
16 61
67 44
42 56
14 51
55 50
42 43
31 55
87 1
96 66
20 52
23 65
9 79
70 68
22 82
23 9
4 30
78 13
77 85
16 53
47 84
74 73
78 75
81 19
55 3
40 4
14 15
82 91
21 69
