14 15 16 17 18 19 20 21 22 23 24 25 26 27 28 29 30 31 32 33 34 35 36 37 38 39 40 41 42 43 44 45 46 47 48 49 50 51 52 53 54 55 56 57 58 59 60 61 62 63 64 65 66 67 68 69 70 71 72 73 74 75 76 77 78 0 79 2 80 81 11 82 5 83 84 7 85 86 87 88 89 90 91 3 92 93 94 95 96 97 98 99 4 1 6 9 8 10 13 12 
0 78
42 32
0 69
32 28
0 57
5 22
1 89
35 6
0 64
0 45
36 3
0 66
1 82
0 59
20 11
0 36
0 71
0 53
6 13
27 12
42 23
1 95
0 62
1 92
0 47
1 85
4 41
1 96
0 48
1 90
1 0
3 4
1 97
1 93
8 34
0 50
0 72
17 21
1 88
15 2
0 80
43 17
4 43
0 76
9 30
0 58
23 16
99 1
0 73
12 8
0 52
29 27
0 49
0 75
36 26
2 25
0 60
6 15
1 84
0 81
0 51
1 87
17 20
28 33
8 18
16 31
1 91
0 77
35 14
40 42
10 39
26 5
0 74
0 68
18 10
19 37
0 65
0 61
10 40
0 55
0 44
0 79
0 70
42 9
26 35
1 86
18 19
43 7
0 63
3 24
38 29
11 38
0 46
0 67
1 83
0 54
0 56
1 98
1 94
