73 59 65 62 57 66 60 55 64 77 56 63 69 58 71 74 67 70 76 75 61 72 68 54 51 35 36 29 46 25 33 49 24 48 26 52 42 21 53 1 45 37 50 39 38 43 32 40 28 41 2 47 22 31 18 19 10 44 8 30 7 34 27 6 12 23 11 4 15 5 0 14 3 20 17 13 16 9 
22 42
51 65
56 55
77 68
51 58
53 54
15 43
22 23
8 52
1 2
65 66
27 33
7 6
69 70
2 3
63 62
67 48
56 57
27 26
26 60
33 34
70 71
15 16
36 56
11 12
21 27
20 19
29 30
70 7
27 28
35 36
16 17
77 76
28 37
74 73
28 29
68 67
23 35
9 20
25 38
60 59
50 51
45 46
0 15
8 9
0 49
59 64
10 11
68 69
43 44
60 61
69 74
44 45
38 39
35 0
52 53
71 72
21 41
0 1
15 47
41 40
3 4
17 18
7 8
26 25
21 22
23 24
75 50
74 75
23 31
4 5
77 21
9 10
31 32
12 13
15 14
21 63
