71 32 73 30 74 75 76 77 78 19 79 31 83 85 86 87 88 90 92 5 20 93 28 94 13 26 9 97 98 99 8 25 24 12 23 1 21 18 22 10 16 17 15 0 11 27 36 37 38 39 40 41 42 43 34 33 44 47 50 51 52 53 55 56 57 58 59 35 60 61 62 63 64 65 66 67 68 69 70 
1 51
0 75
20 55
97 44
53 17
79 19
92 36
0 69
0 66
0 83
39 93
56 26
53 25
5 37
0 71
33 43
0 77
15 22
0 94
0 68
18 56
28 53
99 0
41 57
1 8
56 40
83 27
0 79
33 50
77 16
87 31
15 35
0 70
68 5
0 87
20 33
0 73
5 24
25 32
0 67
0 10
78 18
16 39
90 34
21 38
13 63
58 61
0 92
19 21
76 15
0 98
0 74
40 1
9 58
13 20
0 85
31 62
50 64
0 65
13 47
44 52
0 76
35 28
18 59
21 23
0 90
0 97
32 88
0 78
74 12
50 42
47 30
75 13
94 41
31 60
71 9
30 86
73 11
