93 1 94 95 96 97 71 98 72 99 74 75 76 73 78 79 80 77 82 83 84 11 81 86 10 87 88 4 85 90 14 91 92 89 65 61 62 63 64 70 9 66 67 68 69 16 8 17 6 3 5 13 15 12 2 7 52 19 55 56 53 54 59 18 40 41 42 43 44 45 46 47 48 49 50 51 20 21 22 27 23 24 25 26 28 29 30 31 32 33 34 35 36 37 38 39 60 57 58 
70 69
61 60
25 24
91 90
24 23
3 2
14 13
2 1
39 38
10 9
69 68
31 30
76 75
33 32
32 31
4 3
83 82
63 62
90 89
72 71
65 64
38 37
16 15
85 84
89 88
77 76
40 39
62 61
30 29
80 79
48 47
29 28
44 43
68 67
49 48
15 14
95 94
75 74
27 26
26 25
53 52
56 55
7 6
51 50
37 36
5 4
82 81
71 70
55 54
60 59
36 35
99 98
46 45
43 42
97 96
20 19
19 18
22 21
87 86
9 8
92 91
18 17
34 33
28 27
42 41
12 11
84 83
8 7
94 93
66 65
74 73
17 16
52 51
21 20
54 53
45 44
67 66
6 5
47 46
11 10
73 72
88 87
93 92
64 63
41 40
79 78
98 97
50 49
58 57
13 12
23 22
81 80
86 85
57 56
78 77
96 95
59 58
35 34
