74 18 72 78 1 35 19 28 37 44 25 85 87 57 36 94 22 43 50 0 61 79 17 99 33 84 83 96 46 42 77 81 34 66 89 63 31 7 11 67 93 51 70 90 13 27 45 54 20 95 65 52 60 15 62 3 80 86 29 49 23 88 40 26 12 91 14 69 10 32 
60 37
80 17
18 10
67 69
79 22
69 0
60 50
13 1
49 42
60 23
13 95
83 18
69 46
69 86
22 94
99 83
13 25
81 79
60 15
89 84
51 78
85 7
99 45
49 19
13 35
95 11
69 62
49 70
35 80
69 61
35 14
79 44
22 20
99 54
79 28
70 26
88 29
35 93
18 66
85 90
13 88
31 49
85 65
67 13
22 67
25 12
18 81
25 43
25 91
51 33
51 77
88 87
94 57
35 72
78 63
70 74
49 51
43 36
91 52
72 96
86 3
66 27
13 60
51 40
86 32
25 31
43 85
86 34
43 89
