10 14 8 6 12 72 26 73 30 74 75 28 76 33 77 78 34 79 35 80 32 81 37 82 24 83 38 84 39 85 36 86 41 87 88 42 89 43 90 40 91 45 92 22 93 46 94 47 44 97 49 98 50 51 48 53 20 54 55 52 57 58 59 56 61 18 62 63 60 65 66 67 64 69 16 70 71 68 4 0 2 
20 74
10 53
73 75
32 0
66 68
46 48
6 46
6 45
81 83
61 63
98 32
10 30
14 61
2 37
0 34
90 92
57 59
8 26
14 62
54 56
8 22
65 67
12 58
58 60
16 66
26 85
32 2
18 70
42 44
62 64
32 4
33 35
74 76
77 79
8 24
32 8
18 69
85 87
34 36
28 90
22 77
32 6
10 54
30 94
49 51
8 12
50 52
8 14
8 18
22 78
38 40
8 49
4 42
28 89
45 47
2 38
53 55
24 82
70 72
78 80
8 20
26 86
86 88
20 73
32 97
41 43
8 16
8 28
4 41
0 33
89 91
24 81
69 71
8 10
30 93
82 84
12 57
8 50
37 39
16 65
