12 8 10 11 4 7 5 9 3 0 1 6 53 71 72 57 58 73 55 74 56 75 76 60 52 77 61 78 62 79 80 59 64 81 51 82 83 65 66 84 63 85 86 68 87 50 88 69 70 89 90 67 91 92 93 94 95 96 97 98 99 54 16 17 18 19 20 21 22 14 13 23 24 25 26 27 29 30 31 32 33 34 35 36 37 38 15 39 40 41 42 43 44 45 46 47 48 49 
96 22
3 94
3 96
3 64
86 11
16 4
4 49
20 57
14 36
17 55
87 13
3 93
3 98
21 76
8 68
3 29
11 53
3 95
1 47
20 75
95 21
3 90
26 80
12 1
12 35
6 67
81 5
17 72
10 52
26 12
21 42
26 63
15 70
3 87
12 6
3 48
12 8
23 78
9 20
99 3
5 66
4 30
8 33
3 97
19 56
17 25
3 91
3 84
99 26
5 19
9 51
22 77
22 43
23 60
3 83
18 73
16 38
3 86
3 15
3 81
3 85
11 34
5 31
3 9
23 10
3 88
1 27
22 59
25 62
6 18
25 79
97 23
16 71
91 17
25 45
19 40
18 39
15 37
4 65
11 69
24 44
10 14
90 16
16 54
24 61
19 74
3 92
26 46
3 82
5 50
26 24
20 41
21 58
6 32
8 0
3 89
8 7
