1 15 11 22 21 2 4 14 0 9 17 6 19 12 16 8 10 5 20 3 23 7 18 13 24 25 26 27 90 28 91 29 92 30 93 31 94 32 95 33 96 34 97 98 35 36 37 38 39 40 41 42 43 44 45 46 47 48 49 50 51 52 53 54 55 56 57 58 59 60 61 62 63 64 65 66 67 68 69 70 71 72 73 74 75 76 77 78 79 80 81 82 83 84 85 86 87 88 89 
20 74
10 53
22 78
17 68
31 96
23 6
10 16
29 92
25 83
10 54
13 60
1 36
9 51
0 34
4 42
3 40
21 76
24 82
26 85
7 48
18 1
16 66
19 12
12 58
20 73
7 17
1 35
13 14
19 72
8 19
14 25
9 29
5 43
1 24
19 71
20 30
18 7
4 41
18 70
7 47
9 52
13 59
12 57
8 50
21 75
5 9
22 77
5 44
8 0
23 79
6 45
98 32
9 18
6 46
3 39
1 13
8 49
12 2
25 15
28 89
2 38
2 37
21 4
13 28
28 23
22 21
14 61
17 67
26 86
14 62
20 11
27 88
32 5
32 97
22 26
11 56
1 27
0 33
0 3
23 80
11 22
17 10
24 81
15 64
29 91
18 69
28 90
25 84
30 93
6 8
18 20
30 94
15 63
31 95
11 55
27 87
29 31
16 65
