94 78 65 71 64 70 89 73 84 91 96 82 63 72 93 98 86 79 97 80 69 87 99 66 83 85 81 67 74 95 75 76 90 68 41 46 42 43 44 45 47 48 49 50 51 52 53 54 55 56 57 58 4 59 60 61 1 62 2 0 5 6 7 40 10 11 12 8 14 39 15 16 13 38 18 34 19 20 17 37 22 23 24 21 26 36 27 28 25 30 35 31 32 29 33 
78 85
60 11
4 1
40 5
17 76
16 14
66 13
8 50
16 75
11 2
21 90
15 71
13 64
50 54
8 49
91 30
94 23
78 36
62 79
48 7
4 39
24 97
49 94
24 17
40 81
70 65
84 35
48 56
38 84
71 55
16 74
68 82
7 4
56 10
49 42
84 19
2 31
5 8
75 33
53 52
82 60
15 70
76 87
41 83
99 24
4 38
71 44
73 93
57 34
79 18
99 61
43 6
97 26
56 66
86 20
46 37
24 98
61 29
39 25
11 58
80 48
89 21
6 45
80 63
72 15
14 67
14 68
80 91
24 16
26 0
45 32
67 28
17 78
73 59
5 41
7 46
8 51
99 80
67 86
96 27
14 69
51 53
36 62
41 95
63 72
97 89
63 12
89 40
7 47
49 96
76 43
74 57
16 73
91 22
