94 96 82 88 83 92 91 89 87 86 84 95 93 90 98 85 99 97 15 70 4 8 61 75 69 9 68 17 45 56 20 58 60 74 81 2 54 76 28 1 64 47 46 23 59 5 72 18 33 19 73 21 31 7 66 55 3 11 79 10 67 25 49 50 16 35 14 48 62 29 80 41 24 43 30 26 38 44 12 39 0 6 57 13 37 42 27 36 22 34 78 32 63 65 71 40 53 52 51 77 
46 7
11 58
86 73
0 25
15 70
35 83
41 71
19 82
99 81
12 62
1 28
2 32
5 42
44 86
14 68
99 93
67 14
11 59
94 23
20 87
13 66
2 31
21 89
8 49
7 48
23 96
83 27
3 34
6 44
20 85
16 74
46 65
6 45
39 4
19 84
0 26
90 46
5 41
60 11
22 91
27 0
3 36
9 52
73 35
4 37
40 5
95 63
99 94
1 29
35 53
57 10
22 92
10 56
50 8
24 98
21 90
81 18
93 40
86 20
13 64
35 3
98 88
12 61
47 76
73 16
18 79
17 77
43 6
77 50
71 15
66 33
47 30
93 22
16 75
88 21
83 19
18 80
24 97
76 17
8 51
86 57
33 2
40 39
9 54
15 72
99 24
53 9
4 38
10 55
17 78
30 1
28 60
23 95
63 12
7 47
76 43
91 67
14 69
65 13
