60 61 62 0 4 64 65 2 1 66 9 67 3 68 5 69 70 6 7 71 72 8 73 10 11 74 12 75 13 76 14 77 15 78 79 16 17 80 18 81 82 19 20 83 21 84 22 85 23 86 87 24 88 25 26 89 90 27 28 91 92 29 93 30 31 94 95 32 33 96 97 34 98 35 99 36 37 38 39 40 41 42 43 44 45 46 47 48 49 50 51 52 54 55 56 57 58 59 
11 34
0 23
5 58
13 26
77 73
1 17
69 9
14 78
72 98
45 57
58 33
21 74
0 10
56 80
90 45
18 61
1 52
46 85
9 97
27 44
11 49
4 93
3 38
42 84
13 25
5 1
3 16
4 67
5 22
8 88
0 72
3 43
8 71
27 41
11 21
44 13
14 5
37 46
1 89
3 8
14 60
3 48
20 12
37 81
19 96
4 18
27 62
27 35
46 86
21 70
99 14
5 30
14 77
3 75
14 32
12 31
12 29
11 15
3 6
13 65
69 90
22 94
28 83
66 68
4 56
1 7
1 42
14 11
5 19
70 69
28 79
14 91
12 76
6 39
5 51
3 59
0 66
18 50
18 82
36 87
56 36
0 3
27 40
9 47
27 37
0 28
21 4
18 54
4 24
15 2
17 0
8 95
98 27
9 64
37 92
37 55
21 20
