83 0 82 14 79 24 7 84 26 9 85 80 77 5 78 81 12 11 31 37 21 22 20 15 6 25 3 30 40 32 19 10 16 8 23 4 1 17 13 2 33 28 39 27 34 35 18 36 38 29 49 43 47 48 56 42 88 41 62 51 92 61 97 72 50 98 76 65 68 70 67 57 89 63 96 60 46 44 75 90 91 86 59 93 87 54 74 66 69 73 53 95 71 52 94 64 45 55 58 
75 62
63 91
81 32
2 42
25 3
66 93
75 92
36 47
27 10
63 86
13 7
75 83
2 54
25 18
2 88
94 43
32 25
94 90
63 33
96 50
78 0
94 81
19 17
82 73
94 35
94 58
93 67
98 94
70 89
82 13
53 9
27 31
2 46
94 80
0 4
25 34
30 59
81 37
14 5
25 44
60 11
37 14
2 24
97 61
94 97
91 65
0 40
83 41
73 63
63 96
65 51
63 84
60 39
97 49
82 48
26 16
90 70
73 1
82 76
82 27
70 64
94 77
33 23
32 71
82 36
26 12
81 75
96 53
85 82
94 52
69 29
87 38
66 20
70 72
75 74
82 78
94 95
63 30
91 45
94 55
11 8
90 87
82 79
50 56
64 66
19 21
34 28
50 6
37 15
57 22
75 85
79 68
95 19
63 57
49 26
98 2
37 69
87 60
