69 71 79 7 64 12 10 68 93 75 5 88 16 85 99 8 0 9 90 81 37 19 77 14 80 22 26 70 36 66 94 31 95 63 6 73 97 24 21 74 15 39 4 91 17 65 84 35 13 92 67 96 82 3 30 78 18 25 34 33 28 32 62 83 40 98 20 76 27 1 89 87 2 72 86 23 29 38 11 43 49 47 52 48 56 59 42 45 60 41 44 46 50 58 53 54 55 51 57 61 
76 75
99 98
6 7
92 91
57 56
62 61
55 54
40 41
60 59
61 60
91 90
24 25
39 40
45 46
28 29
17 18
80 79
99 1
42 43
65 64
1 2
73 72
7 8
15 16
37 38
64 63
77 76
63 62
5 6
11 12
19 20
86 85
44 45
79 78
25 26
47 48
36 37
30 31
9 10
59 58
72 71
22 23
83 82
29 30
88 87
34 35
70 69
48 49
8 9
12 13
98 97
56 55
67 66
10 11
85 84
75 74
66 65
74 73
97 96
43 44
90 89
33 34
27 28
20 21
14 15
50 51
58 57
89 88
35 36
87 86
82 81
23 24
93 92
3 4
2 3
69 68
13 14
1 0
78 77
81 80
54 53
16 17
18 19
32 33
49 50
4 5
38 39
46 47
84 83
31 32
41 42
51 52
96 95
21 22
95 94
26 27
71 70
94 93
68 67
