32 39 14 38 6 35 43 2 37 30 9 34 13 11 10 7 33 41 5 31 29 17 0 42 21 22 12 40 36 28 3 25 19 1 4 18 23 20 27 16 24 26 15 8 91 86 52 70 94 74 79 69 89 67 54 93 61 98 82 73 84 58 77 95 64 46 63 62 45 88 56 97 85 72 48 66 71 44 59 60 50 83 47 53 78 96 87 49 55 51 57 76 68 90 99 75 81 80 92 65 
3 7
67 25
36 45
45 20
74 30
19 29
18 3
57 96
14 60
64 26
74 97
19 34
29 71
28 21
73 57
9 54
20 41
43 6
20 70
65 77
23 94
2 73
2 40
99 18
21 76
90 74
30 68
97 62
24 27
94 95
33 17
80 98
16 33
1 92
5 11
83 48
8 82
33 14
46 8
4 56
4 23
15 63
26 83
41 90
1 22
65 59
62 85
65 36
10 37
16 55
78 84
83 19
51 9
20 4
0 93
43 80
60 50
76 78
72 2
68 46
47 69
63 52
21 49
1 44
68 72
10 75
91 88
76 65
7 79
28 0
62 24
33 42
16 15
25 66
5 1
7 91
5 31
87 28
35 53
2 10
14 12
14 5
69 67
23 16
67 38
87 64
27 35
58 51
83 81
36 86
8 61
25 89
7 43
17 47
64 13
18 87
68 39
65 58
55 32
