85 84 83 82 81 80 77 75 74 73 72 70 69 68 39 38 66 36 64 35 34 62 28 61 22 60 59 31 58 26 56 15 53 17 52 51 33 50 25 49 20 48 21 99 30 46 98 97 45 96 95 19 94 23 93 92 29 42 90 91 41 16 87 89 11 6 0 1 8 9 88 12 14 2 10 13 5 
72 35
92 45
68 11
87 62
46 8
97 42
80 6
90 28
60 30
75 83
81 20
72 38
60 9
59 23
46 80
90 51
88 13
41 1
83 95
75 66
87 97
51 69
88 70
80 21
61 59
60 52
85 14
88 36
46 39
99 0
68 2
68 92
59 93
90 46
92 56
41 89
92 19
50 82
82 41
98 26
68 53
0 81
59 25
75 29
68 72
46 49
75 73
82 15
72 75
99 96
69 22
69 34
81 50
16 5
81 77
72 88
75 17
91 48
97 74
95 84
51 33
51 60
16 90
49 94
72 85
81 61
75 98
61 68
68 16
72 58
80 91
98 10
46 87
98 31
87 12
98 64
