57 68 55 89 63 50 54 83 79 30 14 93 16 36 92 38 90 13 69 48 96 17 86 29 24 91 51 56 40 44 53 84 66 42 26 88 34 77 41 87 58 94 15 22 31 73 49 81 43 95 46 71 82 18 52 75 39 64 33 72 74 47 85 80 37 45 60 19 25 70 12 27 61 21 67 35 78 32 28 62 76 20 59 65 23 1 10 8 4 9 5 3 11 97 7 99 2 6 98 0 
84 22
65 2
99 84
44 4
86 38
97 81
52 55
0 74
37 88
69 95
20 71
27 67
31 85
90 40
75 3
28 53
69 97
85 58
96 91
90 54
84 79
10 26
17 43
48 18
23 42
48 89
14 10
75 33
74 86
10 34
69 23
82 68
42 77
27 96
35 9
68 28
68 75
79 52
26 32
55 36
17 80
54 69
58 47
13 70
52 90
3 8
2 7
36 45
85 66
17 57
90 14
75 37
0 94
24 31
74 61
66 30
37 62
11 21
80 13
90 27
2 56
64 48
54 50
17 83
0 92
65 93
38 63
44 0
36 72
65 82
20 15
90 11
39 51
54 64
96 60
87 39
61 87
46 12
23 76
96 17
48 6
90 35
85 1
33 98
69 49
4 46
75 59
37 73
90 20
66 5
2 25
28 29
42 16
61 65
0 78
55 24
79 44
27 41
23 19
