66 67 68 4 69 70 71 72 73 7 74 75 76 77 78 79 80 81 82 83 0 84 85 86 87 88 89 90 91 6 92 5 93 94 95 10 96 97 98 99 9 8 2 1 3 13 47 24 19 62 58 30 60 40 49 45 28 64 44 11 55 43 34 36 32 33 51 37 61 46 54 63 50 31 27 57 18 15 39 16 21 17 52 14 53 59 22 42 12 48 65 29 20 38 35 41 26 23 56 25 
0 83
64 39
15 64
25 33
44 20
25 59
0 69
7 56
50 28
23 42
0 98
0 94
59 54
9 47
0 72
64 38
14 17
9 53
0 61
0 66
21 9
5 57
63 10
58 52
0 68
45 48
64 60
0 65
20 25
2 22
0 70
7 27
53 7
23 16
0 82
59 30
0 93
4 14
12 35
59 29
61 26
36 18
0 88
2 15
8 1
0 95
0 81
0 92
6 62
56 50
2 51
36 31
0 75
18 49
24 11
24 13
0 86
0 89
33 4
0 74
0 96
0 71
99 0
16 46
26 40
66 2
20 32
0 91
51 8
0 77
17 23
26 45
0 79
54 6
20 5
19 37
43 58
0 80
0 63
33 19
0 85
0 76
0 97
42 34
59 55
99 44
48 43
30 21
0 87
1 12
0 67
0 84
61 3
56 41
0 73
0 78
3 36
0 90
49 24
