12 18 14 17 5 2 27 23 19 21 8 7 13 3 16 1 26 0 62 15 28 10 9 4 24 25 11 6 20 22 98 99 83 96 77 91 79 94 80 59 40 93 31 87 50 44 78 53 72 42 75 38 43 74 29 56 46 90 41 47 97 69 60 86 54 68 85 65 49 51 73 45 61 92 63 82 30 89 52 36 33 70 34 67 64 88 71 57 39 81 32 37 58 35 95 76 55 66 48 84 
18 23
10 17
84 85
11 13
9 11
6 0
0 2
18 26
76 78
90 96
36 38
72 74
60 54
53 44
59 63
14 22
76 77
99 93
80 75
73 71
12 16
18 20
6 10
40 46
0 1
90 95
28 33
36 41
48 49
96 98
72 73
31 30
26 27
56 53
12 18
44 39
21 12
90 92
44 42
54 55
68 69
77 70
78 79
19 25
7 9
54 59
27 32
83 88
58 48
25 24
71 67
0 5
29 28
90 91
52 57
73 83
36 37
67 66
75 72
60 65
39 36
87 80
8 14
48 51
60 62
42 45
35 31
41 47
84 87
48 50
67 68
92 97
0 4
72 76
93 90
39 34
29 21
74 81
84 89
36 40
42 43
90 94
84 86
54 56
77 82
59 58
54 64
28 35
11 15
12 6
6 8
67 60
0 3
90 84
6 7
18 19
47 52
54 61
34 29
