34 32 35 33 0 2 4 84 88 89 6 86 87 8 91 10 83 92 12 93 90 14 95 82 16 97 18 94 20 81 22 98 36 24 37 80 38 26 39 40 28 41 42 79 30 43 44 85 46 47 45 49 78 50 51 48 53 77 54 55 52 57 76 58 59 56 61 73 62 63 60 65 74 66 67 64 69 75 70 71 68 72 
28 90
30 94
73 75
10 54
4 12
32 0
46 48
50 52
4 16
20 74
32 30
6 46
2 37
4 42
70 72
78 80
2 38
4 6
57 59
65 67
20 73
93 95
4 24
54 56
86 88
41 43
58 60
26 85
4 26
18 70
69 71
18 69
4 14
62 64
24 81
85 87
82 84
12 57
22 77
4 8
37 39
49 51
22 78
4 10
4 22
10 53
6 45
66 68
28 89
38 40
61 63
98 32
0 34
81 83
45 47
8 49
53 55
24 82
90 92
4 18
14 62
4 20
26 86
14 61
32 97
12 58
32 2
0 33
42 44
74 76
16 66
89 91
4 28
4 41
33 35
77 79
34 36
32 4
30 93
8 50
16 65
