97 71 48 98 18 0 50 99 27 20 53 21 52 56 11 83 26 17 57 55 32 28 85 30 25 86 31 61 59 1 79 34 35 64 15 8 37 65 13 66 81 87 39 9 74 40 68 41 23 12 42 70 43 6 47 67 45 72 73 3 
55 0
97 71
99 79
17 8
39 53
17 18
12 11
56 57
65 64
56 55
98 45
41 97
30 31
20 21
13 12
71 3
71 70
28 50
66 65
79 6
99 87
98 47
85 86
1 61
26 25
99 30
87 13
87 85
73 66
99 56
99 35
98 59
72 20
97 73
35 34
31 37
40 39
53 52
86 81
71 72
42 41
99 42
27 28
66 67
50 48
67 68
50 23
26 17
56 98
27 15
0 1
97 83
17 9
31 32
27 26
56 27
41 40
42 43
85 74
