56 86 69 66 59 91 90 85 70 60 62 74 58 55 77 54 57 64 96 81 87 53 67 73 79 78 88 89 75 61 68 65 51 52 72 84 92 99 83 94 19 15 9 20 33 2 35 39 14 31 38 18 32 44 34 43 12 45 4 17 21 27 5 28 41 6 42 13 24 10 23 11 8 40 29 46 50 7 25 30 3 49 36 47 
15 13
18 32
85 21
73 58
19 30
67 34
36 74
19 67
18 12
90 47
77 83
25 2
59 52
77 46
75 7
69 96
73 29
59 53
70 61
70 72
46 94
59 33
75 57
14 15
2 81
50 41
59 90
9 56
75 45
35 69
88 79
8 19
86 68
9 35
8 24
65 10
4 55
19 59
42 66
18 5
9 92
60 49
46 60
77 91
78 44
25 70
55 51
60 75
9 50
99 14
8 65
94 84
32 28
66 23
69 40
88 77
79 62
73 85
99 39
4 9
36 25
18 78
90 31
9 89
50 3
2 4
90 11
88 38
9 42
65 88
9 64
14 8
62 27
67 87
64 73
70 20
78 43
81 54
46 18
75 6
15 17
65 36
73 86
