71 73 67 33 35 7 53 29 72 39 69 59 78 43 79 64 99 37 82 63 17 49 75 84 2 89 16 44 6 88 94 62 31 91 5 95 61 97 12 23 46 42 24 41 92 3 60 96 8 65 28 55 74 15 77 14 11 80 87 93 58 0 68 48 38 10 4 51 19 81 70 85 50 
0 5
33 71
75 62
78 74
55 77
63 24
12 89
53 43
84 70
67 48
17 78
17 67
6 2
99 0
15 75
5 23
81 96
87 35
6 80
87 50
65 14
12 7
97 39
23 16
24 33
12 59
42 87
73 37
79 29
80 82
55 61
23 84
94 64
33 93
77 11
59 8
65 73
55 88
61 65
65 10
81 41
28 68
44 38
73 60
5 28
79 58
78 49
0 12
24 85
12 53
5 55
63 79
81 51
94 92
28 44
53 31
75 63
85 6
77 91
33 3
63 81
61 94
79 72
24 97
88 69
61 19
5 15
81 4
28 95
24 42
15 17
79 46
