21 11 16 13 10 15 1 12 6 24 14 8 9 2 22 23 18 25 3 5 0 19 20 26 4 7 17 27 90 28 91 29 92 30 93 31 94 32 95 33 96 34 97 98 35 36 37 38 39 40 41 42 43 44 45 46 47 48 49 50 51 52 53 54 55 56 57 58 59 60 61 62 63 64 65 66 67 68 69 70 71 72 73 74 75 76 77 78 79 80 81 82 83 84 85 86 87 88 89 
21 75
10 53
5 44
8 21
13 59
2 25
22 77
17 68
0 12
23 28
24 16
25 83
31 96
1 36
6 46
6 45
9 51
8 49
11 15
32 24
29 92
3 40
2 38
14 61
21 7
14 62
12 19
27 88
26 86
7 48
20 73
12 58
26 85
3 30
11 56
2 3
19 71
23 80
31 11
4 41
18 70
17 10
31 95
27 5
9 52
11 55
30 94
28 90
25 1
25 6
27 87
16 65
17 2
24 17
22 78
23 79
20 74
30 0
23 18
98 32
28 14
3 39
13 60
0 34
4 42
21 76
28 89
24 82
2 37
25 22
17 67
28 20
27 26
27 31
32 97
17 27
0 8
17 29
25 23
4 9
1 35
16 66
5 43
18 69
19 72
0 33
24 81
30 4
7 47
25 84
29 91
12 57
30 93
15 64
8 50
15 63
17 13
10 54
