84 86 94 63 73 58 89 60 96 78 32 55 68 99 30 48 81 87 91 47 70 79 88 74 35 46 42 80 49 85 64 29 83 67 45 41 98 54 53 44 61 93 34 52 39 56 97 82 51 77 92 43 31 57 38 90 66 50 69 36 33 76 75 62 71 59 37 65 40 72 95 25 12 23 13 27 26 0 17 28 18 11 2 8 24 20 16 1 7 6 4 9 15 21 14 3 19 10 22 5 
57 64
58 26
16 17
49 50
57 78
18 19
58 22
57 83
96 97
27 28
35 36
57 59
57 66
57 71
54 55
56 49
57 80
56 47
58 8
6 7
89 88
57 77
12 13
20 21
56 37
3 2
57 68
56 35
31 32
58 4
57 65
57 82
8 9
1 0
45 46
53 54
58 18
57 87
57 61
57 56
93 94
10 11
57 63
57 70
58 24
14 15
4 3
58 14
88 57
57 75
56 53
41 42
57 84
89 90
56 51
58 20
57 81
2 1
94 95
57 60
56 41
29 30
4 5
37 38
30 31
57 72
56 39
99 89
39 40
47 48
57 69
57 86
28 29
57 62
58 6
57 67
97 98
57 74
58 10
57 79
92 93
57 58
24 25
90 91
58 16
57 85
91 92
26 27
56 45
33 34
57 76
56 43
95 96
22 23
58 12
57 73
43 44
51 52
56 33
