20 24 18 16 22 34 72 38 73 39 74 36 75 37 76 41 77 33 78 42 79 43 80 40 81 45 82 32 83 46 84 47 85 44 86 49 87 88 50 89 51 90 48 91 53 92 30 93 54 94 55 52 97 57 98 58 35 59 56 61 28 62 63 60 65 66 67 64 69 26 70 71 68 4 0 2 6 8 10 12 14 
28 90
73 75
18 26
10 54
16 65
32 0
46 48
38 40
0 2
50 52
66 68
4 42
6 46
6 45
81 83
98 32
78 80
32 10
90 92
4 6
70 72
57 59
24 82
18 22
32 16
16 18
54 56
16 66
4 41
18 69
12 57
32 14
20 30
42 44
74 76
62 64
30 93
82 84
30 94
77 79
34 36
22 77
18 20
37 39
10 53
49 51
18 24
20 74
28 89
22 78
61 63
0 34
45 47
8 49
0 4
53 55
2 38
14 62
14 61
2 37
26 86
26 85
65 67
86 88
32 12
20 73
41 43
32 97
12 58
58 60
0 33
89 91
18 70
24 81
69 71
33 35
18 28
85 87
32 8
8 50
