9 77 36 5 41 67 99 6 37 88 38 3 34 39 40 81 74 42 11 43 89 92 75 44 33 45 96 46 47 14 15 48 64 49 35 94 50 86 51 61 52 85 78 18 80 19 53 16 73 76 54 31 55 62 56 69 22 66 57 87 25 30 59 90 0 26 27 95 24 71 28 63 
30 67
6 43
25 47
26 87
0 16
81 18
3 6
96 51
99 33
99 28
9 54
52 46
14 69
34 30
0 15
44 49
78 50
89 66
16 74
24 0
40 48
99 24
41 80
36 89
6 45
46 62
9 53
33 90
42 5
69 61
75 96
6 19
25 56
44 85
47 81
9 52
6 9
33 63
43 95
15 71
96 57
16 73
42 77
22 92
54 78
6 11
6 44
3 36
16 75
0 27
0 25
89 37
42 64
86 88
33 38
5 41
67 14
34 3
71 39
11 59
71 94
41 76
0 26
74 42
5 40
76 55
42 31
41 34
16 22
74 86
3 35
