39 26 7 37 21 3 36 35 2 1 25 18 34 0 23 24 33 87 14 32 8 31 17 89 4 16 30 22 13 15 29 86 19 12 11 5 20 85 28 27 80 79 78 77 76 74 73 82 72 71 70 68 84 67 66 65 64 63 99 62 60 98 59 58 97 57 56 55 54 53 95 52 51 94 50 93 48 47 46 45 44 92 43 91 42 90 41 40 
97 86
51 35
60 2
1 44
93 3
47 56
51 37
57 82
70 63
29 20
66 74
60 51
29 77
72 25
94 11
82 34
56 31
40 84
51 66
44 12
42 91
29 58
47 80
47 53
47 13
67 85
1 42
44 76
99 67
43 98
47 59
56 89
77 1
29 22
92 24
79 18
52 73
14 71
56 21
77 87
27 15
59 64
51 46
43 39
66 17
43 70
60 65
40 30
99 14
73 92
43 47
70 45
76 7
1 43
1 5
67 54
94 26
80 23
1 48
57 55
14 29
29 94
40 8
72 16
71 97
79 62
47 95
72 68
70 36
53 0
42 57
1 40
29 4
64 33
85 27
77 60
53 90
73 32
84 50
44 28
42 93
53 79
44 41
27 19
59 72
80 78
48 52
