8 14 6 16 30 23 29 3 26 10 2 17 1 21 7 27 5 19 25 9 18 22 31 4 24 20 12 15 11 32 0 13 28 78 79 83 85 87 71 63 88 68 90 86 62 73 70 82 75 94 46 84 92 76 64 89 80 91 74 72 67 52 81 60 44 33 49 55 41 77 66 36 42 51 38 57 50 40 48 69 97 43 61 93 35 65 34 39 95 37 99 45 58 54 53 98 56 96 47 59 
10 36
0 43
1 98
4 25
11 17
1 89
0 51
0 57
31 32
8 14
0 64
1 96
14 22
1 87
1 77
1 82
1 70
1 78
1 95
29 21
16 1
13 7
0 8
0 59
0 47
0 68
0 40
2 31
1 85
0 53
1 90
1 80
4 6
31 29
30 4
13 0
35 2
20 19
3 10
1 73
1 88
0 44
0 65
1 97
0 58
1 75
1 71
39 11
0 41
25 23
24 33
0 52
0 46
0 67
1 83
0 49
1 81
99 3
1 94
1 84
28 34
1 79
35 9
4 13
6 5
0 69
2 20
1 91
1 74
1 92
11 18
1 72
0 45
28 39
3 28
0 66
0 62
39 27
25 24
0 42
20 37
11 30
0 48
0 50
18 15
0 61
29 12
0 55
34 35
1 93
0 38
1 86
0 56
39 16
1 76
3 26
0 60
0 63
0 54
