56 57 54 99 55 68 95 84 87 72 64 79 89 86 62 96 85 92 61 67 76 97 94 77 75 98 65 4 63 0 70 1 71 2 69 3 82 9 80 90 88 91 66 93 78 81 83 44 11 47 48 45 46 51 10 6 5 32 33 34 35 36 37 38 39 40 41 42 43 12 13 14 19 15 16 17 59 18 58 20 21 22 23 24 25 26 27 28 29 30 31 52 49 50 60 8 53 7 
3 8
32 41
58 92
28 32
56 88
36 49
45 65
59 94
57 90
53 81
9 20
60 96
6 13
53 82
30 36
33 28
0 1
6 14
44 63
54 83
39 54
4 9
42 60
25 27
10 21
3 7
28 26
47 70
32 40
8 17
39 55
44 64
36 48
5 12
29 34
48 72
24 11
58 91
50 76
51 78
31 39
35 47
7 15
11 23
11 5
60 95
42 61
4 10
38 53
46 67
62 43
46 68
2 0
37 50
61 98
7 16
9 19
34 44
37 51
29 35
38 52
8 18
31 38
41 59
5 2
26 25
40 56
47 69
59 93
54 84
56 87
45 66
52 80
2 6
34 45
61 97
99 62
48 71
50 75
41 58
33 42
52 79
55 85
55 86
26 29
57 89
35 46
43 33
1 3
40 57
37 30
27 31
1 4
25 37
10 22
51 77
25 24
