42 33 72 15 73 14 41 36 74 3 18 66 75 34 19 55 23 77 9 76 17 43 21 79 80 81 82 83 20 62 84 59 1 39 86 56 87 88 57 89 51 90 5 0 91 54 48 24 92 71 6 60 93 37 7 38 94 4 8 65 69 44 26 31 10 27 97 12 98 67 99 52 13 30 46 32 
62 76
13 10
4 71
0 89
98 48
88 38
84 88
10 81
69 9
55 97
54 90
34 19
57 94
43 13
67 24
66 43
21 39
94 55
17 56
51 37
92 86
81 69
21 8
54 65
21 4
33 1
66 67
80 57
89 27
99 7
54 34
66 20
99 21
5 79
99 12
79 44
77 72
42 17
41 51
99 42
3 52
56 82
6 66
79 87
83 15
42 41
89 54
8 83
42 84
31 73
38 77
9 62
54 46
32 30
91 60
57 91
7 5
0 80
38 93
48 31
24 23
33 3
62 14
8 6
20 36
57 18
89 59
89 32
55 26
3 92
14 74
82 0
87 75
42 33
17 98
