14 13 12 11 5 6 15 16 1 17 18 19 4 21 22 3 23 24 25 26 27 28 29 30 31 32 33 34 35 36 37 38 39 40 41 42 43 44 45 46 9 0 47 48 49 53 72 73 54 74 55 58 75 59 76 56 77 57 78 79 61 52 80 62 81 82 63 60 83 65 84 51 85 66 86 67 87 64 88 69 89 50 90 70 91 92 71 68 93 94 95 96 97 98 99 7 10 8 
0 97
22 72
9 63
40 87
44 33
0 37
17 54
11 41
33 19
41 88
33 82
99 57
52 39
0 96
19 3
36 84
4 15
45 12
24 4
14 67
46 91
14 51
99 0
28 77
51 21
9 26
0 74
11 34
0 79
37 85
50 9
5 60
6 31
47 42
37 5
8 44
31 80
32 14
13 66
10 50
29 78
74 24
59 1
3 13
8 32
6 61
15 55
38 86
21 71
5 46
32 81
40 22
34 23
56 98
0 69
0 92
57 10
39 28
31 49
10 64
11 47
57 11
58 53
76 27
69 17
0 89
1 43
0 59
0 62
24 25
0 94
14 18
26 75
11 65
48 58
10 40
62 8
15 30
9 7
1 45
29 56
10 52
23 73
38 36
44 90
52 35
0 68
0 76
11 29
0 70
27 38
92 48
0 93
52 95
47 16
34 6
34 83
