91 68 95 48 28 60 24 96 50 10 72 33 90 18 61 15 87 17 84 46 0 59 6 49 74 66 5 25 30 98 23 99 85 40 9 89 75 94 79 36 92 44 27 71 14 32 73 39 7 69 21 26 31 63 4 77 80 56 86 35 38 97 43 88 83 12 41 67 29 22 51 1 20 64 81 57 
26 39
33 92
44 68
33 85
49 87
26 69
71 30
30 81
60 75
26 57
14 15
15 43
99 35
41 1
74 36
74 24
29 74
14 94
15 79
99 9
31 90
14 49
67 83
9 67
29 63
41 28
9 80
48 60
84 61
38 44
14 12
71 84
38 5
48 18
49 27
87 7
97 23
38 51
57 73
39 10
85 72
73 86
6 71
31 97
56 20
30 66
83 6
51 17
90 22
9 31
9 48
26 98
79 95
26 89
90 40
91 77
83 26
43 25
29 33
39 56
73 64
35 59
66 4
92 88
68 50
41 32
84 38
60 46
9 91
9 14
74 21
66 0
30 96
15 29
31 41
