18 8 2 6 11 16 1 14 26 33 4 34 23 12 28 25 24 27 7 31 32 35 30 15 29 37 17 36 20 10 5 3 21 19 9 0 22 13 50 56 57 58 59 42 60 65 61 62 46 63 43 64 44 67 45 47 68 51 70 48 74 49 75 41 76 54 77 55 78 52 53 79 80 81 82 83 84 85 86 87 88 89 39 90 38 91 92 93 94 95 96 97 98 99 40 71 72 73 
64 67
47 50
4 7
91 94
41 44
28 31
51 54
79 82
42 45
76 79
99 2
22 25
33 36
57 60
62 65
34 37
68 71
58 61
65 68
52 55
16 19
5 8
9 12
19 22
10 13
78 75
45 48
95 98
38 41
30 33
7 10
40 43
0 3
61 64
20 23
43 46
53 56
99 96
46 49
32 35
56 59
15 18
90 87
35 38
13 16
49 52
59 62
86 89
55 58
50 53
88 91
44 47
67 70
8 11
82 85
1 4
11 14
21 24
25 28
87 84
81 78
2 5
36 39
26 29
73 76
60 63
84 81
83 86
74 77
98 1
92 95
23 26
89 92
12 15
94 97
75 72
6 9
97 0
48 51
37 40
96 93
29 32
77 80
80 83
14 17
70 73
24 27
3 6
39 42
17 20
27 30
54 57
31 34
93 90
18 21
85 88
71 74
