14 27 16 28 88 5 7 43 19 87 26 23 6 33 58 34 12 32 59 31 20 60 41 29 4 39 40 35 25 30 15 18 57 11 36 13 42 24 21 56 9 2 17 37 54 53 3 52 51 50 10 49 48 47 8 0 38 46 45 44 22 1 55 86 85 84 83 67 82 77 62 81 65 70 61 80 66 99 79 73 98 68 97 96 75 78 95 74 94 93 63 69 92 64 91 90 89 76 71 72 
36 21
56 25
56 60
72 67
46 85
37 73
37 16
9 31
55 36
99 74
32 82
10 59
12 68
15 2
99 55
7 24
47 65
46 98
81 40
93 33
55 34
21 51
45 7
1 41
7 43
21 39
63 84
30 56
32 52
85 17
55 83
14 66
21 44
13 12
30 49
21 90
98 77
8 88
90 9
48 89
85 0
78 15
75 42
56 13
91 6
84 96
15 71
93 87
78 35
44 22
6 48
62 58
46 27
96 75
6 80
78 45
29 50
24 20
40 86
34 46
7 3
31 76
21 91
11 93
1 26
63 28
40 47
51 29
95 18
42 72
56 69
98 32
87 78
55 92
47 10
11 5
0 14
1 64
41 19
77 1
90 11
0 4
87 95
35 54
56 62
8 38
25 57
78 63
28 30
63 94
69 8
54 81
2 61
17 23
84 70
35 97
28 37
8 79
96 53
