85 75 84 81 88 86 95 89 94 77 78 80 79 82 76 90 87 92 91 83 93 4 96 99 10 97 13 24 23 3 39 0 20 30 56 50 18 46 29 70 27 44 9 74 35 8 17 49 62 59 28 34 21 11 57 41 43 52 98 71 16 67 51 65 53 12 45 33 68 25 63 26 66 40 72 58 1 7 73 5 69 42 6 55 54 31 36 15 60 14 64 38 32 48 19 61 2 37 22 47 
27 47
0 78
0 95
44 60
42 5
52 37
25 51
55 9
20 3
33 39
0 66
0 62
0 2
0 89
0 98
0 64
0 83
50 11
0 68
11 34
0 91
55 25
5 14
0 74
0 77
59 7
0 65
0 82
99 44
0 72
0 76
0 97
24 42
0 80
32 53
0 61
25 23
14 17
3 6
59 48
0 67
30 26
0 55
35 30
28 15
0 88
53 22
0 81
36 40
2 28
22 18
57 50
0 75
44 31
0 92
0 69
0 86
51 32
53 57
9 58
27 33
0 94
25 54
0 96
18 16
31 4
0 71
27 24
4 21
99 0
36 59
25 20
38 19
27 35
60 43
58 1
42 49
0 79
60 52
0 85
18 56
29 12
37 46
37 45
37 8
1 38
0 87
54 36
0 70
50 41
43 10
0 73
0 90
57 27
0 93
0 84
15 13
0 63
34 29
