73 90 68 95 89 70 88 92 81 75 94 76 86 78 83 71 87 85 82 84 79 80 72 93 66 98 97 69 67 74 91 77 37 38 39 40 41 42 43 44 45 46 47 48 49 50 51 52 53 54 55 56 57 58 59 60 61 4 62 0 63 64 65 2 6 8 10 12 14 16 18 20 22 24 26 28 30 32 33 34 35 36 
49 51
22 77
73 75
46 48
66 68
20 74
61 63
4 30
6 45
6 14
6 12
53 55
4 42
90 92
78 80
12 58
28 89
14 61
20 73
86 88
16 66
14 62
33 35
18 69
69 71
42 44
24 81
74 76
77 79
12 57
8 50
6 8
6 28
28 90
6 26
10 54
10 53
22 78
32 0
38 40
50 52
6 18
98 32
2 6
6 20
6 46
0 34
0 2
81 83
45 47
8 49
24 82
2 38
2 37
70 72
57 59
6 24
26 86
26 85
6 10
54 56
93 95
41 43
65 67
32 97
58 60
0 33
4 41
18 70
2 4
89 91
6 16
62 64
6 22
30 94
85 87
30 93
34 36
37 39
82 84
16 65
