62 63 64 65 66 67 68 69 70 71 72 73 74 75 76 77 78 79 80 81 82 83 84 85 86 87 88 89 90 91 92 93 94 95 96 97 98 0 16 4 6 10 14 19 12 21 23 15 3 7 25 5 20 9 24 22 18 17 11 8 1 13 2 26 27 28 29 30 31 32 33 34 35 36 37 38 39 40 41 42 43 44 45 46 47 48 49 50 51 52 53 54 55 56 57 58 59 60 61 
10 53
11 55
5 44
10 54
22 77
4 19
5 2
17 22
4 42
6 46
6 45
25 83
9 51
29 14
19 18
3 39
28 89
2 38
14 61
14 7
9 4
26 86
14 17
29 15
27 88
11 56
1 35
16 66
14 62
0 33
19 71
7 47
12 57
16 24
7 9
31 26
9 5
28 90
15 64
32 21
27 87
16 65
21 75
15 63
29 91
17 68
22 78
30 94
15 25
23 79
20 74
29 20
9 28
1 36
10 12
28 31
13 60
31 96
98 32
31 27
29 92
0 34
1 8
11 0
3 40
10 30
8 49
21 76
12 58
21 16
2 37
24 82
26 85
17 67
21 29
20 73
25 3
1 23
7 48
32 97
24 1
5 11
16 10
5 43
18 69
19 72
4 41
18 70
19 13
23 80
25 84
15 6
24 81
30 93
9 52
13 59
31 95
8 50
