95 97 91 98 68 85 63 90 84 65 83 87 76 70 89 71 81 73 78 66 82 80 77 79 74 75 67 88 61 93 92 64 62 69 86 72 32 33 34 35 36 37 38 39 40 41 42 43 44 45 46 47 48 49 50 51 52 53 54 55 56 57 58 59 60 4 0 2 94 6 8 10 12 14 16 18 20 22 24 26 28 30 
46 48
4 12
66 68
10 53
4 42
6 46
6 45
61 63
32 30
0 34
4 16
53 55
2 38
14 61
57 59
24 82
14 62
93 95
4 24
54 56
32 97
86 88
20 73
4 41
69 71
74 76
30 93
33 35
42 44
77 79
82 84
12 57
22 77
4 8
37 39
49 51
73 75
10 54
22 78
4 10
32 0
20 74
50 52
38 40
81 83
98 32
90 92
8 49
28 89
45 47
2 37
70 72
12 58
78 80
4 18
26 85
65 67
4 20
4 6
26 86
41 43
32 2
58 60
4 14
0 33
16 66
89 91
4 28
18 70
62 64
24 81
4 26
18 69
28 90
30 94
85 87
34 36
32 4
4 22
8 50
16 65
