76 34 71 99 87 91 95 33 98 84 32 70 73 72 89 42 62 58 61 43 79 92 51 50 54 60 65 81 67 30 57 75 47 44 26 59 68 45 90 28 83 69 88 35 93 25 74 53 85 31 56 48 66 78 94 96 64 82 55 29 46 49 27 97 77 41 63 52 86 80 14 7 2 20 0 18 8 21 4 40 11 6 19 3 17 38 13 23 37 22 12 36 24 15 1 5 9 39 10 16 
11 12
62 63
61 60
64 65
71 70
51 52
68 67
63 64
78 79
94 95
27 28
76 75
54 55
35 36
43 44
96 97
34 35
4 3
60 20
50 51
42 43
6 7
48 49
21 22
32 33
88 4
17 16
92 93
53 54
37 38
82 83
90 45
51 42
67 77
72 61
64 6
59 58
55 56
16 15
61 62
38 39
72 71
88 87
46 47
99 72
85 86
89 88
71 26
77 76
26 27
99 98
20 21
95 96
18 17
7 8
15 14
82 81
83 84
72 73
41 40
31 1
28 29
52 53
18 19
36 37
45 46
1 2
93 94
10 92
60 59
4 5
23 24
32 31
90 50
73 74
8 9
70 69
14 13
60 34
91 90
42 41
22 23
77 78
23 18
56 57
24 25
60 66
81 80
29 30
84 85
84 32
41 82
47 48
10 11
90 89
92 91
1 0
9 10
69 68
