29 18 12 25 22 8 1 4 11 28 30 23 5 38 36 99 26 31 98 35 97 32 27 21 34 19 24 3 96 2 7 16 15 13 6 14 9 10 87 91 84 60 63 83 53 74 88 45 82 62 80 90 56 69 40 71 79 46 44 47 43 67 57 86 85 64 42 94 54 68 93 59 41 81 76 52 51 55 73 61 39 92 49 37 58 78 77 65 72 
18 93
99 14
85 81
24 57
23 46
51 74
45 9
82 42
94 47
18 12
97 96
77 43
77 80
27 15
80 63
69 72
52 56
79 3
12 1
94 16
23 90
71 73
12 10
5 8
94 31
72 41
18 65
31 2
34 24
68 40
51 49
78 6
7 25
8 21
99 69
74 61
65 87
59 60
72 77
63 67
52 84
59 79
40 45
65 22
34 27
43 28
93 52
72 82
31 34
23 18
34 19
37 30
3 68
40 29
23 59
46 32
92 58
52 64
8 88
57 92
72 78
65 35
71 86
36 91
40 51
24 71
69 7
43 5
12 55
79 26
63 36
14 13
36 11
74 44
21 85
74 62
90 53
99 98
91 37
55 54
64 83
43 4
34 23
5 76
37 94
78 97
72 39
46 38
