72 6 71 41 40 11 58 99 39 70 89 38 81 68 46 78 3 49 37 88 67 90 57 52 92 87 96 44 12 84 97 36 26 66 25 43 82 23 65 53 18 22 17 98 64 63 54 95 34 9 33 56 76 10 75 1 62 61 32 0 31 5 2 21 7 42 60 59 8 30 73 29 14 13 
10 66
23 92
96 98
78 70
82 96
90 41
49 89
98 0
81 52
17 2
7 64
7 6
40 81
17 9
10 75
72 23
92 58
90 32
76 65
96 59
7 18
38 30
71 26
71 90
2 39
99 82
59 17
98 5
88 7
99 21
46 73
67 31
62 3
7 71
36 42
75 25
17 8
89 63
67 14
97 43
10 12
18 13
96 68
99 88
33 44
53 29
81 11
68 57
98 53
39 61
99 87
53 60
7 72
18 54
49 62
99 10
23 97
7 95
17 49
36 40
18 1
72 76
62 22
38 46
59 78
29 38
71 56
53 84
23 34
34 36
97 37
17 33
12 67
