56 57 58 59 60 61 62 63 64 65 66 67 68 69 70 71 72 73 74 75 77 98 78 79 80 81 82 83 88 86 84 90 92 89 96 85 91 93 4 0 1 3 9 5 6 8 12 13 15 16 17 18 19 99 21 22 24 25 26 27 29 30 31 32 34 35 37 39 40 41 42 46 47 49 50 52 53 54 55 
78 41
1 89
0 54
0 57
0 62
0 69
1 91
0 77
0 64
0 66
39 34
61 17
15 22
1 5
0 83
0 71
1 32
66 24
1 96
1 85
30 40
15 39
1 90
47 25
0 61
0 80
0 65
67 26
62 19
0 55
0 67
74 35
57 13
0 63
1 86
0 73
26 3
90 8
0 49
5 47
0 81
64 21
0 78
1 98
1 84
0 75
1 92
99 1
0 37
60 16
0 74
17 31
79 42
32 72
98 18
0 68
0 59
0 53
59 15
72 0
1 29
0 79
0 50
91 9
1 93
29 70
0 82
71 30
30 46
0 56
86 4
88 6
68 27
0 58
1 88
0 52
56 12
0 60
