59 96 31 84 29 60 85 3 57 32 99 24 62 4 63 8 65 89 66 67 10 94 68 95 92 52 53 18 37 21 58 54 33 55 50 35 70 71 23 36 9 42 72 12 38 86 73 14 39 13 40 2 76 1 15 41 43 77 11 19 78 79 46 25 47 82 28 17 48 83 22 0 27 
94 4
4 22
59 71
4 52
94 23
17 92
21 9
96 31
99 84
63 3
18 50
99 27
67 60
24 86
12 21
13 29
21 67
72 15
21 57
24 46
89 63
68 32
96 43
99 0
21 70
65 37
43 73
59 19
95 39
21 76
57 78
58 42
9 94
4 54
33 40
0 55
12 13
21 79
21 82
15 66
55 33
24 58
1 72
99 12
18 14
94 28
53 48
47 25
21 59
24 18
76 36
53 47
24 85
10 38
96 11
94 96
31 35
41 53
50 68
21 65
94 1
99 62
89 95
99 8
67 10
15 41
72 17
12 77
41 89
31 2
59 24
1 83
