43 44 75 9 12 13 5 76 45 14 46 77 78 47 15 16 79 0 17 3 19 51 20 52 83 85 22 2 11 24 87 88 26 89 4 59 10 28 60 92 7 29 61 30 31 65 33 34 74 66 35 67 36 68 8 69 38 71 73 42 
3 20
4 19
74 31
35 13
30 65
88 61
3 4
19 30
92 44
8 16
44 78
35 74
20 7
68 5
75 9
79 12
20 46
16 35
65 89
73 0
88 83
67 77
19 14
36 85
16 52
71 3
36 11
68 76
16 26
68 22
78 71
67 38
79 43
79 45
47 88
52 68
88 87
71 51
71 28
26 36
77 66
20 69
42 29
68 10
19 60
42 34
42 75
75 2
26 15
4 47
20 73
28 8
35 79
26 42
46 33
46 67
75 24
16 59
46 17
