88 90 89 87 86 83 85 84 82 80 79 78 5 76 75 22 74 73 72 71 70 67 66 21 65 64 20 61 19 59 58 57 56 55 52 51 23 49 48 18 47 17 16 45 15 44 14 13 42 41 12 1 39 11 38 10 8 36 7 35 25 6 9 33 2 32 99 3 31 30 0 96 29 95 4 28 91 93 27 26 92 40 97 
78 61
6 88
75 78
7 52
1 7
15 20
28 90
1 84
30 70
66 51
97 67
78 4
5 25
6 42
18 71
9 59
1 5
21 66
8 13
11 80
8 75
32 95
1 65
6 64
48 27
21 47
1 45
23 9
23 40
84 30
40 58
10 89
8 36
55 31
22 96
42 86
25 8
6 3
66 28
2 39
21 56
18 19
15 11
7 2
11 32
16 83
33 38
47 23
7 10
59 12
5 18
49 1
6 17
14 22
47 14
10 29
99 49
14 44
8 33
15 55
30 73
15 87
2 35
32 74
52 41
2 85
7 76
8 93
18 0
14 6
13 15
45 97
8 82
28 16
2 91
90 72
11 92
90 57
5 48
6 26
13 21
21 79
