74 95 81 79 99 97 67 89 64 93 91 73 62 96 72 75 82 83 76 80 41 68 40 98 61 70 51 77 65 78 33 52 66 54 71 43 55 84 45 94 35 86 49 56 48 87 37 57 63 46 88 36 90 39 38 69 92 44 47 42 60 50 53 34 59 85 58 13 28 27 26 29 24 19 12 30 20 9 16 14 11 32 5 7 10 1 8 15 22 17 6 31 25 18 0 4 2 3 23 21 
0 78
0 67
2 5
0 54
11 6
0 57
0 69
49 37
1 91
1 95
0 63
7 4
0 83
1 92
19 38
0 77
40 0
7 18
1 31
0 74
1 93
0 68
43 49
0 82
40 20
51 11
38 43
0 65
15 3
0 58
99 17
21 42
13 9
14 13
0 70
0 56
42 34
28 19
10 26
16 2
31 40
1 98
6 7
0 60
44 28
6 32
0 84
30 48
0 81
1 89
14 12
99 1
31 29
0 75
1 96
46 35
0 64
0 66
1 87
32 30
50 8
17 14
0 62
0 59
38 22
7 44
7 24
22 33
0 71
0 53
13 10
0 85
1 90
0 79
0 41
9 15
0 61
0 72
1 97
49 23
0 80
44 39
0 55
0 76
8 25
10 45
0 52
0 73
17 36
21 27
1 86
17 16
50 46
1 88
10 50
1 94
1 51
35 21
2 47
