86 98 99 43 19 32 97 85 9 33 96 20 37 3 36 13 84 2 40 15 83 5 35 95 31 74 73 28 24 29 81 30 76 34 4 94 93 41 27 92 26 42 7 44 10 82 18 38 39 77 91 0 72 16 14 78 1 8 79 6 25 45 90 21 89 80 12 75 11 88 22 87 23 17 50 62 47 63 65 57 59 52 71 67 61 60 54 53 68 55 58 48 56 46 66 69 64 70 51 49 
3 89
14 12
3 84
2 74
22 6
3 93
0 34
24 17
1 43
4 94
3 86
0 9
21 1
0 27
0 39
2 72
3 85
2 24
1 47
2 62
4 21
5 13
1 55
2 67
0 33
1 57
3 10
1 59
0 36
2 63
2 77
3 11
0 41
2 71
3 90
0 26
1 53
0 31
21 75
4 95
10 0
4 97
4 5
2 66
3 91
10 18
19 8
2 76
2 73
99 4
1 61
2 78
1 56
0 37
0 30
75 2
1 44
1 51
1 54
3 81
3 83
1 49
24 7
3 88
4 14
2 64
4 96
0 40
0 42
1 52
1 45
0 29
3 80
4 98
1 50
2 22
0 35
0 38
1 60
2 70
3 82
22 19
3 87
2 68
2 65
3 92
25 23
3 79
4 25
1 58
22 3
19 15
1 48
0 28
1 46
9 20
2 69
0 32
13 16
