82 67 80 83 10 65 84 29 40 85 68 1 86 3 87 62 88 33 78 89 72 90 91 35 92 26 44 93 48 94 36 20 95 96 56 47 97 17 8 98 81 99 2 41 30 24 74 37 0 60 54 76 22 43 73 6 49 50 23 46 39 59 61 38 9 53 45 19 13 69 27 64 21 7 55 18 77 28 52 4 79 70 14 75 16 34 31 51 11 63 15 32 25 57 5 12 42 71 58 66 
82 30
0 76
25 61
57 17
76 82
28 79
91 43
47 46
16 81
77 88
77 28
59 31
55 87
93 37
2 24
3 20
59 45
30 63
77 38
80 12
28 97
94 83
27 4
36 74
66 42
0 22
65 53
18 75
60 51
45 3
47 23
87 16
15 98
36 13
73 44
87 52
25 77
59 68
91 90
0 33
38 93
61 5
14 47
13 95
29 64
12 36
61 6
5 59
92 84
63 15
29 48
12 41
70 56
0 19
13 91
2 54
84 1
7 85
6 26
18 89
24 18
30 94
15 71
99 49
0 7
57 9
25 11
59 27
96 50
57 14
52 34
6 72
52 78
50 25
0 39
60 73
9 92
3 55
99 57
40 32
96 70
91 66
5 65
49 2
92 10
1 8
70 29
3 67
59 0
65 80
25 69
11 21
30 58
61 86
10 96
87 60
56 40
28 35
12 62
