18 16 26 34 71 9 44 72 37 11 2 49 69 10 32 52 74 29 46 0 42 47 3 48 17 50 25 41 4 51 33 57 14 28 58 40 30 12 54 19 56 31 53 1 27 7 23 59 68 36 60 20 63 5 61 35 66 22 64 62 43 13 38 39 70 8 21 67 15 73 24 6 
0 15
1 46
0 26
74 3
1 39
1 56
0 20
3 64
0 8
0 6
1 69
0 17
3 44
29 50
3 35
0 11
3 0
14 51
29 40
0 22
24 53
35 47
0 58
1 59
35 57
24 63
11 52
0 27
14 31
3 54
24 33
0 38
0 13
24 43
0 16
0 7
0 68
3 34
0 18
3 71
11 62
0 29
0 12
3 41
1 49
0 23
29 70
29 60
0 9
3 72
0 1
1 66
0 28
35 37
11 32
0 48
3 73
0 14
0 25
0 24
0 19
35 67
14 61
0 30
0 5
11 42
0 10
0 2
0 21
0 4
1 36
