51 48 45 42 43 50 63 47 49 36 44 66 46 79 30 39 41 38 31 40 33 37 59 32 35 27 28 34 29 74 72 22 25 21 24 26 61 68 5 60 10 69 58 18 14 71 23 73 19 13 17 77 64 20 78 15 8 76 11 80 65 12 16 75 67 9 81 70 82 83 84 4 85 6 86 57 87 7 88 89 1 62 90 0 91 92 2 93 94 95 96 3 97 99 56 98 53 54 55 52 
5 18
90 89
5 7
69 92
11 62
5 88
37 91
4 50
6 41
29 78
7 68
97 82
30 85
52 67
37 77
11 23
16 27
34 65
5 53
10 22
24 28
99 52
4 81
6 17
34 47
5 64
42 70
6 32
36 83
6 59
52 57
25 21
5 33
6 40
67 0
6 10
95 90
23 66
48 19
34 14
10 29
43 61
5 75
5 8
37 49
22 24
6 63
64 58
39 15
16 9
35 54
37 76
29 43
46 60
13 3
52 38
4 84
6 11
37 94
23 87
91 96
8 44
24 56
35 79
57 35
69 97
52 5
4 25
4 55
18 51
35 48
7 2
6 39
8 1
10 36
71 6
37 26
13 31
52 69
49 71
69 37
4 16
89 86
91 34
13 74
52 42
20 80
7 72
57 98
99 13
57 4
13 45
5 20
10 30
18 73
4 93
92 95
33 12
7 46
