0 6 7 3 9 5 1 4 10 2 11 8 44 48 49 50 47 51 28 52 18 53 45 54 42 55 32 56 25 57 39 58 30 59 35 60 23 61 17 62 20 63 34 64 41 65 24 66 12 67 68 31 69 70 71 27 72 73 38 74 40 75 76 37 77 36 78 79 80 81 82 33 83 43 84 16 85 19 86 87 88 15 89 14 90 91 92 93 94 13 95 96 97 26 98 99 22 29 21 46 
77 78
20 21
22 23
5 6
62 63
59 60
58 59
7 8
16 17
61 62
78 79
4 5
81 80
45 46
28 29
0 1
13 14
69 70
3 4
23 24
27 28
99 0
87 86
33 34
54 55
11 12
32 33
10 11
64 65
60 61
52 53
40 41
67 68
18 19
25 26
48 49
21 22
71 72
26 27
17 18
98 97
29 30
66 67
36 37
91 90
55 56
70 71
47 48
9 10
65 66
14 15
37 38
41 42
51 52
56 57
99 98
90 89
97 96
42 43
73 74
12 13
31 32
34 35
53 54
84 83
35 36
15 16
96 95
2 3
43 44
74 75
76 77
89 88
95 94
72 73
75 76
93 92
57 58
1 2
88 87
44 45
39 40
8 9
68 69
49 50
86 85
82 81
92 91
50 51
63 64
24 25
38 39
46 47
94 93
19 20
6 7
30 31
85 84
83 82
