13 54 26 60 14 52 61 55 57 19 62 5 47 7 27 63 32 64 65 20 15 66 16 33 56 67 68 69 53 11 41 44 58 22 39 12 28 35 37 30 36 25 50 23 38 17 34 3 42 21 18 4 48 43 10 29 0 1 51 40 9 8 45 2 24 31 
29 22
18 55
4 18
12 68
1 44
69 10
5 41
1 60
9 45
7 51
5 64
9 52
7 65
15 9
1 42
1 4
1 30
7 25
18 15
1 20
5 34
0 33
12 28
8 57
3 47
0 63
19 37
10 39
1 40
12 38
11 5
22 16
3 50
21 27
11 66
0 23
23 21
7 35
27 61
10 1
7 11
11 36
7 3
19 2
4 48
8 17
21 13
21 53
15 54
11 26
19 58
19 67
1 0
29 62
22 56
1 43
1 12
10 29
15 24
27 8
15 14
29 32
27 19
21 7
27 31
