75 89 20 84 29 69 51 66 2 3 86 50 18 93 57 5 76 96 63 1 27 91 98 4 28 58 35 61 85 44 14 40 78 15 47 72 80 25 90 9 62 21 82 88 54 99 22 81 38 94 17 45 74 11 37 73 34 49 56 60 67 19 
51 93
51 90
50 49
99 51
50 18
50 29
50 45
50 4
51 85
51 94
51 81
51 96
51 80
51 78
51 63
51 67
50 2
50 19
50 20
51 74
51 72
51 57
50 5
51 86
50 27
50 22
50 44
51 73
51 91
50 35
51 60
51 50
50 38
51 69
50 25
50 47
50 34
50 37
50 17
51 76
50 40
51 61
51 98
50 9
51 84
51 82
51 62
51 56
50 1
51 89
50 14
50 3
51 54
51 66
51 88
51 75
50 15
51 58
50 21
50 28
50 11
