88 35 39 87 46 79 74 75 78 51 49 83 64 34 73 69 42 62 96 38 55 91 37 85 36 84 44 68 58 82 57 65 81 71 77 72 90 86 98 89 92 97 99 66 76 94 59 93 80 41 56 95 63 45 47 53 43 70 60 52 40 61 54 67 48 50 1 4 5 29 30 25 7 26 17 10 31 11 9 2 33 19 6 13 24 0 32 16 27 21 22 8 15 20 3 14 28 18 23 12 
98 97
68 67
8 9
40 39
76 75
28 29
73 72
82 81
55 54
72 71
50 49
67 66
60 59
45 44
78 77
62 61
57 56
0 1
38 37
11 12
17 18
23 24
5 6
14 15
41 40
13 14
89 88
80 79
96 95
77 76
70 69
74 73
27 28
18 19
85 84
30 31
46 45
42 41
94 93
10 11
12 13
51 50
59 58
20 21
37 36
22 23
88 87
52 51
91 90
43 42
48 47
79 78
84 83
49 48
99 0
47 46
24 25
33 34
81 80
66 65
53 52
26 27
61 60
56 55
97 96
64 63
75 74
71 70
1 2
83 82
90 89
44 43
3 4
7 8
2 3
65 64
87 86
21 22
15 16
93 92
34 35
63 62
4 5
25 26
69 68
92 91
19 20
54 53
39 38
9 10
58 57
16 17
32 33
29 30
6 7
95 94
86 85
99 98
31 32
