98 97 52 32 46 60 62 51 24 45 44 48 59 37 56 50 57 30 42 33 55 39 63 26 43 58 41 38 40 35 36 49 64 54 53 28 65 61 34 47 73 74 75 76 77 78 79 80 81 82 83 84 85 86 87 88 89 90 91 92 94 93 72 71 4 0 2 70 6 69 8 10 12 68 14 16 67 18 66 20 22 
10 53
73 75
4 10
10 54
38 40
46 48
98 32
50 52
20 74
6 46
6 45
61 63
78 80
53 55
8 49
4 42
70 72
4 18
2 38
57 59
90 92
4 6
14 62
26 85
24 82
4 24
4 20
0 4
26 86
65 67
54 56
12 58
89 91
4 28
4 14
0 33
42 44
74 76
77 79
30 93
82 84
8 50
28 90
22 77
4 8
16 65
49 51
22 78
30 94
4 22
32 0
4 12
66 68
32 30
0 2
81 83
0 34
4 16
28 89
45 47
2 37
14 61
86 88
32 97
20 73
4 41
41 43
4 26
58 60
16 66
18 69
18 70
69 71
62 64
24 81
33 35
85 87
34 36
12 57
37 39
