5 94 11 12 9 0 4 3 8 10 53 7 6 2 13 1 86 42 90 95 54 35 49 82 66 33 62 67 88 30 77 34 48 44 68 60 37 89 47 39 98 59 93 40 73 28 85 36 43 25 80 46 64 97 26 83 63 75 45 79 32 76 29 96 69 74 65 92 71 81 61 91 70 72 27 38 50 17 23 41 19 78 18 99 16 84 51 20 14 87 15 55 21 52 56 24 57 22 
91 39
86 88
9 32
99 62
60 95
89 25
19 50
15 43
6 27
33 53
71 36
18 7
12 70
67 10
26 66
4 41
23 16
57 79
17 73
71 89
96 94
87 56
18 77
65 52
87 26
24 5
95 59
38 29
26 93
97 83
56 80
25 8
75 45
52 3
49 82
33 85
11 96
22 86
97 33
48 68
41 38
64 57
23 91
87 28
99 72
13 35
62 24
12 69
92 20
9 15
53 23
93 97
38 34
11 74
9 37
72 22
12 0
69 14
95 12
75 46
21 76
97 64
39 55
3 19
48 81
18 47
33 4
23 61
93 84
95 21
67 54
41 90
56 9
33 71
25 13
13 11
87 18
38 65
2 44
6 75
84 63
99 87
95 49
91 98
17 30
6 42
9 60
79 51
41 1
93 2
32 92
6 67
89 6
65 78
75 48
26 17
12 40
