68 73 74 27 75 16 76 77 1 78 3 79 80 26 81 9 82 83 6 84 85 14 86 24 87 88 0 89 90 21 91 61 17 92 56 4 93 41 49 94 95 67 19 96 37 97 31 2 98 57 99 64 62 60 23 20 71 72 50 36 58 69 11 65 53 8 29 54 66 47 25 35 51 7 43 18 59 32 46 30 10 34 63 55 28 45 15 33 22 70 39 52 13 40 5 42 48 38 44 12 
83 81
32 30
69 70
47 45
12 11
18 17
75 76
6 5
5 3
59 57
93 92
32 31
36 37
62 61
61 60
65 63
57 56
45 46
45 44
48 47
78 79
75 74
66 65
87 86
56 54
78 77
96 95
15 14
20 18
67 66
13 12
50 48
17 15
14 13
24 23
33 34
35 33
3 2
36 35
41 39
63 64
63 62
72 71
21 20
51 50
21 22
74 73
3 4
98 97
57 58
83 82
18 19
90 89
54 55
27 28
99 98
80 78
38 36
30 29
71 69
68 67
39 38
60 59
52 51
73 72
92 91
95 93
44 42
86 84
2 1
27 26
41 40
89 88
26 24
11 9
93 94
2 0
17 16
77 75
24 25
86 85
42 41
88 87
69 68
54 53
53 52
8 6
9 8
48 49
6 7
91 90
23 21
33 32
84 83
44 43
81 80
9 10
97 96
29 27
