8 38 66 21 18 39 65 4 40 43 12 41 69 67 70 13 68 31 72 0 37 42 73 76 48 71 74 3 44 6 45 9 46 47 22 1 49 50 14 51 35 75 10 54 2 33 55 25 24 15 56 30 36 57 17 32 58 11 23 59 7 27 60 16 63 34 20 61 62 26 5 19 64 
70 69
76 63
40 48
14 15
41 43
22 21
66 65
76 64
12 8
59 58
26 27
6 5
31 30
60 59
18 72
20 19
48 50
70 61
70 67
42 45
10 17
57 55
11 7
8 10
62 60
59 75
11 12
43 44
17 18
18 3
48 47
76 68
54 31
22 23
8 9
23 25
2 1
37 38
38 40
39 42
48 49
1 0
67 66
32 33
27 32
57 56
3 2
56 54
36 37
25 26
43 46
16 11
33 34
40 39
76 70
25 24
76 62
40 41
69 73
72 71
50 51
60 74
58 57
55 20
19 16
30 22
33 35
33 36
12 14
3 4
12 13
8 6
