91 90 89 88 87 86 85 84 83 82 81 80 79 78 77 76 75 74 73 72 71 99 98 70 69 68 67 66 65 64 63 97 96 62 61 60 95 94 59 58 57 93 56 92 55 54 53 52 51 2 33 23 18 38 16 31 27 19 36 41 47 35 43 49 26 3 10 8 44 14 48 20 5 25 9 0 39 30 28 1 37 34 22 4 17 12 32 6 45 24 11 13 50 7 46 21 42 40 15 29 
44 14
48 54
0 81
23 18
0 66
0 69
0 86
32 13
0 89
0 64
0 71
99 0
0 96
0 62
11 60
12 7
20 34
2 50
9 27
22 51
48 6
0 26
25 10
41 57
0 80
26 55
3 23
86 36
0 97
15 41
0 70
43 2
16 37
56 19
0 73
29 16
47 56
49 9
0 78
0 63
0 67
0 84
17 48
16 12
0 95
26 53
0 88
9 46
60 17
0 92
3 1
0 75
1 47
18 58
36 40
0 83
59 42
1 30
36 45
0 77
36 59
0 98
7 5
56 49
31 11
0 85
0 74
0 79
0 94
31 24
0 68
32 22
32 44
6 38
57 39
0 61
0 91
31 43
0 72
4 8
0 82
10 20
30 35
0 65
59 29
0 87
0 76
32 21
26 3
0 93
40 31
16 52
43 15
0 90
18 32
8 33
3 25
32 28
38 4
