1 4 5 0 9 8 7 42 10 43 41 40 2 39 11 6 38 44 3 57 52 66 77 48 47 73 68 70 72 64 67 63 46 59 36 79 45 35 71 34 51 56 61 33 54 78 50 62 53 65 55 76 80 58 49 69 60 75 32 74 31 81 30 82 29 83 28 84 27 85 26 86 25 87 24 88 23 89 22 90 21 91 20 92 19 93 18 94 17 95 16 96 15 97 14 98 12 99 13 37 
54 53
35 34
58 57
10 9
5 4
46 45
11 10
97 96
19 18
63 62
18 17
53 52
92 91
55 54
31 30
3 2
80 79
15 14
47 46
66 65
9 8
59 58
70 69
1 0
91 90
42 41
90 89
20 19
2 1
49 48
62 61
40 39
38 37
28 27
83 82
76 75
50 49
99 98
36 35
74 73
37 36
73 72
51 50
56 55
12 11
72 71
39 38
81 80
26 25
64 63
27 26
68 67
93 92
21 20
57 56
78 77
88 87
30 29
8 7
43 42
17 16
45 44
87 86
86 85
94 93
61 60
25 24
75 74
41 40
69 68
52 51
33 32
89 88
16 15
23 22
14 13
77 76
84 83
4 3
7 6
60 59
29 28
67 66
65 64
13 12
85 84
48 47
71 70
32 31
82 81
44 43
79 78
98 97
34 33
6 5
24 23
96 95
95 94
22 21
