97 72 71 96 81 99 33 12 23 14 98 78 22 30 17 24 10 13 92 26 18 83 91 75 21 29 77 76 74 35 84 80 25 73 20 34 11 19 36 85 79 28 86 31 87 37 8 94 90 82 93 15 16 95 27 7 32 88 89 68 58 54 39 5 6 67 61 59 45 69 66 44 4 50 48 41 1 64 57 52 47 53 46 51 40 9 60 56 43 2 63 3 49 38 62 55 42 65 70 0 
34 59
40 2
24 57
25 36
0 75
0 66
0 77
24 43
44 53
0 64
40 21
31 44
5 25
0 83
44 35
99 0
56 60
50 20
7 18
0 74
0 94
38 17
81 24
0 68
0 72
35 47
5 52
30 13
0 65
5 7
0 79
0 85
6 29
8 42
0 80
51 11
0 76
0 97
0 73
0 93
33 58
25 55
24 33
47 19
5 39
3 48
14 38
60 45
25 50
0 67
43 10
25 1
0 95
31 8
46 26
58 46
0 88
14 34
0 86
0 71
0 22
53 23
11 40
0 89
0 69
44 3
0 92
14 54
10 9
7 31
0 96
0 62
0 98
35 37
48 41
0 91
45 16
41 32
24 51
0 82
0 14
0 70
0 90
29 27
66 5
37 30
25 6
7 61
59 12
0 87
0 78
0 63
5 15
6 28
38 4
60 49
48 56
0 81
0 84
