3 4 1 2 65 99 71 70 81 84 69 61 76 86 83 59 97 93 82 89 58 64 73 94 57 74 72 95 62 60 67 68 66 79 77 0 87 85 88 63 75 98 78 80 46 13 49 50 47 48 53 12 8 7 34 35 36 37 38 39 40 41 42 43 44 45 14 15 16 17 18 5 19 9 20 22 23 24 25 26 27 28 29 30 31 32 33 54 51 52 6 56 11 55 10 
16 59
33 85
2 74
57 6
99 79
81 72
65 64
58 27
31 28
57 73
87 10
34 55
14 26
27 13
51 25
73 68
58 22
36 30
3 98
15 20
17 34
86 44
82 12
20 19
81 89
23 8
33 54
0 9
65 83
16 24
73 36
53 14
27 97
88 76
32 53
64 78
76 50
99 93
88 29
48 5
69 84
58 40
49 66
81 82
99 87
89 94
25 31
88 61
65 37
20 69
5 49
57 48
57 77
25 32
53 86
48 62
6 11
58 35
74 63
2 56
17 43
13 23
43 80
71 46
65 51
73 71
51 41
48 38
54 45
71 33
41 70
88 81
12 58
74 39
30 18
81 57
61 47
9 3
32 42
49 15
2 16
52 60
40 17
99 65
32 88
8 1
63 4
60 0
16 67
89 52
2 75
31 2
38 7
81 95
