16 9 12 6 4 1 14 7 3 11 0 5 15 19 18 10 13 8 2 17 77 78 71 75 79 73 74 76 88 58 72 59 65 69 70 68 33 63 84 62 67 98 66 60 61 93 64 55 50 52 56 57 53 48 47 46 54 51 45 41 43 90 80 44 49 83 32 99 39 92 20 85 42 29 86 22 35 81 38 89 25 94 30 40 95 96 23 36 37 82 28 27 91 34 31 87 26 21 97 24 
21 81
84 94
85 11
65 84
55 86
29 3
19 83
87 22
91 49
11 66
90 69
81 73
54 74
70 97
5 23
31 87
48 46
74 15
1 34
36 12
78 47
20 28
12 53
33 30
40 45
42 10
88 65
26 31
49 90
73 64
44 16
57 63
2 35
93 61
32 8
92 32
99 37
16 79
9 5
60 52
13 44
62 2
98 19
99 43
76 26
25 95
23 50
77 17
82 89
89 38
66 93
46 85
30 42
63 36
37 96
96 21
0 33
53 9
7 80
35 24
86 67
6 18
3 13
83 51
8 68
97 91
52 92
75 0
22 25
41 71
71 6
94 77
39 48
17 29
67 56
50 58
56 82
4 72
18 54
51 88
28 75
58 76
68 7
95 41
59 1
64 4
14 40
24 39
80 98
34 62
10 27
79 59
61 14
27 55
15 78
69 60
43 70
45 20
38 57
