98 99 45 44 70 63 93 69 8 81 39 89 57 72 32 11 68 60 7 33 3 52 50 19 37 30 40 9 26 23 82 55 12 22 85 71 76 66 4 86 64 5 91 94 51 84 62 31 56 54 80 29 48 49 28 77 73 90 61 2 95 65 20 1 34 58 35 0 36 88 14 21 53 43 15 42 96 25 79 74 13 18 75 47 78 92 46 6 27 67 41 59 17 87 16 38 24 10 83 97 
48 49
99 98
19 16
73 72
55 54
56 55
48 47
34 33
39 41
58 56
25 24
1 2
84 83
52 51
44 43
14 12
47 46
31 30
61 63
54 52
44 45
83 82
66 65
95 96
7 6
24 27
46 44
82 80
35 34
51 53
65 64
67 68
51 48
77 78
26 25
85 86
87 85
74 75
37 35
37 38
89 88
8 7
62 60
59 58
39 37
89 91
33 31
95 94
10 8
80 79
34 36
79 77
12 10
60 59
98 97
30 29
10 11
60 61
92 90
16 14
72 71
40 39
67 66
97 95
42 40
29 26
4 1
6 5
16 18
69 67
71 70
94 92
55 57
1 0
38 50
1 3
90 89
76 74
14 15
23 22
80 81
20 19
5 4
22 20
27 28
12 13
20 21
70 69
24 23
85 84
77 76
43 42
88 87
7 9
15 17
65 62
31 32
92 93
74 73
