49 82 48 79 64 69 95 71 63 83 81 87 47 70 94 66 46 73 77 62 76 61 84 60 92 45 72 43 59 85 67 78 68 86 58 65 57 56 88 80 55 74 91 90 50 54 96 53 52 89 75 51 44 93 34 22 26 41 97 14 12 25 35 19 13 2 27 16 98 29 15 21 42 0 18 8 3 7 11 17 32 30 33 39 28 38 23 9 36 31 20 40 37 1 24 5 10 6 4 
20 74
11 55
10 54
23 79
8 3
5 44
6 45
15 22
9 31
31 96
13 60
5 0
8 49
3 39
29 92
2 38
21 14
21 26
2 37
7 48
32 97
23 80
11 56
0 33
5 43
5 21
18 69
7 47
0 6
24 81
25 84
30 93
9 17
17 2
8 50
27 87
5 29
23 11
1 19
0 27
15 64
10 25
21 75
30 12
28 90
22 77
15 63
16 65
10 53
22 78
1 36
6 46
2 5
0 34
25 83
98 32
4 42
9 51
21 76
28 89
24 82
15 8
3 40
10 7
15 1
17 67
6 24
14 62
26 85
14 61
27 88
26 86
20 73
3 16
12 58
16 23
1 35
16 66
12 28
18 70
6 30
19 71
19 72
4 41
32 9
32 4
19 20
22 13
29 91
28 10
2 15
30 94
9 52
12 57
13 59
31 95
32 18
17 68
