36 35 34 19 26 3 15 27 6 23 37 1 38 7 39 22 40 41 20 16 42 9 43 44 24 45 46 47 17 48 49 50 51 13 52 0 53 54 18 11 2 10 12 64 14 65 66 8 67 68 25 69 21 4 70 71 5 31 72 73 32 74 33 75 76 77 78 79 80 81 82 83 84 85 86 87 88 89 90 91 92 93 94 95 96 97 98 99 28 30 29 
4 50
3 40
19 24
2 30
9 93
7 80
0 14
7 74
64 65
4 46
7 6
82 86
8 82
7 77
9 96
0 18
0 1
2 34
64 68
3 37
19 21
2 3
0 15
3 43
82 87
19 27
7 76
2 33
9 91
64 69
2 28
4 48
3 38
19 22
3 44
7 73
0 12
4 51
9 8
82 83
2 29
0 16
8 7
82 88
4 47
1 19
4 53
3 41
19 25
6 5
64 66
9 92
2 36
64 72
9 0
99 9
3 42
19 26
0 13
6 64
2 35
82 84
82 89
9 95
4 52
7 79
4 54
9 94
0 17
19 20
64 70
64 67
0 10
9 98
4 49
3 45
2 31
2 32
82 85
7 75
9 97
7 78
0 11
3 39
3 4
19 23
82 90
64 71
7 81
9 2
