31 33 9 40 8 1 38 17 34 20 16 28 43 39 12 14 21 5 41 18 10 36 15 37 27 6 13 4 29 30 22 7 26 19 25 35 42 0 23 3 24 2 11 32 44 45 46 47 48 49 50 51 52 53 54 55 56 57 58 59 60 61 62 63 64 65 66 67 68 69 70 71 72 73 74 75 76 77 78 79 80 81 82 83 84 85 86 87 88 89 90 91 92 93 94 
11 52
52 67
20 35
1 80
28 81
19 61
60 59
63 89
24 25
1 62
74 6
36 83
9 28
92 51
93 86
62 55
35 34
4 1
11 39
71 74
4 44
16 72
22 48
7 66
94 92
26 24
91 13
8 7
18 17
11 10
1 0
24 71
9 54
7 38
88 82
55 14
23 32
54 53
16 78
83 37
84 58
29 91
92 15
85 75
93 50
21 42
57 68
94 30
10 31
34 33
13 76
75 77
39 41
38 90
5 9
19 20
78 65
94 47
91 26
64 88
17 16
61 60
1 29
94 2
31 57
80 46
2 4
2 3
1 49
51 43
22 27
3 21
22 73
52 22
2 12
2 69
94 23
22 56
1 5
35 36
6 93
12 8
15 85
83 84
36 64
12 11
25 87
77 70
19 18
32 63
86 19
64 79
20 40
79 45
