64 66 67 69 62 70 63 65 68 0 71 72 1 73 2 74 3 75 4 76 9 77 5 78 6 79 7 8 80 81 10 11 82 83 84 13 85 14 86 15 87 16 88 17 89 18 90 19 91 20 92 21 93 22 94 23 95 24 96 25 97 26 98 99 29 30 31 33 34 35 37 38 39 40 41 42 43 44 46 47 48 49 51 52 53 54 55 56 57 58 59 60 61 
0 75
41 59
85 21
0 92
0 83
73 6
0 89
47 63
67 34
17 64
0 96
99 0
41 13
0 77
0 94
0 61
76 9
83 18
0 72
0 91
87 24
11 20
0 80
67 38
38 49
7 46
46 4
82 17
78 11
1 29
0 79
80 15
46 19
0 55
11 67
55 8
0 87
0 73
0 78
55 42
94 33
0 84
69 51
0 57
15 44
51 43
77 10
0 88
3 66
9 25
6 54
1 39
0 86
60 48
63 53
97 37
51 22
0 98
74 7
0 74
7 31
70 1
65 26
0 71
95 35
81 16
65 60
72 5
19 40
79 14
56 62
19 69
3 47
62 65
99 41
46 52
0 85
86 23
0 76
0 97
0 82
0 81
17 30
0 93
0 70
0 90
6 68
31 58
0 95
14 56
71 3
7 2
