18 78 20 68 7 13 87 34 85 99 10 6 22 72 92 17 15 26 71 8 9 12 89 83 25 31 98 16 11 82 62 21 33 84 91 27 69 23 65 19 95 4 76 24 28 88 75 32 66 29 94 14 5 90 3 79 73 30 74 70 80 64 96 67 63 77 97 93 81 86 61 2 47 40 46 58 0 1 52 51 60 36 42 45 59 56 48 44 53 55 37 57 38 35 54 39 43 41 50 49 
94 87
94 6
2 10
56 1
5 32
0 13
13 80
50 45
24 48
6 91
48 51
40 15
48 97
52 88
85 38
57 36
41 95
68 74
56 47
54 39
82 66
5 8
65 24
11 9
43 54
31 64
51 75
93 43
30 33
11 82
74 26
49 22
83 76
24 79
39 60
79 4
0 71
20 18
68 19
74 2
16 72
34 30
52 73
20 98
74 7
65 23
22 44
28 49
65 57
18 85
83 0
33 21
35 5
38 77
69 3
7 92
1 27
35 40
70 61
65 63
99 31
43 35
7 62
20 52
11 68
98 29
59 58
6 78
31 28
34 16
18 17
0 86
49 93
37 14
30 11
56 70
31 83
51 34
87 59
20 94
34 46
12 50
61 65
82 37
68 67
0 81
99 69
36 12
7 96
9 55
64 56
49 89
68 25
54 53
80 41
74 90
7 84
30 20
81 42
