42 9 50 56 44 10 59 23 54 2 0 61 51 20 64 12 57 34 16 14 1 43 18 30 21 26 35 63 40 47 7 11 27 60 39 19 6 22 24 28 13 17 48 25 53 8 55 52 29 46 5 38 3 33 49 36 4 31 65 66 67 69 70 71 72 73 74 75 76 77 78 79 80 81 82 83 84 85 86 87 88 89 90 91 92 93 94 95 96 97 98 99 
69 50
44 59
83 81
4 1
51 26
54 73
11 52
48 87
46 13
31 27
20 38
87 84
12 96
29 9
78 47
40 30
99 71
84 89
78 61
56 79
83 18
65 22
56 2
94 21
31 19
93 33
56 16
11 94
92 17
77 39
46 69
48 91
31 8
6 95
29 88
27 24
93 54
29 4
67 75
82 28
46 40
95 44
97 56
11 25
46 90
20 12
48 5
84 77
71 48
92 63
12 85
47 51
93 29
53 67
4 36
49 64
4 60
6 82
44 31
67 92
81 55
33 35
46 98
46 83
47 53
27 72
39 97
48 23
25 7
78 10
48 74
47 20
6 76
29 46
40 57
44 14
35 65
84 93
39 11
69 78
54 66
87 6
44 80
73 0
13 3
36 86
4 42
88 70
51 34
6 49
4 43
