16 17 18 19 20 21 22 23 24 25 26 27 28 29 30 31 32 33 34 35 36 37 38 39 40 41 42 43 44 45 46 47 48 49 50 51 52 53 54 55 56 57 58 59 60 61 62 63 64 65 66 67 68 69 70 71 72 73 74 75 76 77 78 79 80 81 9 82 83 84 85 86 87 88 89 90 91 5 92 8 93 10 94 95 4 96 97 98 99 14 12 15 3 2 7 6 1 11 13 0 
0 75
49 47
0 78
0 69
63 24
0 16
2 17
28 29
27 40
34 41
13 27
50 45
84 23
0 92
0 98
0 94
89 31
0 96
37 42
0 71
24 65
16 35
31 5
8 25
0 74
58 59
0 68
0 72
0 76
8 34
0 85
7 28
7 55
31 26
0 70
54 2
0 97
7 19
0 87
25 60
33 20
22 37
0 73
29 10
31 14
59 21
0 84
37 43
11 3
0 90
0 95
0 81
52 8
13 36
38 58
31 1
0 89
0 83
23 32
28 67
51 13
42 46
39 56
32 54
19 44
0 77
14 33
39 9
21 66
40 39
41 62
99 0
0 91
44 49
0 79
64 38
46 12
41 63
32 51
73 7
23 22
0 80
54 4
19 11
37 52
32 18
0 82
32 53
0 93
16 15
11 30
7 57
41 6
51 48
34 61
67 50
26 64
0 86
0 88
