36 29 33 41 38 39 27 43 40 42 26 46 47 45 49 25 50 44 48 1 51 24 5 2 3 4 9 11 6 7 8 10 12 13 14 15 16 17 18 19 35 34 0 37 32 20 21 22 23 30 31 28 92 93 91 96 94 95 82 78 79 77 99 52 83 80 81 56 53 54 55 59 60 84 65 66 67 68 69 70 71 72 73 74 75 76 87 88 89 90 85 86 
17 35
4 10
14 30
10 22
47 95
5 2
21 43
32 66
42 85
27 55
8 18
33 67
36 74
38 78
18 38
3 7
6 14
10 21
40 81
40 82
15 32
26 53
22 45
42 86
39 80
49 24
46 94
34 69
23 47
27 56
29 59
36 73
8 17
99 49
11 5
34 70
46 93
45 92
35 71
12 26
15 31
22 46
3 8
39 79
45 91
35 72
7 15
13 28
20 42
9 20
9 19
19 40
37 76
24 11
25 51
20 41
38 77
44 90
13 27
2 6
16 33
14 29
41 83
7 16
41 84
26 54
4 9
29 60
11 23
0 1
19 39
43 88
17 36
25 52
23 48
33 68
18 37
12 25
37 75
6 13
47 96
43 87
21 44
16 34
24 50
5 12
32 65
44 89
1 4
1 3
2 0
