26 48 2 21 92 5 98 17 90 20 18 8 24 33 30 42 82 4 27 31 97 16 93 23 19 88 43 11 47 91 12 85 28 34 86 13 41 99 35 37 29 76 3 95 40 84 45 77 22 6 70 94 38 69 89 71 9 73 63 39 53 75 36 62 7 10 61 74 55 49 58 44 15 68 51 52 32 79 60 0 81 65 57 14 78 96 59 46 64 25 67 83 56 72 1 54 80 50 66 87 
4 36
44 33
57 26
1 62
0 86
0 89
0 77
0 92
16 51
23 7
62 29
0 83
2 58
29 38
13 32
0 98
8 48
32 59
58 28
99 0
71 15
25 3
69 70
31 18
29 69
0 85
42 10
0 76
3 4
58 47
19 14
0 93
16 37
34 67
70 13
43 50
30 55
69 56
8 66
40 25
54 65
4 45
4 46
40 43
0 57
0 78
0 90
0 81
40 17
45 54
0 75
31 40
0 95
56 23
43 11
13 34
8 35
16 41
24 2
57 31
7 72
0 96
87 16
71 6
0 74
71 68
52 21
10 24
37 30
58 39
5 73
12 19
53 63
62 8
72 5
1 52
0 94
10 27
67 53
0 79
0 80
37 22
40 64
0 91
70 71
16 60
0 97
71 49
0 82
15 9
4 61
66 42
41 1
0 84
40 20
72 12
61 44
0 87
0 88
