72 71 11 59 16 52 25 1 34 61 45 2 18 67 37 62 65 69 7 60 70 9 58 50 68 47 51 8 41 31 0 53 12 38 4 66 54 5 56 40 3 64 46 49 55 10 63 44 32 14 6 19 21 36 26 48 33 57 13 29 22 43 35 42 27 39 99 24 15 28 23 20 30 17 89 98 86 85 88 95 84 73 96 74 94 87 79 83 93 80 82 91 78 81 92 77 76 97 75 90 
64 23
2 84
62 43
5 57
93 31
3 4
63 62
15 34
25 26
17 52
12 49
24 25
15 14
70 28
65 66
7 6
81 80
20 86
29 41
7 9
62 19
7 68
12 13
64 12
32 69
75 33
55 0
63 7
15 16
4 5
30 59
13 38
2 44
7 8
3 73
24 63
74 67
8 87
54 55
85 54
24 81
71 72
78 77
10 11
95 20
96 95
25 89
67 82
11 97
20 21
24 56
86 85
28 27
62 78
23 24
60 51
6 2
33 32
31 88
2 1
80 48
91 92
70 71
86 60
24 29
82 83
93 50
48 40
98 64
65 3
8 36
41 42
3 58
74 75
46 47
91 96
28 30
93 94
9 10
22 90
99 98
16 17
63 93
6 74
90 15
6 53
17 18
19 46
7 39
64 65
30 35
25 76
88 37
21 22
78 79
62 91
96 70
15 45
2 61
