21 30 36 32 38 27 35 19 34 43 41 33 29 20 40 44 13 1 28 39 37 0 22 24 45 31 25 42 8 18 26 5 15 23 3 48 17 16 4 9 2 47 46 49 6 10 7 12 11 14 50 51 52 53 54 55 56 57 58 59 60 61 62 63 64 65 66 67 68 69 70 71 72 73 74 75 76 77 78 79 80 81 82 83 84 85 86 87 88 89 90 91 92 93 94 95 96 97 98 99 
23 95
10 56
59 61
34 43
54 9
46 76
16 73
35 3
4 37
89 62
8 50
43 6
2 32
10 55
17 77
16 75
6 45
9 52
21 88
35 40
78 63
20 85
18 12
11 59
7 48
34 27
17 78
33 2
87 70
2 31
60 47
53 94
13 66
19 83
6 44
99 24
47 7
16 1
83 57
25 30
98 51
14 69
23 96
73 29
27 0
91 22
94 23
56 60
51 33
40 5
87 20
38 4
21 90
20 86
88 65
15 71
68 35
18 80
51 8
78 74
11 58
74 16
54 84
14 68
4 39
19 82
9 53
45 38
5 42
98 54
13 64
0 26
57 10
74 79
55 89
83 87
24 98
31 28
7 46
65 13
3 34
65 91
8 49
79 18
67 14
22 93
89 21
18 81
60 11
70 15
24 97
99 67
5 41
76 17
22 92
3 36
15 72
0 25
84 19
