24 21 20 22 19 40 28 32 36 27 38 33 39 23 29 35 26 37 31 30 25 34 41 42 43 44 45 46 47 48 49 50 51 52 53 6 54 13 55 56 57 58 5 59 60 11 61 62 63 64 65 66 67 68 1 69 70 71 72 12 73 74 3 75 76 7 77 78 79 80 0 81 82 83 2 84 85 86 87 14 16 88 10 89 90 18 91 15 92 93 94 9 95 17 96 8 97 98 99 4 
0 75
0 78
17 48
10 23
99 1
22 63
5 10
18 49
0 64
39 17
0 77
19 35
1 96
39 7
18 38
4 29
63 0
49 5
3 8
0 62
0 53
0 71
3 41
0 65
0 79
1 97
46 27
0 68
0 72
0 55
6 3
0 61
0 82
0 70
0 50
8 47
6 21
1 93
30 9
17 16
37 25
0 67
12 44
2 19
0 52
0 73
1 98
5 46
0 84
21 45
21 40
28 34
30 33
24 20
40 13
32 11
0 81
0 69
0 51
6 14
0 54
0 57
1 89
0 60
1 94
1 22
24 43
0 83
1 87
28 39
1 91
99 28
1 92
13 30
0 66
45 24
0 74
10 2
35 32
20 31
0 4
9 26
0 59
1 95
7 36
1 90
44 42
0 85
34 37
0 80
0 18
0 76
0 58
1 88
21 12
0 56
1 6
28 15
1 86
