2 0 42 84 47 88 43 89 44 86 45 87 46 91 48 83 49 92 50 93 51 90 52 95 53 82 54 97 55 56 94 57 58 81 59 60 98 61 62 4 63 80 64 65 6 66 67 8 68 79 10 70 71 85 69 14 12 16 78 40 18 39 20 77 22 76 24 26 73 28 30 32 41 74 33 34 36 75 37 38 35 72 
10 53
22 78
49 51
32 0
38 40
46 48
50 52
4 42
6 46
0 2
81 83
98 32
78 80
45 47
8 49
53 55
90 92
2 38
24 82
4 6
26 86
2 30
14 62
26 85
2 12
86 88
32 97
0 4
12 58
20 73
41 43
12 14
18 70
18 69
24 81
69 71
12 20
62 64
77 79
30 93
30 94
34 36
8 50
28 90
10 54
73 75
20 74
6 45
66 68
2 8
61 63
0 34
28 89
12 22
2 37
93 95
14 61
12 24
70 72
54 56
12 16
57 59
12 26
4 41
65 67
37 39
12 28
58 60
16 66
0 33
74 76
33 35
42 44
89 91
2 10
12 18
85 87
12 57
22 77
82 84
16 65
