55 56 57 58 59 2 60 61 1 62 0 63 10 64 65 4 66 7 67 8 68 69 3 70 9 71 72 5 12 73 6 74 11 75 13 76 77 14 15 78 79 16 17 80 18 81 82 19 83 20 21 84 22 85 23 86 24 87 25 88 89 26 27 90 28 91 29 92 93 30 31 94 32 95 33 96 97 34 98 35 99 36 37 38 39 40 41 42 43 44 45 46 47 48 49 50 51 52 53 54 
13 66
15 70
21 90
13 64
8 50
21 88
48 59
29 1
11 58
1 28
62 12
48 44
1 30
32 2
99 24
5 40
82 34
3 35
42 49
7 48
49 8
17 77
25 75
2 22
11 60
7 46
72 15
19 84
8 51
39 27
19 83
97 43
39 4
54 82
53 9
89 72
34 3
35 94
22 91
22 92
47 7
3 13
2 33
5 41
47 68
4 37
95 42
23 95
8 6
9 54
9 52
23 96
0 25
3 36
82 19
38 67
93 78
24 98
20 86
18 14
78 55
59 11
99 32
46 69
61 89
2 31
15 71
42 5
12 61
20 85
21 10
94 74
27 45
17 76
53 73
78 17
27 0
34 56
98 39
4 38
50 93
0 26
24 16
94 23
33 47
24 97
13 65
20 87
11 20
27 62
36 29
27 57
18 81
46 53
83 79
79 18
18 80
12 63
89 21
