64 59 80 65 53 87 83 58 66 68 84 70 62 77 81 88 78 61 82 90 63 79 97 56 85 67 54 86 57 89 60 69 55 91 71 31 25 9 27 18 15 33 49 41 35 3 13 0 7 39 37 14 16 30 50 92 48 43 4 93 34 2 19 94 45 29 26 44 20 23 47 5 36 98 28 10 75 12 99 22 11 17 1 73 21 76 24 72 40 95 52 74 32 51 6 8 96 38 46 
64 68
6 8
1 2
66 80
3 0
63 67
17 36
33 40
46 93
77 14
53 73
20 43
44 57
4 3
84 85
6 4
52 56
14 15
37 44
61 35
65 91
63 1
3 31
44 96
66 84
33 58
84 92
13 34
46 49
18 19
46 60
16 12
6 22
57 75
23 48
16 47
15 29
28 62
43 59
68 70
54 39
23 26
43 52
48 37
36 55
78 94
16 61
15 32
23 46
56 69
65 76
33 90
99 33
33 78
39 82
47 53
84 77
6 10
8 38
38 51
65 98
85 24
77 86
26 45
15 88
65 72
72 79
24 27
14 17
3 7
26 30
3 21
78 66
45 50
18 16
48 65
4 9
3 5
17 18
19 20
55 71
24 6
60 63
78 97
67 89
44 81
25 23
25 64
33 25
14 13
44 54
56 74
10 11
64 83
55 95
36 87
33 41
27 28
