4 3 1 44 2 46 33 5 93 94 41 95 27 31 96 23 97 98 6 99 9 25 21 34 18 11 43 17 35 14 36 13 15 39 29 20 28 19 10 12 8 47 7 45 22 30 37 26 38 40 24 16 32 42 54 55 56 57 58 59 60 61 62 63 64 65 67 68 69 70 71 53 74 75 72 73 77 52 78 79 76 81 51 82 83 80 50 0 84 86 49 87 88 85 89 90 48 91 92 
31 68
85 61
83 77
72 85
69 48
98 19
61 95
65 63
31 40
59 53
84 22
12 82
12 92
71 97
10 88
57 7
88 18
68 43
27 16
35 26
22 25
1 44
40 36
9 59
77 6
20 49
44 98
68 67
88 38
85 23
99 72
1 39
48 78
49 79
39 94
20 83
3 17
83 70
8 96
51 87
61 31
81 37
38 55
17 74
1 4
70 2
42 86
23 76
61 89
0 3
11 35
23 42
67 64
47 60
82 34
31 47
48 90
40 20
23 12
43 62
23 30
46 84
95 28
10 54
20 80
72 57
92 10
72 11
51 71
71 56
85 51
82 15
68 75
3 29
95 9
8 91
21 50
39 69
94 41
32 21
15 58
88 32
9 8
81 93
32 52
10 33
96 24
62 13
73 27
1 45
83 65
44 81
39 5
31 73
40 46
20 14
92 0
23 1
