20 50 71 72 17 21 4 0 15 1 10 54 24 12 51 52 26 76 3 77 27 58 9 28 5 29 6 30 7 81 8 31 32 33 83 62 35 70 86 38 89 56 39 59 66 41 91 11 68 42 43 93 44 95 45 46 97 47 98 48 99 49 67 18 
0 91
99 29
29 1
98 5
39 47
6 72
29 6
97 89
72 93
29 10
0 30
41 56
42 7
72 51
0 17
46 48
98 31
49 9
50 81
1 50
26 76
77 41
70 67
97 49
54 42
50 70
33 68
95 21
18 3
1 83
99 98
44 24
29 27
99 44
98 71
49 45
4 46
72 32
10 59
42 15
50 38
10 12
67 35
29 66
83 54
72 18
44 97
24 0
39 26
0 8
47 43
1 33
10 58
24 62
56 28
97 95
28 20
45 39
0 86
6 77
27 11
97 52
76 4
