62 48 68 43 91 74 77 83 86 90 89 34 96 87 47 85 82 72 54 71 33 93 99 92 58 79 32 80 97 55 95 41 65 98 45 63 57 50 69 84 44 59 56 78 81 94 64 70 46 40 88 39 53 67 75 36 73 37 31 52 60 42 49 66 38 76 35 61 51 2 8 3 29 21 24 25 6 27 1 30 11 20 0 12 23 14 5 19 7 4 18 15 26 9 13 17 22 28 10 16 
16 74
77 17
17 78
59 11
33 35
81 36
30 88
0 27
31 49
2 32
10 55
51 71
19 15
11 60
90 89
0 25
10 7
73 16
59 66
4 39
6 43
95 23
80 54
50 38
62 48
62 26
49 72
24 98
23 94
97 42
82 19
80 95
31 46
64 34
5 41
10 57
13 65
30 70
85 20
24 97
42 73
19 83
14 69
88 56
84 44
38 4
12 63
9 52
44 6
2 33
23 96
22 91
99 24
21 90
17 76
11 58
31 2
61 12
8 50
83 81
12 62
44 47
4 37
26 0
75 59
42 5
88 21
20 86
51 30
18 79
22 93
16 75
94 77
11 3
95 28
81 18
5 40
25 29
13 64
54 92
19 84
6 45
10 1
14 67
93 61
9 53
8 51
20 87
59 82
25 85
40 31
49 8
92 22
56 10
70 68
68 14
54 9
66 13
18 80
