50 47 64 34 33 21 19 49 71 41 38 12 23 80 31 22 95 81 25 68 35 45 24 37 3 48 43 88 27 15 87 44 32 97 85 40 8 55 98 82 54 57 99 16 28 89 58 1 46 13 75 26 63 9 42 61 79 67 11 36 70 39 5 7 29 83 30 10 52 53 6 14 93 20 78 4 
32 31
6 7
55 53
54 93
27 34
1 3
1 16
98 24
27 26
43 45
22 52
83 79
38 37
15 88
27 28
16 83
21 22
7 8
67 55
12 10
52 81
39 41
11 39
38 36
42 43
27 42
38 35
5 6
13 15
15 29
70 61
33 47
22 57
11 12
54 4
43 44
52 27
32 97
20 19
1 87
67 50
83 78
4 5
50 82
58 70
39 40
32 30
4 1
49 48
20 21
39 38
27 80
37 25
11 9
10 13
24 20
12 75
82 63
24 23
82 64
29 46
55 98
23 54
29 68
12 32
43 49
44 95
55 58
28 33
33 89
99 67
15 14
45 71
63 85
99 11
