90 83 82 85 96 94 84 89 98 91 92 81 99 78 95 97 93 79 86 87 88 80 2 61 3 57 58 0 1 59 60 62 63 7 9 65 66 10 67 68 69 12 8 48 70 71 72 14 73 15 74 75 13 76 17 77 18 19 16 21 4 23 55 20 25 26 27 24 54 30 31 28 33 53 34 35 32 52 37 38 36 41 51 42 43 40 45 50 46 47 44 49 
48 74
18 80
99 41
2 32
65 91
0 27
90 81
2 9
69 14
30 68
31 2
41 93
16 75
1 21
99 24
8 50
88 61
99 63
85 43
15 72
16 0
25 89
79 87
78 17
52 58
24 98
28 57
88 34
94 86
92 78
3 7
71 69
9 53
14 16
1 28
18 79
77 92
83 85
8 49
80 97
19 83
9 54
31 30
28 77
0 25
94 60
38 4
76 42
21 90
63 31
92 45
37 59
15 19
52 76
95 38
7 47
14 67
12 62
14 8
23 96
63 71
76 82
26 73
23 94
63 12
21 88
7 48
7 46
38 65
84 37
35 44
19 84
23 18
71 15
66 55
8 51
0 26
15 23
57 10
3 36
51 40
85 70
23 95
3 35
2 3
46 66
24 20
2 33
65 13
9 52
30 1
