7 92 61 80 18 36 9 87 21 94 99 78 27 69 13 34 24 63 62 10 28 81 35 96 33 82 23 95 68 84 2 48 97 15 89 38 59 77 41 3 57 5 64 55 22 42 30 0 11 98 43 72 46 91 29 6 1 93 71 54 60 66 14 45 79 83 70 49 85 
60 22
60 55
99 68
89 83
93 42
87 29
92 49
46 84
49 71
89 57
78 45
96 13
1 33
33 64
93 66
81 92
87 28
97 59
99 80
66 85
96 87
84 54
98 9
46 14
93 81
78 69
7 91
66 72
81 3
93 94
98 82
81 38
68 63
96 15
1 11
66 97
24 98
81 21
93 62
92 41
91 36
11 5
78 2
87 93
68 0
48 35
49 10
15 24
79 18
91 6
93 70
1 96
48 23
99 7
99 1
33 89
49 95
77 27
85 43
66 46
84 60
1 61
77 34
7 79
43 78
98 30
15 48
81 77
