55 56 24 57 25 58 26 2 59 27 28 29 17 30 31 3 32 23 22 33 7 1 34 21 35 16 36 9 37 4 38 39 40 15 41 42 43 13 44 6 45 20 46 12 47 10 5 48 19 49 14 0 50 11 51 18 52 8 53 54 
37 36
29 28
35 34
49 48
27 26
15 14
38 37
26 25
41 40
9 8
56 55
48 47
4 3
55 54
23 22
46 45
34 33
30 29
18 17
25 24
52 51
44 43
40 39
39 38
20 19
12 11
8 7
5 4
2 0
59 58
33 32
17 16
3 2
47 46
31 30
58 57
6 5
36 35
28 27
24 23
16 15
53 52
45 44
21 20
13 12
50 49
14 13
2 1
51 50
43 42
19 18
11 10
54 53
42 41
22 21
10 9
57 56
32 31
7 6
