36 69 68 28 67 66 65 27 64 63 62 33 21 24 61 29 60 59 25 58 57 56 35 55 54 30 53 52 51 50 49 48 22 31 47 26 34 46 45 44 37 70 43 42 41 40 32 39 23 38 12 4 13 19 20 72 18 9 14 16 1 3 6 10 95 0 94 93 92 91 90 89 5 88 7 87 86 15 85 84 17 83 82 81 80 79 78 2 77 76 11 75 74 73 8 71 
64 60
18 17
66 68
22 19
72 74
72 76
76 73
42 46
84 86
16 13
14 15
42 41
38 39
92 90
8 9
24 28
11 6
60 59
26 27
68 70
90 89
82 79
52 49
24 23
50 51
11 10
68 69
20 21
52 50
59 58
47 43
82 80
20 18
66 65
24 26
78 82
36 35
30 29
4 0
65 64
56 57
80 81
58 54
92 93
64 61
53 52
34 31
53 48
2 3
48 47
44 45
0 5
94 91
4 1
17 12
94 92
47 42
6 8
12 14
36 38
17 16
70 67
89 84
84 83
29 24
72 71
89 85
40 36
54 56
23 22
42 44
10 7
62 63
77 72
74 75
86 87
83 78
0 2
29 25
41 37
6 4
30 32
22 20
95 94
54 53
58 55
32 33
37 40
30 34
84 88
12 11
60 62
71 66
35 30
78 77
