83 99 35 89 42 57 88 86 80 44 97 38 92 53 87 66 50 48 56 90 68 45 65 51 96 98 52 62 84 61 82 37 59 93 75 70 43 58 85 74 94 67 41 72 47 36 78 76 71 60 46 81 73 95 55 54 64 63 79 69 91 39 77 49 40 7 4 6 5 2 11 1 12 8 3 13 14 18 9 19 16 15 0 17 22 25 23 21 27 20 10 30 28 24 31 33 29 26 32 34 
98 97
32 33
47 48
40 30
99 98
91 90
57 58
59 49
51 52
56 57
54 55
19 9
69 68
51 45
99 86
43 44
19 18
62 63
68 67
84 85
77 76
25 26
46 47
22 23
89 79
61 62
92 91
16 15
3 4
37 36
76 75
13 14
6 7
69 59
31 32
81 82
96 95
49 39
17 16
67 66
24 25
66 77
70 71
60 61
87 88
94 93
18 17
12 13
39 38
15 27
41 42
99 89
10 11
30 31
70 60
23 24
1 2
50 40
35 34
80 70
27 28
45 46
55 56
2 3
40 41
97 96
77 78
53 54
63 64
0 1
42 43
86 87
60 50
30 20
20 21
31 22
80 81
79 69
93 92
29 19
36 35
14 5
73 74
11 12
82 83
52 53
20 10
80 73
7 8
50 51
10 0
5 6
95 94
38 37
55 65
71 72
83 84
39 29
90 80
