13 31 91 4 26 52 98 24 39 83 19 12 88 64 92 41 30 17 32 28 89 23 38 93 53 95 11 3 9 0 62 44 59 10 14 90 81 6 61 99 20 33 96 21 66 77 79 75 57 73 45 2 16 60 69 25 55 78 58 56 15 70 47 82 76 27 40 8 72 54 80 35 84 50 67 71 
0 73
93 35
14 0
88 91
84 14
81 82
69 56
10 95
83 67
13 71
0 13
96 10
13 27
64 28
83 16
99 32
23 21
23 44
23 98
55 17
89 60
66 70
21 19
59 33
92 61
56 62
81 47
39 83
23 11
27 12
57 77
32 69
81 89
89 80
55 26
55 88
40 66
62 58
15 93
56 53
38 57
13 92
14 81
38 8
10 30
55 6
70 45
55 59
0 38
10 84
32 25
55 52
23 39
0 23
13 40
59 54
81 24
98 76
10 15
73 90
13 64
83 78
55 4
70 20
83 72
89 9
75 50
38 3
90 2
66 41
39 55
78 75
10 79
69 96
71 31
