40 31 20 4 29 3 22 41 7 37 14 39 70 1 33 28 27 36 24 0 69 34 2 68 44 30 8 5 35 21 38 23 15 17 66 19 6 11 32 18 12 25 26 10 65 54 89 90 52 46 86 47 87 88 62 80 49 93 84 92 55 97 94 81 48 95 63 64 83 59 99 57 72 96 60 56 75 53 51 58 74 77 50 98 71 79 
90 97
20 25
80 89
60 69
40 41
30 39
0 3
0 40
30 36
60 63
50 57
40 44
90 94
40 47
60 65
0 4
80 87
60 66
10 18
0 1
50 51
0 6
70 77
40 46
20 28
90 92
80 81
70 72
90 98
0 50
10 19
50 54
20 21
0 8
10 14
50 56
0 5
80 86
20 26
90 0
80 83
0 70
40 48
99 90
90 93
30 32
60 64
10 17
50 52
0 7
70 74
90 96
20 23
30 31
30 37
20 27
50 58
30 33
10 15
30 34
30 35
70 71
70 75
70 79
80 88
10 11
50 55
60 68
20 22
50 53
30 38
0 60
80 84
0 10
60 62
10 12
0 20
0 30
90 95
20 24
0 2
50 59
0 80
20 29
40 49
