63 19 45 40 21 39 50 64 38 41 30 58 25 13 43 34 1 55 10 65 35 23 52 20 27 11 42 36 66 31 28 44 6 15 60 16 9 5 29 62 33 14 48 4 8 0 18 3 7 26 24 22 12 37 32 51 2 17 57 59 54 61 56 47 53 46 49 67 68 69 70 71 72 73 74 75 76 77 78 79 80 81 82 83 84 85 86 87 88 89 90 91 92 93 94 95 96 97 98 99 
79 54
95 36
14 80
62 90
20 76
77 28
6 32
8 88
11 9
24 22
49 10
37 34
84 94
30 67
8 29
26 69
28 60
64 70
54 11
23 66
21 26
49 40
90 57
80 82
82 7
5 73
46 24
64 3
52 20
8 51
81 44
8 72
18 71
0 85
23 30
3 56
5 97
18 64
17 91
15 48
17 21
53 79
14 81
41 19
46 47
0 55
99 77
14 63
32 8
51 43
22 6
12 39
5 86
14 46
35 50
27 2
15 92
70 65
14 53
31 1
20 35
50 25
35 5
28 14
17 98
0 74
23 83
22 33
15 68
47 17
17 38
17 52
24 37
11 89
88 0
6 96
3 16
24 84
88 23
24 12
41 31
80 62
62 15
20 4
84 61
43 59
21 27
48 18
28 49
16 13
15 78
4 75
6 87
31 58
30 93
8 41
12 95
68 42
18 45
