29 18 22 13 21 20 42 19 57 12 39 15 26 16 43 14 35 17 40 54 38 47 52 31 25 45 24 44 56 49 48 53 55 59 28 27 30 36 50 51 37 58 23 33 46 34 32 41 1 10 2 0 4 3 11 7 8 6 9 5 77 71 64 73 72 68 93 67 79 94 75 90 66 65 85 69 97 96 92 95 91 82 62 98 84 78 70 74 81 63 86 83 76 80 89 60 88 99 61 87 
23 26
93 96
68 67
48 44
55 51
82 81
98 97
35 38
86 89
65 68
40 39
76 72
46 43
63 66
77 80
2 5
50 49
19 18
42 45
41 37
22 21
57 56
39 36
18 15
95 92
14 17
88 85
97 93
91 94
44 47
84 87
8 7
32 29
12 11
6 2
9 12
33 32
69 65
62 58
70 69
36 35
60 57
77 76
37 40
72 75
13 9
7 10
42 41
99 98
96 95
67 64
49 48
2 0
70 73
16 19
56 55
11 8
83 79
84 83
61 60
58 61
47 46
28 31
25 22
78 77
75 74
71 70
64 63
7 6
35 34
63 62
51 54
26 25
2 3
49 52
89 88
53 50
2 4
20 16
2 1
27 23
21 24
90 86
56 59
92 91
85 84
43 42
28 27
81 78
74 71
21 20
34 30
14 13
79 82
30 33
54 53
29 28
91 90
15 14
