37 48 49 34 35 50 51 52 53 54 55 24 56 57 58 36 59 60 61 62 63 64 65 66 67 68 12 11 69 70 25 71 33 18 72 73 31 74 10 0 75 77 14 19 47 78 30 79 4 76 29 81 17 46 28 82 83 80 6 85 26 45 2 86 87 84 23 89 44 7 90 27 91 88 9 1 93 43 8 94 3 95 92 15 97 42 21 22 98 99 20 5 96 16 13 41 39 38 40 
76 7
0 78
59 6
34 33
31 22
1 15
0 75
4 34
0 81
39 52
35 93
13 45
29 91
0 89
47 65
65 69
0 98
43 36
41 62
73 1
24 88
0 77
0 83
70 2
37 48
0 74
15 16
0 85
35 54
70 30
54 55
0 80
59 57
7 29
16 60
0 87
38 31
36 41
5 21
0 68
19 66
0 76
68 13
0 73
11 24
6 67
29 59
68 42
18 70
0 95
79 10
58 14
64 9
3 50
31 92
0 86
36 94
42 40
66 56
2 49
46 4
44 23
0 96
28 43
38 26
72 12
99 0
10 19
38 37
68 63
59 27
68 61
56 28
43 5
99 44
7 18
11 53
47 20
0 97
0 79
30 46
20 64
0 82
0 35
19 39
18 84
0 90
36 38
19 71
83 17
74 3
17 47
55 8
61 51
70 25
3 11
58 72
59 58
