57 63 73 92 82 77 90 27 80 98 26 38 97 18 75 28 53 30 64 41 34 84 70 50 93 16 8 7 69 19 45 89 31 39 68 56 40 9 12 72 13 87 44 95 23 83 51 25 60 22 85 33 86 99 35 32 67 14 78 29 20 24 71 65 94 21 62 43 55 81 42 66 36 47 91 59 15 96 5 49 61 76 46 54 48 79 17 88 74 10 6 58 1 0 2 3 
56 38
1 47
80 86
56 72
34 60
13 31
22 59
25 41
32 8
53 42
63 15
54 24
24 97
43 51
28 61
94 81
89 23
83 79
97 22
64 77
43 49
17 53
53 66
20 25
12 32
17 62
51 90
60 1
44 89
63 67
81 64
49 20
60 46
32 87
22 76
13 12
13 19
13 88
13 17
17 21
83 71
96 54
57 78
80 58
21 93
70 80
82 75
72 7
28 74
33 44
1 92
23 14
38 39
45 13
74 2
1 28
34 0
62 69
79 85
74 5
12 73
81 83
12 6
49 45
32 70
85 57
28 50
83 96
89 43
29 27
54 9
13 10
43 94
24 36
99 33
79 95
36 29
41 84
86 16
36 56
90 55
53 3
30 63
38 48
44 40
57 82
80 65
25 98
54 35
76 68
28 26
29 30
75 34
21 91
31 18
