89 90 91 92 2 10 26 27 1 28 29 18 30 31 23 11 32 33 34 35 12 36 22 37 38 39 25 40 41 7 42 43 4 44 6 45 46 47 17 48 49 50 51 52 53 21 54 55 56 16 57 58 14 59 60 61 62 63 64 65 9 66 67 68 19 15 69 70 71 24 72 20 73 74 13 75 76 8 77 78 79 80 81 82 83 5 84 0 85 86 3 87 88 
65 25
80 41
92 61
37 12
42 4
21 31
6 35
91 39
16 37
73 18
12 17
62 76
1 62
84 82
43 51
64 86
72 15
13 14
0 47
65 11
25 63
22 45
10 3
15 1
16 30
21 19
75 24
81 10
49 46
25 53
31 0
79 33
2 74
56 72
0 49
7 13
90 66
44 65
65 56
19 70
53 6
11 87
12 26
67 9
37 89
1 40
75 69
45 80
83 88
63 28
46 8
72 64
46 23
21 68
92 42
68 48
18 58
15 32
35 75
17 38
83 78
44 21
51 55
5 67
12 34
83 90
52 91
66 59
77 44
20 27
77 60
19 36
9 7
61 77
49 50
68 73
73 52
62 22
19 79
86 83
56 84
76 2
0 29
72 81
18 5
92 71
16 54
83 16
21 43
46 20
75 85
49 57
