18 16 14 20 12 72 30 34 73 35 74 32 75 33 76 37 77 78 38 79 39 80 36 81 41 82 83 28 42 84 43 85 40 86 45 87 88 46 89 47 90 44 91 49 92 26 93 50 94 51 48 97 53 98 54 55 52 57 24 58 59 56 61 62 63 60 65 22 66 67 64 69 70 71 68 4 0 2 6 8 10 
22 78
49 51
73 75
66 68
38 40
98 32
50 52
14 24
61 63
8 49
0 34
70 72
14 20
53 55
4 42
90 92
2 38
26 86
14 62
24 82
20 73
57 59
86 88
12 58
54 56
32 2
32 12
58 60
14 26
33 35
18 69
4 41
0 33
69 71
12 57
24 81
74 76
62 64
85 87
30 94
77 79
82 84
34 36
8 50
22 77
14 16
20 74
28 90
37 39
10 54
32 0
10 53
46 48
6 45
28 89
2 6
6 46
14 22
81 83
18 30
45 47
2 37
32 10
14 18
78 80
26 85
14 61
65 67
32 97
41 43
16 66
89 91
14 28
18 70
2 4
42 44
32 14
30 93
32 8
16 65
