99 68 88 79 66 81 26 43 24 60 22 92 96 89 72 31 40 5 27 23 37 76 28 18 32 55 21 19 91 34 53 48 25 90 63 59 36 35 87 0 64 33 30 2 50 83 75 10 80 7 54 57 41 15 70 77 69 16 84 73 51 13 38 11 98 44 78 45 20 61 56 8 3 29 62 52 58 12 49 71 67 47 14 17 74 82 1 93 9 46 65 4 39 85 86 42 97 6 95 94 
8 32
84 75
93 96
90 98
90 97
45 52
47 49
20 23
38 35
13 51
77 94
36 39
28 21
2 31
15 22
42 40
63 65
81 83
78 87
42 46
66 91
77 86
58 30
72 76
64 60
30 80
7 6
49 73
0 1
47 82
54 63
11 33
27 26
35 34
65 67
40 41
44 42
99 88
87 85
43 38
51 18
15 12
58 74
8 7
56 62
97 70
7 0
56 53
81 84
10 13
18 25
69 90
20 27
3 5
74 79
3 14
60 72
13 4
30 44
60 59
48 47
82 81
16 8
27 61
40 36
80 78
59 58
67 71
76 77
90 92
17 9
60 69
5 20
21 16
21 29
57 56
25 54
38 50
41 45
66 89
1 3
9 2
23 19
64 66
15 10
21 15
57 28
54 55
12 11
23 24
87 95
69 68
77 93
88 64
58 57
21 17
16 43
16 37
38 48
