71 72 73 74 75 78 79 80 82 83 86 87 88 91 92 93 95 96 97 98 99 47 54 51 36 53 35 50 57 56 60 49 34 61 55 37 59 64 62 41 65 48 66 63 33 32 43 69 1 4 70 68 9 5 46 2 3 7 67 30 8 45 10 13 11 42 17 18 21 40 29 22 19 24 25 44 26 27 28 
21 88
45 95
80 62
32 28
24 98
8 50
2 32
21 5
1 29
67 82
60 75
57 10
78 17
17 19
19 83
1 30
78 80
88 74
62 45
13 65
24 97
91 22
80 49
30 69
46 7
50 44
3 35
3 36
45 92
46 72
83 87
60 11
80 18
36 59
10 56
10 55
13 66
91 43
62 25
24 4
69 73
56 54
24 21
42 46
47 96
53 86
7 47
5 42
13 64
9 53
28 1
3 34
29 68
18 79
8 51
22 93
7 48
55 26
5 40
46 78
56 91
46 70
49 8
78 61
35 57
4 2
36 71
35 60
54 9
2 13
2 33
5 41
55 63
74 27
4 37
99 24
61 67
13 3
