4 5 1 14 12 9 8 7 15 2 10 6 69 16 3 11 0 13 66 64 61 45 59 96 47 65 85 63 93 57 94 40 89 53 55 82 60 50 49 97 52 62 91 56 51 84 54 88 44 41 77 36 46 90 38 43 48 95 39 34 26 37 92 28 58 42 76 86 29 87 33 70 30 32 73 18 27 83 80 68 35 23 79 17 24 19 81 31 72 21 71 67 20 22 78 75 25 74 
42 17
62 41
7 40
93 90
33 66
59 5
2 32
85 25
2 42
2 84
30 43
2 49
29 56
30 21
2 24
34 96
5 65
1 53
1 54
5 34
31 71
2 67
91 68
1 69
1 47
70 28
48 89
37 73
86 3
97 82
86 33
29 91
3 14
4 58
2 48
5 6
48 39
11 77
2 38
5 88
65 62
5 18
80 8
4 11
33 4
1 59
33 46
28 95
12 9
4 74
12 10
25 16
82 87
12 45
4 79
5 50
9 0
87 63
97 37
7 12
96 19
7 64
3 1
4 35
46 2
6 80
1 52
5 76
42 29
7 93
90 44
32 92
56 75
6 72
71 57
29 55
95 61
2 94
5 7
14 83
87 31
19 26
97 86
9 15
1 20
90 22
96 23
87 85
3 13
2 70
19 36
25 51
89 30
46 27
89 81
5 60
2 78
