1 2 99 3 98 0 86 69 94 75 84 78 28 93 60 13 96 64 19 88 66 20 97 62 90 72 38 91 9 83 63 22 85 61 11 87 82 89 58 32 92 70 36 95 59 39 67 15 76 35 65 40 68 10 81 8 74 42 33 80 56 5 57 79 71 77 54 73 21 4 16 26 17 37 52 46 24 51 44 29 48 41 55 47 12 14 43 18 53 49 34 27 25 23 45 6 50 7 31 30 
32 31
99 98
91 90
79 78
9 8
68 67
60 59
98 97
82 81
46 45
30 29
72 71
40 39
67 66
6 5
45 44
53 52
19 18
11 10
78 77
62 61
10 9
71 70
64 63
1 0
90 89
38 37
41 40
23 22
20 19
12 11
5 4
33 32
17 16
70 69
92 91
24 23
16 15
43 42
85 84
77 76
51 50
2 1
86 85
42 41
74 73
96 95
37 36
29 28
49 48
15 14
73 72
55 54
56 55
48 47
94 93
34 33
18 17
25 24
84 83
76 75
52 51
44 43
61 60
3 2
97 96
81 80
47 46
31 30
83 82
75 74
66 65
50 49
22 21
57 56
7 6
93 92
35 34
27 26
65 64
63 62
26 25
87 86
4 3
89 88
39 38
8 7
69 68
59 58
95 94
58 57
28 27
88 87
80 79
36 35
21 20
13 12
14 13
54 53
