50 51 52 53 54 55 56 57 58 59 60 61 62 63 64 65 66 67 68 69 70 71 72 73 74 75 76 77 78 79 80 81 82 83 84 85 86 87 88 90 91 92 93 94 95 96 97 98 99 8 7 10 2 18 20 13 5 16 3 0 21 12 4 19 17 14 9 11 15 22 1 23 24 25 26 27 28 29 30 31 32 33 34 35 36 37 38 39 40 41 42 43 44 45 46 47 48 49 
45 55
28 54
23 81
22 41
91 33
99 20
72 92
29 24
90 3
58 73
51 28
80 45
33 43
27 12
95 11
29 52
96 26
95 63
37 49
19 14
1 4
45 10
39 56
91 69
94 90
72 44
81 7
31 35
9 67
58 77
52 93
77 53
8 40
10 22
35 98
20 62
44 38
13 29
1 39
64 83
33 15
93 42
2 70
53 61
99 95
12 80
37 0
79 19
49 74
17 2
60 84
3 72
50 21
94 51
17 97
63 31
33 46
23 60
27 37
28 9
95 64
95 82
35 5
20 85
13 30
31 50
94 58
42 18
93 66
44 57
96 47
63 68
95 13
98 96
17 36
64 94
28 8
93 86
49 87
91 27
48 91
31 78
31 88
39 76
64 32
56 59
20 34
3 17
3 23
11 48
77 79
53 16
14 65
7 75
48 25
2 1
47 71
