7 5 24 11 0 16 22 21 10 23 15 19 17 20 26 8 4 18 14 12 1 25 13 2 3 9 6 83 73 88 99 31 98 72 30 53 91 63 77 82 79 32 90 40 76 54 64 84 95 60 89 65 28 96 62 81 48 87 71 38 34 86 33 52 93 94 39 46 50 67 70 56 49 66 74 78 47 61 57 58 45 80 37 68 85 75 97 44 42 27 92 69 41 51 59 29 43 36 35 55 
37 77
25 1
21 50
28 39
7 41
41 59
20 29
48 10
33 96
13 51
8 58
8 64
25 46
29 81
13 40
20 88
99 8
14 61
20 11
8 26
14 27
68 52
8 34
13 55
14 83
27 97
13 0
13 23
14 32
53 21
7 18
26 16
38 37
13 93
8 84
21 94
8 90
37 17
19 72
20 69
26 31
7 76
29 79
32 70
92 7
49 12
60 20
45 67
7 19
21 92
50 60
7 86
8 71
17 42
26 33
7 95
8 38
49 80
17 43
43 44
17 75
43 4
51 14
34 47
50 65
17 89
44 63
25 9
52 53
20 28
7 48
49 22
51 15
7 45
41 35
21 56
7 82
29 66
28 6
25 3
20 87
14 74
60 91
45 30
14 5
33 54
18 98
8 62
37 13
14 49
29 73
27 68
19 85
18 25
28 78
14 57
38 36
28 2
49 24
