95 99 92 97 98 53 93 96 94 8 62 39 41 44 40 35 66 20 75 82 13 85 10 83 38 77 84 46 1 18 47 88 11 76 81 89 70 73 72 30 36 54 90 29 60 33 45 24 42 12 57 15 52 63 32 78 56 17 74 16 48 23 69 6 34 49 9 59 31 4 61 28 87 67 19 68 22 58 50 51 43 79 25 5 80 26 86 0 14 55 3 21 7 91 64 27 2 65 37 71 
50 8
8 51
59 11
11 58
71 47
4 37
4 38
39 25
23 94
14 68
19 83
81 18
70 62
0 27
82 19
11 60
80 88
32 2
80 56
93 43
5 42
51 96
6 45
8 49
18 79
86 20
17 77
39 4
19 84
53 66
87 91
6 44
24 98
47 7
31 39
0 26
56 10
10 57
3 36
18 80
15 70
34 3
21 89
96 23
91 22
74 16
15 72
27 52
12 61
92 32
99 24
17 76
17 78
34 65
10 55
81 71
81 50
16 75
43 6
9 53
1 30
79 69
3 35
16 13
6 12
36 64
88 21
16 73
99 81
7 46
41 5
29 1
71 15
28 34
2 31
86 59
7 48
52 9
1 28
14 67
20 87
37 74
24 97
20 85
25 0
22 93
2 33
9 54
5 40
22 92
12 63
21 90
58 41
23 95
32 29
68 86
92 82
69 14
5 17
