72 74 75 76 77 78 79 80 81 82 83 84 85 86 87 88 89 90 91 92 93 0 94 95 96 97 98 99 1 4 55 62 59 44 61 43 65 66 64 68 57 42 69 63 45 67 70 9 5 6 7 8 51 11 60 10 15 16 54 13 14 18 41 40 19 22 23 46 24 21 26 27 50 28 25 30 31 39 29 34 52 35 36 33 37 38 
46 50
59 11
15 72
44 6
6 45
4 39
27 57
26 36
59 63
88 90
21 88
23 94
76 62
1 28
40 82
97 44
44 34
75 76
10 19
99 24
0 27
24 18
60 85
55 80
0 26
91 78
40 84
8 51
10 5
1 30
65 25
5 41
97 31
14 69
42 61
22 91
18 1
80 95
15 70
15 0
27 43
4 10
24 97
24 22
13 66
5 42
10 55
19 15
64 13
4 37
70 54
59 64
41 67
11 60
91 98
7 46
55 33
18 8
13 16
79 89
67 14
15 23
16 75
19 83
18 79
65 68
55 52
18 21
22 93
5 40
16 74
13 65
22 92
13 7
44 35
80 77
18 81
18 4
72 38
72 87
54 9
23 96
1 29
81 59
65 86
