3 38 40 25 39 31 33 7 23 37 27 2 28 9 11 86 36 81 32 84 6 35 22 10 82 26 85 34 17 29 13 20 87 15 21 14 99 16 12 30 1 4 47 97 77 98 52 65 94 41 93 80 91 76 95 67 75 71 88 62 66 54 92 68 44 60 64 96 70 73 49 55 72 57 51 69 79 59 56 48 43 53 90 61 45 78 46 42 
56 38
31 81
1 44
10 17
48 84
45 31
87 98
1 40
10 12
77 87
37 36
99 27
45 46
81 15
78 73
31 1
2 6
16 80
48 70
26 20
41 61
39 56
22 82
42 14
87 51
68 35
70 77
73 96
9 45
26 25
28 52
37 7
68 4
13 10
61 90
82 23
10 48
49 26
34 57
2 68
26 65
31 54
40 33
34 62
31 64
61 16
45 13
99 71
2 32
81 95
94 78
46 3
34 72
10 2
22 86
1 97
52 43
26 88
31 55
15 21
70 79
1 34
61 28
21 37
68 60
31 53
42 22
84 67
13 49
97 59
95 69
56 91
16 93
76 85
71 94
27 75
33 42
99 9
10 39
26 41
55 11
46 76
52 47
34 30
90 92
72 66
48 29
