42 59 68 41 37 88 62 32 60 40 66 55 30 57 48 34 73 63 90 70 64 58 95 65 93 67 98 89 86 61 71 74 80 75 82 39 79 36 76 99 45 97 96 77 52 31 92 33 46 83 35 87 78 50 81 38 91 51 0 84 47 54 94 43 69 56 49 72 85 44 53 14 12 29 17 21 18 10 19 1 25 22 20 26 6 23 13 7 8 9 2 3 27 11 5 16 24 4 15 28 
41 47
13 16
26 15
77 76
69 74
76 78
78 87
88 80
2 4
5 2
28 37
63 69
89 90
75 83
30 27
16 21
61 67
68 73
1 3
55 63
60 61
0 8
11 17
78 85
18 23
52 51
26 28
13 18
52 54
99 94
5 13
40 39
0 9
1 0
2 6
19 24
53 62
28 35
80 77
14 5
53 60
27 26
17 20
66 72
52 56
35 36
44 49
91 96
13 19
15 14
88 93
51 50
92 95
38 43
42 45
81 82
50 59
10 11
39 30
91 97
38 44
27 31
36 42
88 91
25 33
76 75
60 40
75 84
86 92
67 70
65 64
94 88
76 65
15 34
77 79
50 58
63 66
56 57
3 10
51 53
43 48
30 38
80 89
3 12
26 25
27 29
66 71
2 1
64 55
85 86
16 22
31 32
77 81
55 52
41 46
63 68
6 7
93 98
38 41
