43 42 44 15 45 40 46 38 2 37 47 41 48 14 39 11 49 34 50 8 51 26 32 52 24 53 1 16 54 6 55 25 56 57 18 58 35 12 59 60 36 17 61 62 28 19 63 64 65 27 66 31 67 0 20 33 68 23 69 70 29 22 71 72 30 3 21 73 74 75 10 76 77 78 79 80 81 82 5 83 84 9 85 86 87 88 13 89 90 91 92 93 94 95 4 96 97 98 99 7 
21 90
41 5
2 32
6 45
9 52
14 67
5 42
84 65
80 18
23 94
95 23
74 60
33 50
39 4
81 28
67 61
84 54
76 17
65 80
73 27
5 40
8 49
6 44
81 43
71 69
73 16
40 93
7 46
8 51
3 34
19 84
75 56
14 68
97 35
76 48
18 81
10 57
12 63
15 72
78 89
3 36
33 2
4 38
24 97
99 24
79 29
15 70
2 31
34 95
11 12
22 92
50 8
5 0
36 30
75 39
48 25
20 86
13 20
13 66
17 77
48 7
4 37
12 62
13 64
35 3
21 88
11 58
7 47
83 73
16 74
24 98
9 53
11 59
80 41
35 83
16 1
43 6
71 15
69 14
17 78
20 87
80 76
46 71
20 85
93 22
19 82
16 75
56 10
18 79
35 33
22 91
60 11
83 19
54 9
10 55
23 96
77 26
89 21
65 13
