19 20 21 22 23 24 25 26 27 28 29 30 31 32 33 34 35 36 37 38 39 40 41 42 43 44 45 46 47 48 49 50 51 52 53 54 55 56 57 58 59 60 61 62 63 64 65 66 67 68 69 70 71 72 73 74 75 76 77 78 79 17 13 2 9 6 7 15 0 4 3 8 18 12 5 1 16 10 11 14 
0 3
79 18
6 0
48 47
70 76
54 58
17 45
32 33
50 51
56 73
52 44
71 69
0 17
55 6
53 52
23 24
5 13
1 26
59 68
66 71
26 27
55 50
56 57
75 15
59 62
8 11
4 7
30 35
35 36
56 53
30 19
69 61
54 55
19 14
51 75
36 37
79 78
30 31
13 16
62 63
71 72
3 4
61 54
51 74
54 60
72 48
2 1
15 21
58 56
76 23
12 5
57 59
18 41
78 32
29 39
62 65
6 8
67 66
6 9
30 34
42 43
29 40
23 25
13 28
30 29
17 46
2 77
15 10
46 49
37 38
41 42
78 67
62 64
20 22
19 20
77 30
65 12
57 70
5 2
