40 45 65 48 68 50 54 67 53 56 60 59 58 70 74 75 61 55 42 66 43 47 69 51 31 49 71 57 52 63 72 62 64 11 27 33 37 9 15 2 7 92 0 96 3 91 8 21 97 13 6 17 26 12 4 29 19 78 77 30 76 14 25 81 79 20 84 28 18 87 23 82 86 85 32 90 22 89 93 88 95 99 94 98 38 34 36 83 
25 87
54 59
64 19
63 66
57 69
19 76
57 78
58 11
37 9
23 31
42 57
85 97
70 71
70 23
6 7
31 37
55 51
7 8
34 93
56 88
25 26
18 79
95 96
71 6
56 15
66 17
23 22
47 55
65 56
77 25
47 49
54 30
84 38
86 84
18 90
19 20
6 48
85 70
37 42
13 75
47 14
90 43
17 34
27 28
52 94
83 52
20 21
42 77
27 47
69 67
56 53
59 60
47 64
86 0
19 3
62 72
66 40
18 83
79 50
68 4
84 74
37 98
96 18
32 33
52 68
59 81
56 2
8 32
66 65
33 91
59 45
74 12
52 92
25 58
65 27
83 82
13 54
70 63
12 89
66 29
27 61
62 85
74 13
83 86
99 62
72 95
52 36
