59 24 65 22 63 61 8 67 55 58 7 69 11 12 57 64 13 15 66 16 14 56 20 60 17 10 19 62 21 68 18 23 27 77 72 52 70 85 73 71 96 42 25 44 31 80 93 41 53 46 90 87 92 47 95 51 89 94 30 34 97 81 48 2 76 33 26 45 5 29 39 43 98 74 82 49 91 38 6 75 36 40 4 84 28 86 3 50 0 35 1 32 88 9 83 54 37 78 79 
59 37
71 72
33 34
5 4
91 16
57 58
63 64
10 9
47 35
80 79
59 60
44 45
79 78
0 89
81 80
7 8
26 27
38 5
53 54
70 71
4 3
19 83
0 1
92 32
75 62
20 46
57 56
60 61
64 65
25 74
53 52
4 42
87 86
33 55
18 19
16 17
88 87
16 15
24 23
94 95
38 39
61 18
28 31
19 20
83 84
62 63
60 93
11 12
35 36
20 21
25 24
5 6
8 76
90 91
24 51
72 73
6 11
26 25
47 48
14 43
21 22
23 53
86 30
68 69
56 50
43 44
83 82
50 49
11 10
93 94
78 88
27 40
79 66
46 47
95 96
89 90
58 59
12 41
32 33
74 75
93 92
98 0
27 28
1 2
84 85
28 29
69 70
37 38
82 81
66 67
45 97
78 77
13 14
67 68
6 7
96 13
10 26
15 57
