39 40 41 42 43 44 45 38 46 47 48 26 49 50 51 21 52 53 54 55 35 56 25 57 58 59 23 60 61 29 62 63 28 64 65 66 67 68 30 69 31 70 34 71 1 33 72 73 74 22 75 76 27 77 37 78 32 79 80 81 36 82 83 84 85 86 24 87 88 89 90 91 92 93 94 95 96 97 98 0 2 17 19 9 14 11 5 12 4 10 18 13 20 8 7 15 6 3 16 
21 75
23 79
10 53
10 54
13 59
26 20
6 46
25 83
16 11
9 28
27 7
30 17
13 60
1 36
9 51
0 34
23 30
2 38
18 4
14 61
12 2
4 42
32 24
3 39
3 40
23 27
24 13
3 9
26 85
17 67
31 6
23 80
20 73
11 56
32 97
16 66
4 41
13 3
18 69
24 81
18 70
29 19
25 84
20 10
30 93
29 91
31 95
12 57
32 1
27 87
29 31
22 77
2 14
16 65
5 44
20 74
18 12
17 22
6 45
28 89
22 78
98 32
29 92
31 96
26 5
8 49
21 76
24 82
13 25
2 37
14 62
27 88
19 71
26 86
25 0
1 23
7 48
12 58
32 16
1 35
0 33
5 43
19 72
62 64
25 18
7 29
7 47
28 90
6 21
64 15
6 8
9 52
30 94
23 26
11 55
8 50
15 63
17 68
