23 50 61 93 6 94 62 26 95 63 17 64 65 97 10 25 98 66 99 5 3 31 68 69 60 90 24 22 72 35 57 52 75 40 4 46 76 77 15 39 79 80 28 8 20 81 16 43 82 83 51 54 45 9 84 55 56 44 53 29 36 88 37 89 14 
80 17
3 26
88 44
35 51
39 36
51 43
52 8
50 81
72 64
99 83
89 24
8 68
65 75
53 97
23 94
65 60
17 53
90 84
40 61
31 69
52 50
80 3
25 57
50 45
25 35
36 93
35 28
99 40
56 9
89 90
51 79
61 37
52 15
56 62
39 72
5 25
77 52
26 20
64 66
99 22
8 6
40 31
35 29
63 54
79 4
80 16
40 63
72 55
82 76
15 80
69 82
5 95
83 65
55 56
99 10
93 89
26 14
99 77
57 88
81 46
31 23
50 39
31 5
40 98
