92 90 87 89 88 84 85 91 86 93 96 98 94 97 95 99 58 20 72 4 50 10 63 0 12 69 3 34 8 73 7 61 1 68 2 13 60 16 40 83 14 64 51 19 22 48 41 65 27 46 70 31 33 52 28 23 47 81 18 32 67 5 71 56 45 35 62 38 66 21 30 44 57 80 53 39 36 76 17 54 37 78 26 49 9 59 11 79 43 25 77 6 55 42 75 15 24 74 82 29 
22 21
60 46
99 66
55 56
98 72
43 42
68 33
69 68
89 90
35 80
68 48
37 76
80 43
53 44
53 57
21 20
48 49
85 70
9 74
43 24
6 7
3 2
19 64
67 96
86 53
25 17
3 4
30 62
20 54
41 40
34 15
10 28
10 60
49 82
79 13
10 23
46 37
94 93
53 61
98 97
49 50
55 30
20 52
88 89
97 29
74 63
68 27
57 58
4 5
31 11
40 47
0 1
25 67
43 0
46 34
95 91
79 35
88 8
73 84
58 59
25 26
10 9
15 16
69 94
24 25
18 87
50 78
13 14
50 79
25 22
85 6
2 92
84 83
78 88
56 3
32 55
30 31
30 45
66 69
99 98
35 85
37 95
8 71
43 65
65 38
35 36
33 32
11 51
63 81
72 73
36 75
94 41
0 39
38 86
20 10
18 19
62 77
11 12
17 18
