25 67 21 62 16 33 72 50 63 38 61 37 47 56 32 26 39 34 57 18 58 29 36 70 46 44 30 40 68 54 48 31 20 71 69 23 45 51 52 59 66 15 35 27 42 17 55 24 19 53 60 28 49 14 64 65 43 22 41 73 74 75 76 2 77 78 79 7 80 81 82 83 84 85 86 87 88 89 4 90 91 92 93 94 95 96 97 98 5 12 8 6 11 3 1 0 9 10 
50 52
22 89
22 15
39 34
75 41
1 36
59 27
83 81
10 61
43 8
23 35
9 4
28 91
42 90
12 69
20 92
23 63
93 59
42 19
35 88
56 39
26 58
60 7
11 33
12 45
9 82
98 21
28 55
10 57
55 67
30 65
23 50
55 60
83 30
59 77
12 42
73 80
10 23
33 43
23 76
38 17
30 47
20 71
30 16
74 83
73 44
14 75
98 66
91 86
4 97
27 18
74 1
4 12
36 0
89 56
43 62
4 78
10 96
11 25
11 9
21 68
35 31
47 3
14 5
39 93
25 87
59 20
12 95
51 85
39 53
10 73
23 84
39 11
61 40
10 38
20 26
12 28
21 48
93 64
42 54
20 32
4 72
1 94
67 49
43 37
22 70
68 74
58 24
89 46
81 22
30 2
4 51
94 29
39 79
10 14
21 10
10 6
