78 15 16 79 17 80 18 81 19 82 20 83 21 84 85 22 86 23 24 87 25 88 26 89 90 27 91 28 92 29 93 30 31 94 32 95 33 96 97 34 98 35 99 36 37 38 39 40 41 42 43 44 45 46 47 48 49 50 51 52 53 54 55 56 57 58 59 60 61 62 63 64 65 66 67 68 69 70 71 72 73 74 75 76 77 8 7 12 14 2 6 10 3 11 13 1 4 9 5 0 
11 58
92 30
17 76
56 26
66 13
21 90
13 64
48 57
12 62
9 52
14 67
23 96
98 69
2 32
51 78
86 20
3 35
11 60
88 21
17 77
25 59
35 86
73 16
23 95
6 45
19 84
39 29
76 48
78 17
7 46
15 70
49 8
57 10
21 89
22 93
9 54
34 36
79 18
2 33
91 22
34 3
22 92
18 80
15 72
76 28
16 74
10 56
39 4
48 7
61 12
8 51
86 88
36 31
31 2
41 5
18 19
5 42
10 55
70 53
26 0
19 82
88 43
8 50
52 73
94 23
20 85
4 37
45 39
70 94
24 98
13 65
24 97
20 87
14 68
43 6
6 44
18 81
0 27
71 15
5 40
4 38
98 66
47 91
12 63
99 24
89 79
19 83
38 71
97 49
8 1
0 25
59 11
6 14
85 61
55 34
66 41
53 9
16 75
7 47
