78 87 93 92 94 79 91 86 14 82 17 15 6 1 90 22 11 21 10 8 4 16 18 99 5 98 7 84 12 20 19 97 89 96 0 95 13 85 3 81 83 9 80 88 2 41 77 40 76 39 75 74 38 73 37 72 36 71 35 70 34 33 69 32 68 31 67 30 66 65 29 64 28 63 27 62 26 61 60 59 25 24 58 57 23 56 55 54 53 52 51 50 49 48 47 46 45 44 43 42 
85 93
13 64
58 11
1 30
74 16
16 73
62 12
16 75
27 54
94 80
32 58
12 63
11 59
8 50
15 71
98 40
55 69
18 79
32 2
29 1
3 34
50 43
2 31
1 28
14 68
88 21
8 49
11 60
3 13
87 70
42 84
18 81
98 51
10 57
54 36
6 44
23 96
19 83
40 5
70 62
45 55
38 4
5 41
13 66
96 32
71 77
80 18
3 35
87 20
21 90
32 48
71 29
71 94
4 37
61 74
51 8
20 85
27 0
19 82
9 53
14 67
74 27
5 42
10 56
0 25
56 88
77 17
16 7
24 98
9 52
43 6
12 61
6 45
84 19
4 39
82 38
36 46
21 89
36 3
23 95
94 23
13 65
0 26
69 14
37 47
70 15
24 97
17 78
22 92
54 9
99 24
15 22
17 76
55 10
2 33
15 72
22 91
39 87
20 86
