68 11 87 70 15 35 65 91 71 64 51 80 62 61 88 49 69 43 77 50 60 63 52 99 66 30 54 67 82 17 95 22 20 38 55 32 21 37 12 18 26 97 48 78 10 89 46 39 76 31 42 44 85 14 81 40 23 83 57 93 25 58 41 84 29 16 73 27 8 96 72 19 79 47 98 75 45 28 24 59 92 33 34 53 86 13 74 36 94 56 90 9 4 5 6 0 3 1 2 7 
8 18
23 96
2 25
20 97
20 23
14 56
5 24
7 53
2 46
10 21
1 90
7 63
24 19
1 39
64 87
25 78
8 11
10 52
4 74
3 34
3 93
12 29
5 45
2 50
2 95
10 9
4 79
54 3
7 28
11 43
99 10
2 61
5 14
7 83
11 48
16 2
10 64
4 84
29 33
4 58
18 0
69 54
87 80
89 7
3 72
13 59
1 77
1 16
87 89
3 37
3 65
13 62
7 22
1 47
32 81
27 92
3 91
4 75
31 51
5 67
87 69
3 86
8 26
11 42
99 8
4 94
10 41
22 76
15 73
2 38
87 31
2 30
69 4
4 85
80 55
6 82
6 44
1 70
30 98
16 20
16 57
66 1
8 13
2 88
4 5
22 49
51 35
18 60
1 27
2 15
87 66
28 17
32 40
16 71
1 6
87 68
5 36
7 32
1 12
