84 18 88 19 89 20 86 87 21 22 91 24 83 92 93 26 90 27 95 28 29 82 30 96 97 31 32 94 33 81 99 35 36 38 39 80 40 41 42 43 44 79 46 85 47 45 50 51 78 48 49 10 53 16 8 77 54 55 52 57 58 76 59 56 61 14 62 73 63 60 65 4 74 67 64 69 3 12 0 75 5 70 71 68 7 9 72 
86 74
95 94
41 47
20 85
21 4
7 48
40 31
87 75
14 68
67 71
99 87
10 57
43 30
93 63
52 9
55 32
8 50
97 45
21 89
21 88
8 49
55 53
71 78
10 3
20 7
24 97
22 93
0 26
89 77
30 90
19 82
90 46
22 91
62 36
99 24
57 43
90 21
20 8
20 86
86 33
35 40
79 96
84 54
16 73
50 61
81 65
62 12
52 58
18 80
38 67
84 27
3 35
69 72
81 18
20 22
81 41
10 0
40 60
69 59
5 42
80 29
87 95
51 44
92 56
64 62
40 84
95 69
93 76
49 52
56 10
18 79
19 83
8 51
84 19
75 16
83 81
40 5
27 70
88 38
26 28
84 39
69 64
10 55
87 20
22 92
69 14
