48 49 50 51 52 53 54 55 56 57 58 59 60 61 62 63 64 65 66 67 68 69 70 71 72 73 74 75 76 77 78 79 80 81 82 83 84 85 86 87 88 89 90 91 92 93 94 95 96 97 98 99 9 7 4 3 18 14 15 2 20 12 13 0 22 11 8 1 6 5 21 19 10 17 16 23 24 25 26 27 28 29 30 31 32 33 34 35 36 37 38 39 40 41 42 43 44 45 46 47 
0 25
25 42
94 39
0 27
4 37
44 6
79 18
28 50
23 96
15 71
34 76
47 36
21 88
2 31
14 67
6 16
42 5
11 60
36 29
22 92
68 14
80 90
19 82
2 33
24 97
48 78
6 43
95 23
70 15
90 21
9 54
9 53
3 34
16 74
1 22
1 30
10 56
19 84
47 7
29 1
20 85
11 59
99 24
13 65
22 93
9 11
26 0
6 45
18 81
98 77
5 20
12 62
7 46
50 8
66 13
83 19
37 44
52 9
52 32
3 35
11 58
98 83
8 51
36 3
13 64
21 17
24 98
57 10
23 94
63 12
21 89
4 38
32 2
62 79
1 28
75 52
15 72
20 87
55 66
12 61
97 68
97 63
71 57
39 4
8 49
61 75
5 40
20 86
22 91
75 70
28 26
67 47
10 55
27 95
18 80
7 48
16 73
14 69
5 41
