1 24 71 57 25 72 56 26 27 73 74 28 7 58 29 75 76 30 8 77 31 78 79 33 80 34 22 81 54 82 36 83 37 3 84 38 2 85 23 86 40 87 88 89 11 6 12 59 13 0 45 46 14 61 47 16 63 48 64 17 65 50 18 66 19 51 67 20 52 68 4 70 
74 72
77 73
56 47
63 61
86 67
86 68
87 76
11 20
79 78
20 22
71 70
56 57
40 38
64 63
0 1
22 23
30 33
2 0
11 18
8 7
38 31
8 14
31 30
13 16
72 71
23 24
24 25
0 3
23 26
47 51
19 45
28 29
76 75
80 79
67 66
12 17
54 52
23 27
46 40
3 11
78 77
66 65
47 46
30 34
3 4
71 56
30 28
81 80
64 54
57 58
29 36
28 8
31 37
76 74
14 13
89 88
88 87
7 19
85 84
57 48
8 6
84 83
83 82
87 86
72 59
65 64
13 2
1 12
72 50
89 85
82 81
