52 51 56 45 59 7 48 58 97 50 5 15 98 17 10 16 6 54 13 99 18 55 47 60 57 49 46 14 19 95 64 82 70 87 9 80 69 73 79 62 65 77 92 88 43 68 21 78 63 3 33 66 72 71 93 86 41 91 20 30 89 24 40 2 25 85 22 42 76 75 35 23 81 37 94 39 0 27 34 32 4 26 28 1 29 38 31 36 
23 79
28 1
28 19
86 14
9 78
22 3
42 87
69 30
92 33
9 38
0 7
20 66
75 73
45 65
25 35
77 48
89 64
5 75
37 60
9 6
34 77
75 43
2 5
34 81
38 85
15 93
38 76
95 18
34 95
88 23
43 45
27 58
7 89
9 2
22 62
13 68
50 32
50 97
31 63
28 27
81 21
0 13
5 15
19 47
20 71
66 55
87 29
15 94
86 98
24 25
88 49
15 52
99 57
2 17
62 4
10 69
0 88
31 9
17 40
92 0
0 56
81 70
13 24
19 37
20 36
5 28
63 59
85 91
36 16
79 41
17 34
98 54
71 10
28 26
24 51
86 31
2 22
25 42
37 20
46 92
10 72
97 46
99 50
33 86
23 82
13 80
80 39
