4 1 2 3 9 5 6 7 8 10 11 12 13 14 15 16 17 18 19 20 21 22 23 24 72 33 73 34 74 35 38 75 76 39 77 36 78 37 79 41 80 32 81 42 82 43 40 83 84 85 31 86 46 87 47 88 44 89 49 90 30 91 50 92 51 93 48 94 53 95 29 96 54 97 55 98 52 99 57 28 58 59 56 61 27 62 63 60 65 26 66 67 64 69 25 70 71 68 
6 27
6 25
1 84
22 56
30 39
99 1
1 89
10 47
91 29
17 52
19 16
76 9
6 35
13 49
1 72
5 11
5 30
1 70
30 60
38 67
1 85
21 55
20 36
3 41
5 43
11 48
18 53
1 90
1 97
1 93
8 7
1 78
31 61
21 22
82 18
83 20
39 68
6 44
36 65
1 73
1 88
81 15
1 71
18 34
1 76
1 40
1 12
1 86
1 81
8 46
1 98
1 94
4 42
1 83
19 54
86 24
1 69
70 3
1 74
80 14
69 2
73 6
1 87
9 31
75 8
15 50
1 92
1 96
1 91
1 77
19 10
21 26
5 37
29 32
28 58
1 80
27 57
32 62
1 95
72 5
5 28
14 17
14 23
18 19
13 33
12 21
71 4
1 75
1 79
35 64
16 51
37 66
29 59
79 13
99 38
1 82
33 63
