0 1 2 3 4 9 5 6 7 8 10 11 12 13 14 15 16 17 18 19 20 21 22 23 24 25 26 27 28 29 30 31 32 33 34 35 36 37 38 39 40 41 42 43 44 46 47 48 49 50 51 52 53 54 55 56 57 58 59 60 61 62 63 64 65 66 67 68 69 70 71 72 73 74 75 76 77 78 79 80 81 82 83 84 85 86 87 88 89 90 91 92 93 94 95 96 97 98 99 
13 12
39 75
6 96
8 87
85 16
60 59
95 41
94 86
17 64
22 88
74 28
38 24
8 7
54 23
75 4
60 50
54 55
60 36
32 39
10 9
93 94
94 78
76 77
47 60
84 76
56 57
50 51
51 97
16 90
20 19
56 89
2 70
30 42
36 37
80 74
68 34
27 92
80 54
32 31
84 67
10 11
78 82
42 25
79 8
48 47
9 93
71 44
38 21
21 33
48 13
94 95
2 3
74 27
39 40
77 62
47 46
67 56
91 43
52 53
31 30
50 35
54 48
62 29
0 49
58 10
9 71
16 15
36 73
10 6
8 68
27 26
13 20
71 72
95 65
0 1
49 61
74 66
13 58
36 81
99 98
98 84
0 14
6 5
17 18
67 80
33 32
3 22
80 91
79 52
29 83
51 69
12 0
16 17
57 63
65 2
76 85
78 79
84 38
