16 9 17 2 18 19 20 21 22 0 23 24 25 8 7 26 27 28 29 30 31 32 33 34 35 36 15 37 38 39 4 40 41 42 3 43 44 45 10 46 5 47 48 49 50 51 52 53 54 55 56 57 58 12 59 60 61 62 63 64 65 66 6 67 68 69 14 1 70 71 72 11 73 74 75 76 77 78 13 79 80 81 82 83 84 85 86 87 88 89 90 91 92 93 94 95 96 97 98 99 
0 37
0 54
1 74
3 1
0 32
2 86
0 39
28 21
0 42
2 26
2 81
1 70
2 91
3 19
2 79
3 98
0 47
1 59
0 53
1 72
2 96
2 82
11 28
1 62
2 92
0 48
28 25
25 22
0 50
17 18
2 87
1 71
0 55
28 17
2 80
1 75
1 76
27 20
0 56
1 63
4 5
2 88
83 2
0 49
0 43
30 24
2 78
99 3
8 12
11 83
10 11
0 33
0 51
1 61
1 65
1 69
2 97
18 30
1 64
2 84
0 45
4 27
24 16
15 8
0 36
1 0
0 7
0 34
2 94
5 14
23 15
0 40
0 57
2 89
0 38
3 10
0 44
1 67
1 68
3 9
1 60
0 41
19 6
7 29
2 77
2 90
2 4
0 31
0 46
0 35
1 73
2 85
1 66
2 95
1 58
0 52
9 13
22 23
2 93
