41 40 27 43 57 38 48 36 34 49 53 25 44 59 32 29 47 35 31 64 60 65 37 26 28 63 42 56 30 54 61 51 45 52 55 39 46 50 33 58 62 66 4 69 92 81 90 85 79 11 73 18 86 2 67 88 71 12 16 76 10 78 1 74 80 14 91 9 72 21 24 7 95 22 20 68 75 89 15 23 70 87 94 77 19 99 0 97 84 3 8 96 82 93 13 98 5 6 83 17 
0 5
50 51
45 46
36 37
25 26
4 14
50 57
25 33
19 20
71 3
63 64
0 2
50 52
2 12
50 58
81 84
72 73
38 39
0 9
25 30
74 75
23 24
6 15
60 50
81 85
25 35
91 90
0 6
22 23
73 74
91 93
91 96
48 49
91 94
45 48
50 54
78 79
40 43
50 59
64 65
25 32
67 68
90 81
77 78
71 44
81 82
50 53
66 67
0 10
57 71
25 29
65 66
44 45
0 18
25 27
18 19
37 38
50 25
61 62
99 91
40 41
81 60
0 7
91 92
81 88
44 40
50 56
81 83
0 8
68 69
60 61
45 47
81 87
7 16
0 4
3 13
25 34
1 11
71 0
26 36
9 17
0 1
50 55
21 22
81 89
19 21
69 70
25 28
71 72
79 80
40 42
76 77
81 86
62 63
91 97
91 95
91 98
75 76
25 31
