22 19 20 8 21 10 18 2 16 3 15 14 1 13 11 7 12 4 5 6 9 17 71 61 72 65 66 73 74 63 75 64 68 76 60 77 78 69 70 79 67 80 81 82 83 84 85 86 87 88 89 90 91 92 93 94 95 96 97 98 99 62 26 27 28 29 30 31 24 32 33 23 34 35 36 37 39 40 41 42 43 44 45 46 47 48 25 49 50 51 52 53 54 55 56 57 58 59 
18 77
93 3
97 9
2 98
21 52
9 73
10 16
13 34
24 55
7 42
5 71
14 22
2 96
2 32
23 80
2 24
4 15
23 54
2 94
32 62
26 57
30 87
4 39
17 50
36 33
31 88
35 65
9 12
7 28
99 2
94 4
2 95
2 68
7 37
4 70
95 7
29 30
3 18
11 46
3 31
19 20
33 63
21 78
3 69
14 75
29 86
36 92
18 23
34 91
22 53
8 43
24 5
30 19
27 84
98 10
34 64
14 27
32 89
19 21
26 6
17 35
13 74
25 56
36 66
12 47
14 48
25 82
37 67
96 8
9 44
15 76
33 90
5 40
20 13
37 29
6 72
28 58
10 45
30 60
26 25
31 61
33 11
13 26
4 14
16 49
71 1
20 51
28 85
22 79
6 41
2 97
24 81
26 83
9 17
2 93
29 59
29 36
