45 3 48 24 42 29 26 37 31 20 33 2 39 15 43 51 50 40 1 44 14 34 0 28 19 21 11 55 41 56 47 12 17 32 49 35 6 57 46 38 9 25 36 52 13 23 58 30 54 16 27 7 4 5 59 10 53 22 18 8 
43 45
27 26
51 53
43 46
51 54
4 24
11 1
40 41
56 58
26 25
13 11
23 56
15 20
14 22
25 42
50 51
4 14
9 2
47 49
47 50
5 8
56 55
2 0
18 17
45 9
2 4
29 30
37 38
51 52
50 48
43 44
54 27
32 33
24 19
59 43
14 12
38 39
0 13
27 28
35 36
39 40
8 16
30 31
34 35
46 47
7 10
9 3
46 18
21 7
8 15
31 32
3 21
15 23
28 29
36 37
51 6
56 57
1 5
33 34
