93 77 82 78 70 98 90 64 69 95 66 81 88 68 84 65 80 71 79 86 67 74 76 75 94 72 73 87 9 83 4 89 11 3 6 5 1 85 2 91 8 96 0 97 99 92 7 10 12 45 21 13 60 20 49 19 61 35 38 48 25 33 55 58 14 34 32 29 50 52 62 17 18 53 43 31 56 28 22 42 39 63 44 47 27 41 54 57 51 23 26 15 37 46 40 30 59 24 16 36 
45 82
51 37
17 13
16 12
23 69
9 93
40 88
67 60
11 53
11 8
15 14
50 51
66 65
20 27
20 6
62 66
25 62
60 47
16 87
21 1
27 54
28 20
30 33
27 61
26 28
30 34
79 74
31 48
43 42
73 57
34 96
22 26
78 32
18 19
10 15
29 95
63 11
35 49
35 97
21 25
52 55
60 63
90 9
91 92
32 36
16 81
32 39
5 64
26 71
0 7
15 29
3 5
62 89
48 75
10 18
22 24
3 94
99 91
43 46
92 67
84 83
70 10
71 76
28 38
63 40
41 77
72 79
73 70
3 2
7 43
15 80
81 86
21 30
5 44
15 98
32 59
26 23
9 3
37 52
37 41
9 4
54 85
50 56
4 0
37 35
4 31
90 78
52 58
3 17
10 16
34 72
35 84
23 21
66 68
78 73
11 45
11 90
32 50
4 22
