24 23 25 27 22 37 32 63 44 66 53 35 52 50 60 55 61 4 33 26 57 1 48 2 3 67 9 36 28 5 6 65 38 7 8 10 62 11 47 12 30 13 14 68 49 15 56 16 17 34 40 31 42 45 58 54 18 59 29 19 64 20 46 21 43 51 41 69 73 70 71 72 78 74 75 76 77 79 80 
37 1
14 11
25 24
15 16
37 33
46 48
62 70
12 13
31 30
34 32
41 64
43 62
33 34
18 26
53 56
28 38
45 72
64 76
48 74
17 18
45 52
70 61
43 50
18 19
44 55
55 63
37 2
62 69
11 12
48 47
57 60
7 27
40 68
46 44
66 45
35 36
59 79
20 22
45 49
5 4
9 28
6 7
33 35
10 9
8 6
15 14
68 77
24 15
18 23
6 5
49 53
14 10
9 8
60 75
38 37
45 46
44 41
59 67
60 71
41 40
50 42
45 54
53 51
80 66
27 31
79 65
61 59
60 58
19 20
16 17
55 43
75 78
56 57
4 3
69 73
20 21
40 25
4 29
