24 40 32 25 54 26 57 36 75 31 64 72 35 73 56 23 55 37 65 53 42 39 28 52 58 38 45 51 47 74 43 49 48 27 60 29 76 46 81 61 79 77 50 30 66 44 78 6 1 87 90 94 88 93 8 92 14 10 7 99 0 95 9 5 3 96 97 85 2 15 11 89 22 98 16 86 4 
1 14
0 98
0 79
0 72
1 2
0 4
9 44
0 11
0 35
0 56
0 50
0 15
8 45
0 27
0 25
0 16
0 26
0 37
0 76
0 55
0 6
0 65
0 93
0 39
0 81
0 96
0 51
0 74
11 43
0 49
32 42
0 38
0 53
0 85
0 54
99 0
0 77
0 75
0 28
0 87
0 94
0 30
0 60
0 5
1 64
0 8
0 66
0 95
0 31
0 89
0 47
1 46
0 7
0 22
0 1
0 90
0 57
0 92
0 10
0 48
0 97
0 29
0 52
0 58
0 73
0 24
0 61
0 78
30 40
0 36
0 9
0 86
0 23
0 88
0 32
1 3
