19 16 10 17 23 0 12 9 27 3 26 31 28 30 11 20 22 13 4 2 34 24 29 8 33 32 25 21 14 35 1 7 36 6 37 18 15 5 38 41 99 42 96 43 95 44 98 45 46 92 47 97 48 49 50 93 51 52 94 53 90 54 55 40 56 57 91 58 59 60 61 62 63 64 65 66 67 68 69 70 71 72 73 74 75 76 77 78 79 80 81 82 83 84 85 86 87 88 89 39 
73 30
65 13
38 43
23 94
80 18
3 36
19 82
92 22
18 79
57 65
20 85
73 16
89 31
39 4
9 53
53 69
48 7
99 90
16 75
4 38
1 17
16 74
20 6
90 21
47 80
23 95
54 92
12 63
13 66
41 34
8 49
21 89
40 50
34 3
1 29
15 72
94 55
17 76
62 96
96 84
31 2
58 11
52 9
85 39
91 47
3 35
42 5
62 12
10 56
5 41
17 77
21 14
42 48
21 88
15 71
65 44
86 20
13 64
99 42
4 37
83 45
50 8
0 27
11 60
8 15
34 68
96 86
25 73
11 59
18 81
2 33
1 28
0 26
10 57
84 19
90 52
20 87
24 97
24 98
12 61
25 0
22 93
96 23
19 83
52 25
5 40
96 67
99 24
22 91
30 1
30 58
92 62
8 51
55 10
2 32
9 54
17 78
7 46
15 70
