28 26 24 30 22 38 72 42 73 43 74 40 75 41 76 45 77 37 78 46 79 47 80 44 81 49 82 36 83 50 84 51 85 48 86 53 87 35 88 54 89 55 90 52 91 57 92 34 93 58 94 59 56 97 61 33 98 62 39 63 60 65 32 66 67 64 69 70 71 68 4 0 2 6 8 10 12 14 16 18 20 
32 0
22 78
50 52
10 54
32 28
38 40
6 46
61 63
98 32
32 24
70 72
45 47
8 49
53 55
14 61
4 42
32 20
78 80
28 89
24 82
32 22
14 62
20 73
2 37
32 16
16 66
32 12
32 2
18 70
42 44
74 76
32 26
32 14
24 81
30 93
77 79
32 8
8 50
82 84
12 57
28 90
34 36
49 51
22 77
37 39
16 65
73 75
32 6
30 94
32 18
6 45
20 74
46 48
66 68
81 83
0 34
90 92
2 38
32 10
57 59
26 85
65 67
54 56
32 97
86 88
26 86
4 41
10 53
12 58
41 43
58 60
0 33
18 69
89 91
28 30
69 71
62 64
33 35
85 87
32 4
