51 99 98 69 50 49 48 39 55 36 78 30 38 88 37 85 34 32 81 35 20 52 27 84 31 63 28 92 29 24 93 26 72 25 21 22 56 18 54 60 23 15 12 90 89 19 74 8 16 17 5 14 87 66 3 13 79 7 73 11 10 83 4 6 77 0 9 71 53 57 1 94 62 58 2 97 75 91 76 65 82 70 95 41 96 59 64 46 47 61 86 45 44 67 43 
13 85
89 39
37 61
31 17
67 60
11 79
76 2
27 36
93 76
60 27
14 30
71 77
26 20
26 52
86 83
3 38
2 16
25 28
1 64
79 75
28 18
54 29
53 21
38 45
60 74
3 67
91 55
7 71
13 92
67 73
48 14
12 86
65 82
1 5
61 58
61 13
16 97
35 69
60 63
27 11
65 93
24 12
69 10
79 4
11 23
8 56
6 32
38 53
11 37
16 96
30 31
1 15
6 8
11 0
91 87
92 81
9 62
83 57
92 50
58 59
74 78
8 94
1 35
11 7
23 25
3 19
99 47
8 44
57 9
99 91
60 89
26 88
43 54
84 48
72 46
3 70
67 24
7 66
66 84
9 72
91 98
23 26
86 65
67 95
27 6
25 51
93 22
3 41
41 1
35 49
56 90
30 43
99 3
6 34
