8 7 6 5 0 1 10 11 12 13 14 15 16 17 18 19 20 21 22 23 24 25 26 27 28 29 30 31 32 33 34 35 38 39 40 41 2 42 43 44 49 72 73 50 51 74 75 54 76 55 77 52 78 53 79 57 80 48 81 58 82 59 83 56 84 61 85 47 62 86 87 63 88 60 89 65 90 46 66 91 92 67 64 93 94 45 95 96 97 71 98 68 99 3 9 4 
42 13
38 71
1 98
6 17
12 54
77 5
1 87
1 89
1 96
83 11
1 15
79 7
1 77
1 92
14 55
99 32
30 0
5 47
18 58
22 3
7 33
1 82
81 9
35 68
1 85
11 53
19 18
40 73
4 46
15 56
24 61
6 48
27 63
12 35
78 6
15 23
5 38
43 74
4 43
30 65
33 66
1 76
25 20
21 60
23 93
43 34
25 19
8 22
1 83
25 21
9 51
33 29
99 1
16 57
1 84
1 79
9 40
5 10
6 39
6 25
19 90
8 50
75 2
1 44
23 42
1 80
96 27
21 91
2 31
29 64
12 16
15 86
26 95
25 62
97 30
34 67
1 78
39 72
2 45
42 24
7 49
25 94
19 59
14 26
1 97
1 88
1 75
32 41
10 52
7 8
84 12
11 4
24 28
1 81
85 14
