28 91 92 29 30 93 31 94 32 95 33 96 34 97 35 98 36 99 37 38 39 40 41 42 43 44 45 46 47 48 49 50 51 52 53 54 55 56 57 58 59 60 61 62 63 64 65 66 67 68 69 70 71 72 73 74 75 76 77 78 79 80 81 82 83 84 85 86 87 88 89 90 5 22 19 13 24 12 3 7 23 8 26 25 21 0 9 4 11 20 18 14 17 27 10 2 15 1 16 6 
25 24
0 78
0 95
11 41
67 2
39 5
0 92
0 34
0 69
0 86
44 61
0 75
36 31
20 46
0 96
51 60
99 0
35 33
14 9
15 27
43 3
36 42
0 85
0 91
11 10
0 80
44 45
0 79
59 57
37 40
57 22
39 14
0 76
28 12
14 13
51 43
0 97
23 26
0 73
37 28
30 1
30 44
28 54
4 50
26 63
11 55
4 37
0 84
33 67
12 23
21 35
12 47
4 19
0 81
45 11
48 62
20 29
55 39
0 89
64 58
36 51
38 7
38 64
20 8
0 83
0 71
2 30
8 48
0 77
0 74
82 20
0 94
0 36
9 66
48 4
0 68
60 16
0 72
66 59
0 98
54 56
59 15
38 25
0 93
0 82
57 52
34 53
36 18
0 38
36 6
0 70
0 90
52 49
0 32
22 17
38 65
0 87
43 21
0 88
