44 47 41 46 42 56 45 38 35 43 37 48 36 40 39 20 32 30 33 29 57 34 26 27 31 23 25 28 92 21 22 24 96 97 4 91 58 99 81 98 54 94 55 82 86 85 53 93 95 88 83 51 90 87 50 89 52 49 84 76 67 5 72 9 66 70 1 7 71 79 17 13 16 69 74 0 3 15 62 12 73 18 8 64 6 78 14 19 65 77 80 2 63 75 59 10 68 60 61 11 
38 18
76 96
87 53
37 24
13 2
36 52
57 21
6 50
76 70
29 13
12 80
61 84
20 89
61 60
28 65
96 94
44 66
44 97
13 22
48 59
19 67
54 82
96 36
78 63
47 3
17 7
16 28
44 10
66 88
99 17
51 85
13 90
42 61
86 42
65 98
10 72
37 55
36 48
29 56
57 92
86 41
77 39
14 26
85 77
92 31
43 45
55 35
99 20
10 79
65 49
94 47
16 11
90 40
48 93
28 14
10 64
13 62
27 5
90 33
13 73
69 32
85 16
10 86
10 34
22 9
41 27
56 19
14 8
6 12
77 75
71 87
98 43
71 78
28 6
29 0
32 23
33 95
49 68
7 83
91 69
71 91
19 81
31 58
27 1
53 4
13 15
6 46
69 51
78 54
29 57
90 38
91 76
96 37
31 25
84 29
51 74
90 30
32 44
20 71
