9 57 58 21 59 22 60 61 19 62 4 63 6 64 15 65 66 67 68 0 69 70 7 71 72 17 73 20 12 74 75 26 76 16 77 10 78 1 25 79 28 80 81 27 2 82 23 83 84 14 85 24 86 87 11 88 5 89 3 90 18 91 13 92 29 30 93 31 94 32 95 96 33 34 97 35 98 99 36 37 38 39 40 41 42 43 44 45 46 47 48 49 50 51 52 53 54 55 56 
36 55
38 2
99 31
10 26
24 57
15 79
7 59
28 84
4 15
67 22
7 11
11 71
68 14
5 17
12 51
11 65
2 25
12 33
2 92
4 16
49 73
32 90
5 75
84 88
11 0
20 3
15 34
49 28
66 27
12 91
14 93
88 23
17 61
30 52
15 24
72 12
23 80
77 67
68 4
72 21
73 96
15 18
10 45
44 41
22 64
18 13
77 48
43 29
12 82
26 43
28 70
21 85
28 42
21 50
75 37
7 87
30 47
80 68
48 30
5 98
76 72
2 86
39 78
2 66
28 58
96 54
4 7
36 39
21 46
15 32
11 83
32 36
12 94
4 38
21 81
28 76
14 40
14 60
17 9
2 95
48 63
14 97
88 35
16 20
10 74
15 56
42 1
34 6
20 19
2 10
21 89
4 5
20 69
63 49
31 77
12 62
5 53
15 44
