30 29 32 18 25 28 34 27 36 21 24 33 35 19 26 31 20 22 37 78 61 15 79 60 80 81 64 65 14 83 62 84 63 85 67 87 69 89 66 90 91 70 92 94 95 96 97 98 99 71 73 75 76 74 38 39 40 41 47 6 43 7 44 8 45 10 46 11 12 49 50 0 51 52 53 2 54 4 56 5 57 58 59 
46 47
50 49
78 79
51 45
18 30
33 19
2 0
65 59
97 96
85 83
19 18
41 40
94 95
45 46
49 51
5 2
20 21
62 63
43 38
10 6
84 81
63 61
97 98
58 57
65 64
89 85
27 28
81 76
45 44
85 84
27 29
81 80
39 34
44 54
64 62
44 41
19 22
70 71
90 91
96 94
70 67
99 89
6 5
41 35
73 69
38 39
94 90
6 7
10 14
12 4
15 27
66 60
25 15
99 97
67 65
52 53
52 50
11 10
67 73
57 56
65 66
81 75
19 20
15 11
35 33
85 87
24 25
61 52
18 32
38 37
76 70
18 12
25 26
73 78
60 58
32 31
75 74
22 24
34 36
7 8
90 92
44 43
