11 0 19 24 23 6 13 20 4 33 10 8 12 29 32 31 3 14 9 16 25 1 34 21 7 5 27 22 30 17 18 2 15 28 26 41 93 79 77 68 39 89 75 91 38 42 35 36 90 95 72 92 74 57 45 96 94 66 65 78 98 82 97 61 44 88 73 71 56 86 84 40 51 63 52 58 54 55 43 46 87 76 37 70 49 53 64 85 62 60 83 81 59 67 80 47 48 69 50 
10 53
22 78
11 55
21 0
22 77
28 90
5 44
10 54
17 68
20 74
21 75
6 45
24 19
27 2
25 83
26 6
13 60
2 38
2 37
4 42
29 92
28 89
24 82
3 10
27 16
26 86
12 58
1 3
26 8
32 97
20 73
16 66
28 30
0 33
18 70
18 69
23 80
7 47
10 14
30 93
9 5
11 31
26 24
27 87
16 65
29 28
14 21
23 79
17 22
1 36
6 46
0 34
31 96
98 32
18 29
9 51
5 13
3 40
8 49
3 39
14 62
14 61
31 23
17 67
27 88
32 12
21 76
26 85
7 48
24 1
11 56
16 20
31 18
15 9
5 43
27 4
18 27
1 35
12 11
19 71
19 72
4 41
18 7
24 81
25 84
29 91
31 25
28 17
30 94
6 15
11 26
13 59
15 64
31 95
9 52
12 57
8 50
15 63
