1 2 3 4 9 5 6 7 8 10 11 12 13 14 15 16 17 18 19 20 21 22 23 24 25 26 27 28 29 30 31 32 33 34 35 36 37 38 39 40 41 42 43 44 45 46 47 48 49 50 51 52 53 54 55 56 57 58 59 60 61 62 63 64 65 66 67 68 69 70 71 72 73 74 75 76 77 78 79 80 81 82 83 84 85 86 87 88 89 90 91 92 93 94 95 96 97 98 99 0 
1 84
1 79
35 17
1 74
41 22
0 51
3 43
1 77
99 1
2 13
1 92
1 82
0 69
7 14
33 34
19 44
7 26
0 59
0 45
0 53
16 11
40 36
2 5
23 15
4 19
25 30
0 47
0 68
29 4
9 35
40 23
0 65
1 93
0 50
0 38
0 20
1 88
6 41
23 2
0 52
0 55
7 27
0 58
1 76
0 61
13 9
0 70
1 75
3 24
0 73
11 25
12 3
1 94
23 12
43 39
1 83
1 81
1 98
36 31
8 6
20 21
0 57
1 89
39 8
43 29
1 91
99 37
36 42
1 85
0 64
0 66
15 28
1 96
0 62
0 71
1 87
1 95
17 33
1 90
0 48
0 72
1 80
1 78
1 40
37 0
1 97
0 46
20 16
0 56
30 10
1 86
0 67
12 32
0 63
37 18
0 54
0 60
37 7
0 49
