58 69 66 74 73 4 0 1 61 2 3 9 5 8 10 11 12 13 68 14 62 15 16 64 17 18 19 70 60 63 76 67 75 65 71 77 78 79 80 81 82 83 84 85 86 87 88 89 91 92 93 43 95 44 96 97 46 23 24 25 30 26 27 28 20 29 31 32 33 34 35 36 37 38 39 40 41 42 21 
32 31
85 89
61 60
1 2
68 12
79 78
39 40
83 91
67 68
87 58
64 65
35 34
62 61
95 93
27 26
42 43
19 20
66 67
40 41
2 3
91 0
39 83
28 27
95 96
83 86
31 30
74 73
41 42
0 1
38 39
63 62
78 77
81 70
58 46
9 8
15 16
35 36
70 69
17 18
60 35
4 5
77 76
18 19
80 79
65 66
37 38
16 17
92 82
34 33
30 29
11 10
97 95
64 63
61 80
75 74
43 44
38 84
14 15
84 87
69 64
24 23
84 88
70 71
33 32
25 24
37 85
26 25
20 21
12 13
82 81
93 92
10 9
3 4
29 28
13 14
25 75
12 11
36 37
