31 74 34 63 33 55 25 59 26 35 30 11 61 14 64 27 28 71 29 69 68 13 53 32 4 67 66 54 12 72 62 60 70 73 58 57 8 65 19 56 20 17 3 21 6 22 16 1 23 15 10 86 7 5 18 9 24 2 42 80 44 84 93 96 49 89 85 38 75 82 83 81 47 37 99 91 50 92 78 40 87 39 36 45 46 51 52 90 48 43 79 98 88 77 95 94 0 76 97 41 
7 42
29 10
4 92
18 83
26 33
34 24
12 70
30 55
68 26
3 96
64 53
22 1
61 80
22 30
70 75
96 89
36 57
31 79
35 71
12 23
29 88
11 97
60 77
4 52
88 94
0 61
1 74
22 47
99 11
52 41
32 0
15 54
11 87
33 38
22 12
33 6
51 2
92 29
11 48
43 28
40 5
48 17
42 25
97 62
57 65
71 45
36 60
54 76
11 34
9 69
49 35
39 86
22 91
58 22
34 50
99 59
46 19
14 85
14 82
24 43
7 3
11 39
49 78
3 4
64 40
11 7
20 44
3 27
20 68
71 13
12 73
49 56
28 31
18 95
20 84
96 14
46 98
70 46
81 16
48 81
59 36
7 9
51 67
70 20
14 63
51 64
44 21
85 32
12 8
98 18
29 72
40 58
97 51
96 66
3 90
38 37
40 49
82 15
30 93
