24 22 23 21 0 5 4 14 11 12 18 3 8 7 16 1 86 87 88 89 90 91 92 94 95 97 98 99 63 25 77 27 29 67 31 32 76 30 35 70 36 75 84 33 34 38 60 69 39 83 40 37 42 43 62 82 44 41 73 46 47 66 58 81 45 50 51 59 64 52 80 49 54 72 71 68 55 56 79 78 53 65 
35 95
50 84
35 31
83 60
81 18
35 47
81 66
8 50
4 37
16 75
95 87
43 32
18 80
59 33
18 79
69 14
18 22
11 59
8 3
81 53
94 52
60 55
3 34
63 45
87 69
91 56
45 38
84 65
91 70
34 46
89 72
38 4
24 97
8 51
21 89
97 77
18 16
94 82
84 76
81 42
21 90
3 35
88 44
25 54
11 58
35 25
24 1
0 27
83 64
99 29
27 86
14 67
8 5
95 23
49 83
1 30
4 39
8 49
21 88
23 94
84 63
63 12
60 11
14 68
24 98
5 40
99 24
69 81
3 36
8 21
22 92
47 7
90 78
90 43
22 91
16 73
49 71
5 41
24 0
12 62
1 8
