71 72 69 70 80 1 86 2 4 85 9 96 99 5 84 6 76 3 91 8 98 10 11 7 97 79 88 89 87 12 13 77 14 15 82 16 83 17 18 81 94 19 92 20 78 90 93 95 59 26 62 63 60 61 66 25 22 21 47 48 49 50 51 52 53 54 55 56 57 58 27 28 29 34 30 31 32 74 33 73 36 37 38 39 40 41 42 43 44 45 46 67 64 65 75 24 68 23 
99 32
23 78
22 77
69 17
38 2
32 96
90 28
47 6
50 8
30 92
93 29
16 67
7 46
6 44
6 45
99 33
25 83
8 49
3 39
13 58
9 53
28 89
20 72
72 19
48 7
42 4
18 71
44 5
66 16
12 56
22 76
16 64
31 94
52 9
8 48
21 74
27 86
4 41
7 47
13 61
9 50
24 81
36 1
18 69
59 12
78 22
31 95
85 25
17 66
27 87
13 59
62 14
28 88
18 68
70 18
21 75
4 40
82 24
88 27
32 98
14 63
29 90
10 52
9 51
24 80
80 23
74 20
56 11
2 36
2 37
15 62
40 3
14 60
32 97
26 85
54 10
19 70
25 82
96 31
87 26
5 43
11 54
26 84
22 79
77 21
1 34
3 38
5 42
64 15
29 91
94 30
12 57
19 73
30 93
60 13
16 65
11 55
