1 0 47 46 45 99 98 97 96 6 95 94 93 92 91 90 89 88 40 87 18 86 39 9 85 26 17 84 83 22 82 81 80 3 79 2 78 77 76 8 75 74 73 10 72 71 4 70 69 32 68 67 21 23 66 35 13 65 38 64 5 31 63 11 25 24 7 62 14 61 42 37 60 36 12 59 58 34 44 57 56 33 55 27 54 43 53 30 16 52 19 29 51 50 28 15 49 48 20 41 
0 81
65 51
54 19
51 28
36 32
0 7
0 92
22 69
8 18
61 25
28 56
0 86
13 67
0 96
25 68
44 53
40 36
25 65
0 83
38 22
70 12
49 8
0 91
9 71
0 44
65 21
61 10
22 39
8 16
0 79
0 80
0 82
29 61
10 66
0 87
7 42
0 97
15 64
0 78
4 58
53 14
32 29
70 20
6 26
0 88
18 11
63 23
0 95
30 27
3 63
10 48
24 52
64 59
15 60
40 13
20 6
0 75
55 41
3 1
10 62
63 31
27 54
0 4
0 89
0 77
0 98
4 30
17 49
72 34
1 45
0 74
99 0
56 43
23 33
0 85
50 3
0 94
32 17
44 15
53 50
14 73
29 35
57 24
38 5
64 57
0 93
66 2
17 70
62 38
15 9
0 76
73 46
0 84
0 90
24 55
22 72
4 37
64 47
50 40
