25 24 4 21 22 14 18 16 19 8 1 10 3 12 6 20 15 7 5 17 2 9 11 0 13 23 82 81 80 79 78 97 83 77 76 91 75 74 73 72 71 70 90 69 68 67 66 92 65 64 63 62 61 60 59 26 58 57 87 56 55 54 53 52 51 86 50 49 48 47 98 46 45 44 43 84 42 41 39 93 96 38 37 89 36 94 85 35 34 33 95 32 31 30 29 28 88 27 40 
28 90
16 65
30 7
0 5
29 92
6 45
14 9
24 22
31 96
2 31
13 60
1 36
3 39
0 34
32 13
2 37
2 38
0 26
21 76
17 67
24 82
3 15
20 73
7 48
32 97
3 30
13 0
13 3
18 69
19 71
20 19
4 41
18 70
7 47
12 57
4 28
30 93
28 10
3 12
6 27
13 6
31 95
12 23
13 59
26 24
11 14
21 75
17 11
24 8
15 63
22 77
10 53
22 78
11 55
10 54
5 44
5 2
1 25
20 74
23 79
23 18
28 89
25 83
98 32
4 42
9 51
12 4
3 40
8 49
14 61
6 46
14 62
2 29
27 88
26 86
26 85
12 58
11 56
1 35
16 66
0 33
19 72
6 1
5 43
23 80
24 81
25 84
15 64
6 21
12 20
9 52
30 94
11 16
4 17
8 50
27 87
29 91
17 68
