38 39 40 20 41 16 42 19 43 0 44 45 46 21 47 48 10 49 12 50 7 51 18 52 53 54 1 55 56 57 58 59 60 61 62 63 64 65 66 67 13 6 68 69 70 71 72 26 73 24 74 2 75 76 5 77 23 78 15 79 80 3 81 4 82 17 83 25 84 8 85 22 86 9 87 14 88 11 89 27 90 28 91 29 92 30 93 31 94 32 95 33 96 34 97 98 35 36 37 
21 3
22 77
10 54
30 0
23 6
29 92
5 44
6 45
1 36
6 46
21 11
25 83
12 27
13 60
1 28
2 37
4 42
3 39
3 40
21 76
7 25
24 82
3 10
26 85
21 16
20 73
18 22
32 97
32 12
16 66
14 62
2 9
11 56
0 33
13 17
1 35
19 71
18 70
24 81
27 87
21 20
21 2
29 91
13 59
23 13
0 24
16 65
17 68
21 75
22 78
11 55
10 53
23 79
20 74
17 31
28 89
24 5
0 34
31 96
98 32
9 51
27 21
18 23
17 26
8 49
10 30
15 8
21 1
14 61
2 38
26 86
17 67
12 58
7 48
27 88
4 14
8 19
20 4
18 69
5 43
19 72
4 41
23 80
1 18
7 29
7 47
17 7
25 84
28 90
30 94
1 15
9 52
15 63
30 93
15 64
31 95
12 57
8 50
