97 23 21 95 20 22 99 4 24 96 2 94 93 5 19 3 17 26 8 25 1 14 9 10 12 98 16 13 18 27 7 15 11 0 6 80 34 77 58 46 83 54 33 56 49 69 43 89 78 30 67 45 55 84 71 35 41 37 29 86 68 90 50 60 85 42 66 61 38 63 82 76 40 64 70 36 52 75 57 79 65 47 48 39 91 51 73 74 72 59 92 28 53 44 32 87 81 62 31 88 
30 22
89 93
2 3
78 76
20 84
31 95
66 82
67 75
34 35
65 64
14 12
73 72
3 7
36 44
48 16
27 11
51 59
26 10
35 43
46 47
80 81
53 21
32 40
30 14
6 2
37 45
2 66
17 49
34 38
19 18
24 88
65 69
52 48
98 96
93 77
66 74
27 91
17 1
7 15
22 6
52 60
69 85
69 68
56 58
77 79
34 98
12 4
21 17
32 0
17 25
97 33
25 24
26 30
34 50
51 19
2 34
53 61
14 46
70 86
40 42
65 67
87 83
31 27
7 71
57 56
23 87
12 8
29 28
7 5
33 41
26 90
14 78
31 29
12 13
97 65
47 63
88 80
55 39
36 52
41 9
21 23
52 53
25 89
32 36
54 62
59 57
23 31
99 97
55 51
33 32
89 73
27 26
39 37
21 20
22 54
78 94
6 70
84 92
23 55
