2 9 0 3 11 6 21 20 98 23 99 24 18 27 12 25 15 16 19 17 7 22 14 5 8 13 10 26 4 1 84 69 92 65 68 88 46 61 59 54 78 57 63 67 60 82 76 52 77 49 85 32 79 53 87 95 94 86 55 58 93 71 56 81 80 90 34 96 40 39 97 42 73 74 38 35 70 51 30 64 41 28 37 43 45 62 33 75 44 66 48 29 50 36 91 89 47 83 72 31 
3 4
3 1
81 79
14 12
57 58
27 29
1 0
87 85
93 92
74 72
17 15
90 88
42 41
98 96
21 19
79 78
33 35
72 73
44 42
96 97
48 49
37 36
66 64
15 16
70 69
28 27
15 14
81 82
92 90
23 21
47 45
64 63
3 2
99 98
21 22
85 84
33 32
84 86
31 30
61 60
12 10
52 51
5 3
63 65
12 11
18 20
19 18
50 48
88 87
63 61
55 54
42 40
6 8
12 13
93 94
45 44
42 43
54 52
18 17
10 9
60 59
27 25
51 50
67 66
96 95
59 57
72 70
69 67
78 80
36 34
45 46
69 71
36 38
78 77
57 55
95 93
9 7
60 62
51 53
40 39
83 81
39 37
75 76
34 33
7 6
30 28
25 24
24 23
84 83
77 75
66 68
54 56
90 89
48 47
90 91
6 5
33 31
24 26
75 74
