6 88 69 76 4 78 90 71 86 83 75 2 9 85 72 74 82 7 1 99 84 98 97 10 79 8 91 11 0 73 81 80 3 5 89 96 95 94 70 93 87 92 77 34 17 52 23 26 32 15 27 50 30 24 22 18 21 39 19 31 47 16 35 43 37 53 55 51 49 28 13 63 12 67 36 66 14 54 65 33 57 20 59 38 44 61 45 40 25 62 41 60 29 46 58 42 64 56 68 48 
52 32
0 62
13 21
0 81
23 38
99 1
19 22
0 66
1 96
46 6
0 64
4 51
0 86
35 18
1 92
24 2
43 23
20 11
0 71
5 30
42 43
0 59
8 13
99 10
21 14
20 3
0 82
6 55
0 91
1 40
42 31
23 4
0 79
1 93
0 58
0 61
5 41
4 46
0 63
0 20
21 50
0 88
37 53
0 84
10 17
20 24
8 35
0 69
4 7
0 60
13 16
12 15
0 57
50 25
0 77
44 52
55 44
0 89
7 5
0 83
17 12
0 85
0 74
4 47
1 95
35 26
0 68
0 72
9 36
0 65
54 42
0 80
5 45
50 34
0 76
18 48
1 97
0 70
46 19
37 49
33 8
0 67
0 73
10 0
17 33
0 87
0 90
41 29
0 56
0 75
42 39
0 78
12 54
48 37
1 94
1 98
16 27
1 9
46 28
