81 96 42 14 97 56 85 27 89 15 65 92 64 50 74 99 69 36 68 79 43 28 78 22 83 20 49 73 62 33 23 32 82 84 40 29 77 17 72 66 53 57 70 39 76 58 94 48 67 25 54 51 80 63 61 10 26 71 19 87 45 34 7 93 75 16 18 90 30 52 91 44 98 9 41 12 8 95 35 6 37 46 3 21 1 11 13 38 2 4 88 0 47 31 
17 80
34 65
80 21
8 3
15 35
2 76
75 82
25 53
0 8
49 19
3 73
19 92
99 98
10 79
80 32
85 9
99 54
19 46
53 90
99 75
35 30
3 68
6 94
75 36
32 88
14 28
54 69
0 20
19 10
10 0
63 43
66 64
75 66
14 74
9 29
17 7
25 81
7 40
8 61
65 62
31 58
28 87
31 4
21 1
92 51
19 56
31 93
53 33
13 70
3 26
66 37
47 15
84 45
9 31
19 71
47 42
45 95
89 41
84 52
31 63
51 47
14 84
7 23
13 72
0 50
92 17
54 89
47 77
58 25
36 18
89 13
32 44
29 38
11 12
64 85
92 2
89 6
37 97
50 83
31 67
2 27
20 96
26 78
44 57
62 39
64 49
46 91
32 14
15 22
39 48
45 11
32 16
95 34
