39 40 41 42 43 44 45 46 47 48 49 50 51 52 53 54 55 56 57 58 59 60 61 62 63 64 65 66 67 68 69 70 71 72 73 74 75 76 77 78 79 80 81 82 83 84 85 86 87 88 89 90 91 92 93 94 95 96 97 98 99 10 33 32 37 4 16 5 17 12 20 18 38 23 31 35 1 6 9 21 34 13 7 30 19 26 0 14 27 15 22 25 24 36 3 8 11 28 29 2 
49 39
2 28
0 81
16 21
55 41
0 78
0 69
49 37
22 1
61 31
0 66
11 15
0 83
6 52
0 94
99 0
0 77
0 98
0 72
0 71
41 13
0 85
30 32
38 20
28 5
0 80
0 82
0 70
8 16
53 60
0 93
0 76
37 3
0 87
49 12
0 30
57 2
63 18
11 38
42 10
7 65
31 53
0 95
48 56
18 45
0 92
59 51
2 54
18 17
36 34
18 25
23 47
0 86
0 89
28 11
0 96
11 59
0 68
15 14
0 74
0 91
3 19
61 64
63 9
4 48
57 61
48 63
0 4
12 43
0 79
31 6
0 40
62 58
4 29
9 35
10 27
0 97
15 33
46 22
0 67
39 57
58 8
3 26
3 44
62 36
0 90
0 84
0 73
45 49
0 75
50 46
60 42
44 24
9 55
25 50
12 23
55 62
37 7
0 88
