42 46 49 65 38 40 47 58 98 61 60 43 62 67 64 48 55 50 56 39 41 51 54 53 44 66 6 93 75 14 3 92 11 96 80 22 0 15 18 1 78 86 21 85 20 88 95 79 84 77 70 87 30 81 91 71 32 72 31 82 27 89 83 24 23 5 35 73 4 26 37 19 12 74 8 29 17 16 10 
51 72
23 35
37 14
98 51
20 76
15 45
26 96
75 82
47 3
20 97
88 69
73 92
19 29
44 13
20 91
62 1
47 43
44 92
18 9
95 64
44 25
56 63
74 78
65 66
41 23
56 90
38 0
93 53
80 87
17 46
49 84
53 68
4 70
0 43
95 58
88 11
96 35
27 89
40 52
82 37
39 50
11 72
38 55
21 42
32 31
22 77
39 8
98 46
83 79
29 71
5 61
42 93
30 70
98 58
84 54
91 34
84 5
29 2
91 81
4 16
91 87
22 36
6 86
5 95
15 51
39 54
66 61
24 4
60 4
53 3
43 64
60 53
62 7
15 33
87 86
31 55
56 16
67 56
71 59
43 28
44 24
40 73
89 1
31 14
98 99
77 93
12 50
10 8
77 62
62 79
87 57
19 94
85 74
78 71
18 39
78 81
88 96
58 91
48 62
