30 52 32 31 57 33 35 36 24 25 56 40 54 39 27 41 37 58 34 38 26 55 28 43 44 29 42 74 71 65 78 94 60 81 92 98 66 96 79 1 20 11 61 64 49 8 88 68 89 84 91 53 76 77 99 22 82 7 67 62 48 10 3 45 18 69 6 95 14 47 87 51 83 15 21 97 46 2 90 63 50 12 93 17 5 4 72 9 75 16 86 59 13 73 0 70 85 80 19 23 
34 31
9 7
84 89
99 4
62 63
14 11
11 10
46 45
47 46
89 94
86 85
1 2
41 42
52 53
14 19
39 44
7 6
57 56
41 40
93 92
27 26
89 87
4 1
17 18
71 70
59 57
72 73
1 0
7 8
67 68
77 78
2 3
79 84
56 55
51 50
42 43
4 9
11 12
87 88
37 38
32 33
96 95
83 86
31 30
9 14
47 48
81 80
79 77
99 96
16 15
29 27
19 17
66 65
69 74
61 62
81 82
97 98
49 54
39 37
59 64
96 93
29 34
69 67
67 66
22 23
57 58
24 21
51 52
61 60
24 29
76 75
91 90
64 61
71 72
21 22
26 25
44 49
49 47
21 20
17 16
19 24
74 71
54 59
96 97
64 69
92 91
77 76
44 41
84 81
27 28
12 13
82 83
6 5
36 35
34 39
37 36
54 51
31 32
74 79
