88 80 96 5 31 30 97 32 92 3 79 34 7 81 24 33 93 77 8 84 98 0 86 99 4 90 15 94 16 75 23 20 21 26 19 6 28 78 89 91 27 82 87 11 83 2 9 14 18 13 95 17 85 22 29 10 25 12 1 76 57 68 60 47 63 58 37 35 53 66 44 73 51 74 56 62 59 38 67 42 49 72 65 48 71 69 46 54 70 61 45 36 43 39 52 40 64 50 41 55 
33 43
5 68
17 33
31 51
5 26
49 50
72 71
97 98
79 78
5 13
37 97
75 90
24 52
44 91
22 21
7 29
65 66
1 61
71 37
1 2
17 19
14 59
91 3
37 44
20 11
18 60
48 62
22 75
58 34
65 64
26 47
19 35
66 1
0 30
24 55
34 93
70 79
0 65
10 9
65 85
1 14
71 15
57 76
39 94
24 25
64 63
0 17
3 45
6 7
11 10
4 57
17 81
63 88
1 56
2 31
21 20
1 58
64 5
14 38
22 92
34 42
35 96
6 16
11 49
15 54
72 74
10 41
18 69
63 84
39 40
34 22
42 83
26 27
10 39
84 23
3 95
27 86
23 24
1 72
74 32
17 18
5 6
19 67
15 89
7 8
84 46
5 77
15 12
43 87
5 28
8 80
99 0
15 82
94 36
3 4
63 48
22 73
1 53
88 70
