83 96 63 80 62 8 18 66 5 86 87 42 2 84 65 15 89 69 17 98 51 9 90 71 68 38 93 35 50 39 74 95 75 32 23 92 72 33 77 47 27 54 44 14 78 30 45 20 12 36 26 56 6 57 48 3 99 21 59 60 29 11 41 24 81 53 
95 93
20 18
87 86
63 62
38 36
29 27
50 48
27 26
21 20
54 53
80 78
90 89
59 57
9 8
66 65
65 63
41 39
89 87
26 24
86 84
24 23
15 14
33 32
75 74
74 72
71 69
42 41
3 2
14 12
81 80
77 75
69 68
93 92
98 96
39 38
23 21
18 17
68 66
62 60
56 54
96 95
11 9
48 47
47 45
92 90
78 77
6 5
30 29
53 51
5 3
60 59
83 81
35 33
32 30
17 15
57 56
84 83
45 44
51 50
44 42
72 71
12 11
36 35
99 98
8 6
