47 63 70 46 64 54 39 41 74 36 71 43 73 77 72 55 61 44 76 62 79 34 42 51 66 49 40 75 58 45 35 67 37 59 52 50 57 68 48 56 53 65 38 69 60 78 10 91 8 33 95 22 15 11 84 17 25 9 83 5 26 3 6 94 99 27 29 81 87 80 28 93 85 14 21 4 96 12 92 18 30 90 0 97 19 89 16 2 24 20 32 86 7 23 82 13 98 31 88 1 
46 18
14 93
58 29
97 86
85 44
21 50
18 69
34 9
62 28
51 88
37 0
29 2
45 77
34 71
38 16
7 36
11 24
1 80
12 56
1 73
22 4
1 41
95 68
88 52
18 35
17 98
88 84
71 11
40 46
22 65
7 95
96 30
68 81
64 89
71 78
44 63
34 22
23 76
12 3
49 19
18 61
95 53
10 60
12 74
71 42
30 94
7 25
56 21
77 34
34 40
4 47
26 6
13 33
67 31
66 12
50 20
18 5
29 97
87 66
18 17
68 14
44 58
29 67
34 55
99 85
42 32
44 23
52 26
47 82
87 96
14 43
41 79
37 70
86 72
58 39
15 37
26 54
45 27
33 38
45 51
37 45
72 83
12 59
30 75
58 91
22 8
71 92
28 49
47 64
64 10
36 90
83 62
10 87
89 1
74 57
6 48
81 15
40 13
23 7
