8 72 7 73 75 76 77 78 79 80 5 81 82 84 85 87 88 89 91 92 93 1 94 95 96 97 98 99 2 3 0 59 63 48 65 47 62 69 70 68 61 51 49 60 11 12 13 14 55 16 17 20 21 58 46 23 45 24 57 25 27 50 28 29 31 32 54 43 33 30 35 52 44 37 34 39 40 56 41 38 42 53 
8 50
7 47
47 59
52 56
5 16
91 45
51 82
54 29
62 12
99 60
21 88
62 79
23 94
84 53
21 89
20 85
12 0
32 2
7 48
65 13
79 77
70 93
2 33
1 28
8 49
58 30
8 51
87 25
72 75
3 34
43 81
40 65
5 41
84 80
91 44
96 23
5 7
34 70
16 73
96 43
52 63
31 55
14 69
29 1
45 92
24 98
0 27
25 57
93 37
5 3
84 78
24 5
5 42
5 40
2 21
68 14
24 97
2 31
12 17
68 39
62 54
20 87
12 61
7 46
23 95
99 84
99 24
39 91
97 62
73 72
98 38
1 20
44 76
59 52
59 11
72 96
59 68
97 32
49 35
12 8
11 58
