8 93 22 94 10 54 61 95 96 48 97 11 98 99 21 9 84 39 1 46 34 16 49 41 59 23 53 58 28 38 3 83 50 18 60 24 35 62 12 51 7 27 20 2 37 13 47 0 25 45 57 55 5 29 19 82 30 15 32 40 52 14 43 36 42 33 6 56 17 26 44 31 4 91 92 89 66 80 87 76 78 79 74 77 71 90 85 81 73 70 75 67 88 63 68 69 86 65 64 72 
75 11
61 93
57 74
13 30
53 27
10 46
67 64
78 19
79 4
52 7
24 8
67 84
45 83
79 68
27 56
37 63
99 41
13 73
13 60
30 97
1 51
20 59
17 20
57 15
93 38
8 72
74 67
7 91
52 37
33 50
32 69
36 86
69 36
58 43
1 34
6 23
21 28
89 82
13 33
27 6
28 92
33 39
80 29
52 88
90 87
4 96
36 13
4 16
0 14
45 25
10 98
63 21
45 95
77 57
37 78
38 3
59 2
57 70
77 76
70 94
0 26
13 79
37 22
41 77
34 18
30 55
85 31
13 62
80 65
57 48
94 52
31 32
69 40
24 71
84 53
85 90
38 12
48 42
54 61
15 49
91 0
17 47
10 58
0 85
81 44
40 75
27 89
40 9
54 80
17 66
11 1
37 54
6 35
57 10
25 5
74 45
6 81
74 24
95 17
