39 40 43 44 45 46 47 14 48 49 16 15 50 51 52 53 11 54 55 12 57 20 58 59 1 60 61 62 63 23 64 21 65 66 9 67 68 69 6 70 71 72 4 73 22 74 8 75 27 3 77 28 78 24 79 0 80 81 17 82 83 26 84 85 10 86 13 87 25 88 19 5 89 7 18 91 29 92 30 94 31 32 95 33 96 34 97 98 99 36 37 38 
74 70
78 71
85 26
33 61
69 83
74 77
65 28
22 24
38 72
0 33
99 0
0 47
62 68
9 55
88 21
64 92
68 45
80 82
47 44
58 57
6 67
24 54
61 27
5 98
61 95
39 11
54 63
54 81
0 14
58 49
47 64
33 86
18 7
34 39
40 31
61 25
77 78
9 43
69 4
32 34
85 87
19 12
37 36
40 60
34 38
24 20
78 75
81 88
62 65
87 89
52 51
54 84
0 37
72 73
54 52
43 80
55 48
21 8
14 16
19 53
0 40
88 62
9 3
15 19
9 1
59 32
88 85
88 94
87 10
47 59
16 74
14 17
40 96
62 15
87 91
85 79
82 97
0 6
0 9
37 23
17 29
55 50
62 58
34 30
47 22
81 5
14 69
16 18
62 13
53 46
34 66
