36 37 38 39 40 41 42 43 44 45 46 47 48 49 50 51 52 53 54 55 56 57 58 59 60 61 62 63 64 65 66 67 68 69 70 71 72 73 74 75 76 77 78 79 80 81 82 83 84 85 86 87 88 89 90 91 92 93 94 95 96 97 98 30 33 34 25 3 12 5 22 26 23 18 2 14 32 8 11 27 35 21 15 17 0 19 7 13 29 9 31 16 1 20 24 6 28 10 4 
10 53
30 94
6 26
23 6
19 29
20 74
6 46
21 18
13 60
98 32
27 2
27 87
9 51
3 39
2 38
26 86
14 62
26 85
17 67
20 73
2 37
27 88
19 71
12 58
11 56
14 5
5 43
5 4
25 11
7 47
24 20
28 17
25 84
20 12
31 95
1 15
12 57
17 30
15 64
17 68
16 65
28 90
22 77
10 54
21 75
22 78
11 55
8 21
26 7
5 44
23 79
1 36
6 45
25 83
29 92
13 16
31 96
20 9
0 34
8 49
4 42
3 40
28 89
24 82
17 14
3 10
13 25
14 61
31 23
7 3
8 28
32 97
21 76
4 41
7 48
29 24
1 35
19 72
7 8
18 69
16 66
8 22
18 70
0 33
23 80
24 81
17 19
29 91
30 93
9 52
8 1
13 59
0 13
32 31
8 50
15 63
0 27
18 0
