9 26 33 37 34 28 2 27 1 7 22 4 0 8 5 6 11 12 13 10 15 16 17 14 19 39 20 21 18 35 30 36 3 32 23 38 24 25 31 29 50 51 52 53 54 55 56 57 58 60 61 62 63 64 65 66 67 68 69 70 71 90 91 88 89 94 95 92 93 97 40 98 99 96 72 73 74 75 76 77 78 80 81 82 83 84 85 86 87 
10 9
78 66
78 77
87 93
53 57
7 5
18 10
78 73
85 91
85 69
81 80
57 60
12 15
99 86
53 55
94 88
17 13
69 78
37 38
20 25
20 24
55 50
78 70
53 61
31 32
76 17
26 29
55 64
91 92
30 31
3 20
20 23
96 90
1 16
94 81
16 18
55 54
20 26
90 82
55 52
78 74
9 14
88 83
8 2
87 89
85 96
78 75
93 98
93 97
35 36
55 63
78 72
50 58
20 21
33 34
1 8
53 56
3 0
36 37
26 28
1 3
16 6
78 68
20 22
78 76
55 51
78 67
34 35
5 19
26 27
99 85
9 11
29 30
53 62
96 95
32 33
81 87
39 40
91 94
13 7
13 12
78 65
82 84
17 53
78 71
38 39
13 4
17 1
