87 81 78 84 85 94 91 92 95 98 90 80 88 97 99 89 82 79 77 96 86 83 93 65 29 49 17 64 6 51 34 39 66 42 24 8 12 2 7 52 37 60 48 45 56 71 72 15 50 33 76 36 35 70 22 14 53 73 57 59 18 54 46 44 38 47 1 32 61 13 20 23 67 19 21 31 58 9 16 74 3 75 10 11 62 4 43 40 69 63 5 26 68 25 55 28 30 27 41 
32 31
99 98
91 90
79 78
9 8
68 67
60 59
98 97
82 81
46 45
30 29
72 71
40 39
67 66
6 5
45 44
53 52
19 18
11 10
78 77
62 61
10 9
71 70
64 63
90 89
38 37
41 40
23 22
20 19
12 11
5 4
33 32
17 16
70 69
92 91
24 23
16 15
43 42
85 84
77 76
51 50
2 1
86 85
42 41
74 73
96 95
37 36
29 28
49 48
15 14
73 72
55 54
56 55
48 47
94 93
34 33
18 17
25 24
84 83
76 75
52 51
44 43
61 60
3 2
97 96
81 80
47 46
31 30
83 82
75 74
66 65
50 49
22 21
57 56
7 6
93 92
35 34
27 26
65 64
63 62
26 25
87 86
4 3
89 88
39 38
8 7
69 68
59 58
95 94
58 57
28 27
88 87
80 79
36 35
21 20
13 12
14 13
54 53
