84 81 96 97 99 92 91 79 88 7 87 98 33 94 85 80 95 82 86 93 90 83 78 89 10 48 44 36 37 41 34 1 35 50 4 31 16 5 70 29 49 62 22 53 6 14 2 20 57 23 13 27 15 46 28 3 32 8 9 43 0 47 73 24 40 77 11 75 21 51 38 59 58 52 30 65 74 25 66 68 12 42 61 67 19 64 69 45 76 55 54 18 39 63 72 26 17 60 71 56 
2 97
19 7
0 51
2 93
0 54
2 83
1 34
2 17
2 98
11 26
6 5
1 64
20 9
0 45
1 77
0 50
0 36
0 39
1 72
2 82
0 53
12 22
34 0
0 12
0 47
1 70
11 27
2 96
1 67
0 48
5 8
0 56
1 65
2 94
26 23
8 28
1 59
1 71
0 38
1 68
0 41
1 63
99 2
0 55
2 90
2 10
1 76
1 75
2 1
2 86
0 32
32 33
1 58
32 14
0 49
1 69
8 4
1 74
18 31
0 57
2 92
2 84
2 81
2 79
1 62
25 30
0 42
2 91
31 24
14 15
17 29
4 18
2 89
1 78
0 44
0 40
2 87
1 60
0 6
0 35
31 3
0 52
1 73
0 46
2 80
2 95
33 20
2 85
25 19
32 16
1 21
3 25
0 37
17 11
1 66
1 61
2 88
0 43
11 13
