26 55 72 67 28 29 42 30 45 75 46 66 76 4 32 0 33 78 48 34 79 2 80 49 3 36 81 50 47 52 5 83 39 41 8 54 62 87 11 12 13 90 44 91 15 16 69 61 17 94 18 19 64 20 97 59 21 22 99 24 23 70 
99 23
2 3
54 55
52 28
46 94
20 70
83 11
76 91
21 20
11 12
42 41
17 16
3 4
80 79
46 47
45 44
24 87
72 36
46 64
66 67
91 90
81 80
23 24
26 52
42 97
17 26
20 19
16 15
79 78
46 81
72 46
33 34
18 17
17 0
33 32
29 72
28 8
49 50
29 30
46 45
12 13
22 21
4 5
70 39
19 2
70 69
47 48
62 61
32 66
45 33
45 83
28 29
19 18
80 75
23 22
46 54
48 49
8 62
97 59
75 76
18 42
