13 1 2 11 3 10 9 0 12 5 8 94 7 14 4 6 34 47 49 35 96 20 53 80 45 29 82 40 84 46 57 76 92 31 48 42 88 73 69 86 85 56 87 23 55 78 17 95 25 59 22 27 77 61 37 70 67 28 62 54 64 24 60 93 21 90 74 33 75 99 16 91 43 63 89 32 38 81 58 83 36 15 79 39 65 51 97 68 52 71 72 50 30 18 98 41 66 19 26 44 
12 3
75 60
5 87
5 84
13 24
57 6
5 71
92 70
19 79
18 25
61 59
43 11
86 18
37 95
80 48
55 43
82 54
87 57
57 29
17 1
5 83
47 13
34 65
13 40
15 62
30 75
8 46
71 47
8 88
25 74
13 38
54 69
4 85
21 41
99 80
70 10
10 31
65 30
80 50
96 91
31 98
9 56
17 63
95 12
27 16
29 22
2 64
15 27
57 34
7 39
69 14
30 78
66 55
77 86
2 44
32 68
37 82
82 17
23 35
34 77
99 7
14 96
18 23
32 53
10 76
50 33
99 8
91 92
13 51
91 9
29 28
23 61
12 21
30 89
33 45
5 15
5 52
32 72
30 2
95 32
4 26
2 20
8 93
45 36
92 19
29 90
27 97
4 58
24 67
48 4
57 37
50 0
95 49
46 94
88 81
55 73
88 5
45 66
45 42
