74 11 75 76 77 15 78 79 16 80 18 81 19 82 20 83 21 84 22 85 86 87 24 88 25 89 90 27 91 28 29 92 30 94 95 32 96 97 34 35 99 38 39 40 41 42 43 44 45 46 48 49 50 51 52 53 54 55 56 57 58 59 61 62 63 64 65 66 67 69 70 72 2 5 3 0 1 9 4 7 10 6 
6 91
94 5
5 51
19 44
21 48
49 66
64 1
22 18
89 85
22 61
24 7
61 32
91 80
61 53
84 54
96 88
90 27
63 81
62 35
69 10
21 19
44 58
6 62
19 64
54 86
48 76
29 49
92 57
78 0
42 30
48 41
65 46
96 42
5 95
21 20
29 67
19 79
95 34
5 22
42 78
87 55
65 69
64 29
6 84
61 89
89 28
78 16
25 59
53 70
99 94
72 92
42 38
21 87
99 43
42 63
9 77
50 52
94 3
1 2
28 83
64 39
94 21
2 90
94 9
20 96
15 82
82 11
67 56
53 97
1 50
6 72
6 74
53 40
51 6
15 25
21 24
91 45
50 15
49 4
96 65
70 75
