9 11 13 14 12 16 8 10 6 2 7 4 0 1 17 18 81 19 83 20 84 22 85 23 86 87 24 25 88 26 89 27 90 91 28 29 92 30 93 31 94 32 95 96 33 34 97 35 98 99 36 37 38 39 40 41 42 43 44 47 48 49 50 51 52 53 54 55 56 57 58 59 60 61 62 63 65 66 68 69 70 72 73 74 75 76 77 78 79 
29 68
34 33
25 86
59 83
66 42
41 50
8 30
60 81
91 56
38 93
14 10
58 1
73 9
1 37
91 52
1 97
36 94
32 27
18 35
39 74
41 13
34 58
61 20
68 28
42 36
18 77
23 85
41 32
18 61
35 69
56 79
50 47
34 65
88 8
41 4
44 98
61 44
72 70
95 22
70 40
99 12
73 55
34 76
87 78
88 11
78 91
49 84
96 62
42 39
48 96
14 6
95 88
38 7
56 38
1 43
84 89
1 25
8 31
22 16
37 73
39 29
74 49
34 51
27 34
38 60
34 75
36 26
83 19
68 14
99 41
73 53
8 72
18 48
59 54
59 57
58 66
4 63
1 18
68 90
18 87
23 17
41 0
75 24
36 95
4 59
40 2
48 23
25 92
