4 0 1 2 9 7 8 10 11 12 13 14 25 72 73 26 27 74 75 30 76 31 28 77 29 78 79 33 24 80 81 82 35 83 32 84 37 23 85 86 87 39 36 88 41 89 90 42 91 92 43 93 40 94 95 46 96 97 47 98 44 99 49 20 50 51 48 53 19 55 52 57 18 58 59 56 61 17 62 63 60 65 16 66 67 64 69 70 71 68 
53 9
16 49
0 69
25 50
0 81
88 42
0 66
0 62
68 12
18 56
0 89
65 8
31 16
12 39
0 83
52 96
0 71
99 0
50 35
97 55
72 17
0 61
0 76
85 37
66 10
0 23
53 7
32 40
9 4
25 77
59 29
52 58
0 70
17 53
0 73
0 93
26 24
24 31
61 1
0 88
9 32
25 51
0 92
0 95
75 20
0 75
2 13
0 64
99 59
0 86
73 18
83 33
98 57
87 41
93 48
0 98
56 60
0 68
19 52
0 85
0 94
90 44
0 91
0 79
0 72
44 2
29 27
0 82
0 36
78 26
8 47
0 65
17 19
79 28
59 25
0 80
57 30
0 97
19 74
58 46
0 87
1 14
0 78
89 43
59 11
0 84
0 90
0 67
0 63
