42 41 65 85 62 28 52 80 11 56 4 38 8 81 40 79 45 10 9 86 33 70 58 72 53 57 6 15 84 54 31 66 55 69 49 26 39 61 18 22 82 64 75 19 50 35 20 46 77 27 29 78 17 2 71 13 37 12 30 7 59 34 63 74 25 24 44 67 32 14 47 36 60 21 51 43 83 23 73 5 76 3 68 48 16 87 88 89 90 91 92 0 1 
66 56
17 36
14 78
45 73
22 33
56 22
80 0
47 66
83 32
24 85
9 50
75 80
12 25
40 9
27 26
65 20
29 10
79 86
9 69
18 40
37 51
22 8
28 1
41 71
57 28
92 45
85 2
13 19
0 79
47 35
28 58
1 87
86 18
70 88
42 70
8 3
64 11
11 14
18 81
48 61
11 60
2 13
17 49
8 46
6 54
0 30
18 38
73 48
0 84
25 43
30 16
24 74
65 34
83 29
12 6
41 65
2 55
20 42
27 62
4 52
1 64
86 82
61 12
4 7
21 37
8 5
17 15
51 53
29 24
1 67
32 31
12 77
47 21
15 63
41 76
1 72
14 17
9 4
34 75
5 44
5 90
6 89
71 57
78 47
53 59
67 68
15 27
48 83
55 39
11 91
23 41
29 23
