41 50 51 52 53 28 54 47 55 27 56 57 38 58 59 60 61 62 43 63 64 29 49 65 66 32 67 44 68 69 70 71 72 26 73 74 24 75 40 76 48 77 78 79 31 80 81 82 30 83 42 84 35 85 86 46 87 88 89 45 90 91 92 93 94 37 39 25 33 36 34 14 21 5 20 9 3 18 22 0 6 1 2 7 11 4 10 12 19 13 23 15 16 17 8 
35 62
27 28
18 81
20 56
35 34
24 83
60 51
7 92
81 9
5 6
33 21
65 2
15 71
9 10
67 68
76 77
62 63
36 43
77 80
63 27
41 66
50 84
11 18
16 17
49 50
11 52
11 23
5 78
0 26
2 88
81 79
45 46
18 19
49 45
54 4
4 61
28 29
70 22
71 93
0 1
41 42
2 3
6 64
24 25
37 38
28 73
35 58
45 65
34 11
25 85
42 69
62 36
8 12
42 14
9 32
74 5
19 20
70 31
69 33
86 47
94 54
11 44
49 0
4 87
47 37
60 86
31 72
26 91
54 55
30 59
30 8
24 48
21 74
90 57
54 75
14 67
15 39
26 41
23 89
42 70
59 60
15 90
9 13
12 76
51 24
45 16
40 35
4 49
42 40
32 30
15 82
16 15
36 7
16 53
