25 80 26 24 81 79 27 5 58 28 19 29 84 21 85 82 57 23 20 31 87 47 83 88 49 89 17 50 86 1 60 52 56 22 53 62 92 11 2 54 55 0 64 33 90 67 35 69 37 13 39 94 71 9 40 73 41 97 15 75 99 44 77 7 
37 27
27 26
47 37
1 0
22 21
21 31
11 1
40 50
26 25
87 86
23 22
87 97
57 47
23 33
56 55
19 9
83 73
55 54
41 40
82 81
25 35
77 67
57 58
54 44
27 17
80 90
82 92
54 53
89 88
25 24
85 75
84 94
84 83
21 11
1 2
52 62
79 69
39 49
81 80
15 5
29 19
81 71
17 7
27 28
89 79
25 15
88 87
24 23
99 89
67 57
29 39
85 84
83 82
21 20
53 52
87 77
23 13
54 64
31 41
50 60
28 29
86 85
57 56
