71 74 75 76 77 78 79 81 82 83 84 85 86 87 89 17 90 12 91 18 93 22 94 28 95 32 96 14 97 27 99 34 31 39 47 29 42 44 7 43 40 51 25 52 16 53 45 54 26 55 35 56 13 58 59 6 60 21 23 61 36 62 63 37 64 8 65 66 38 20 67 11 68 24 70 15 0 1 2 3 4 9 5 49 50 
52 58
8 37
5 1
7 2
7 50
18 78
14 38
99 25
16 86
83 82
40 79
21 66
71 24
84 94
23 47
4 85
93 0
2 71
39 77
11 3
84 75
60 62
22 53
44 65
27 11
37 76
50 70
75 91
27 97
74 39
58 18
60 27
42 26
37 22
53 12
26 4
31 55
91 87
60 8
16 20
22 64
76 54
37 89
76 16
8 83
86 34
95 68
95 35
39 56
79 45
89 74
28 61
44 14
43 28
2 95
90 7
21 93
40 32
34 67
16 23
82 90
90 44
43 52
82 81
17 51
87 6
90 59
20 42
76 84
87 21
58 13
22 40
74 43
77 29
60 31
4 36
47 96
94 63
5 9
99 60
39 5
91 15
2 17
75 49
