93 99 97 94 91 59 96 98 95 92 33 85 21 75 29 87 26 38 9 48 77 53 58 5 72 0 56 3 54 70 50 15 71 36 20 74 7 43 62 84 46 37 34 39 28 78 86 32 61 68 41 31 52 13 88 83 6 76 82 89 11 73 17 57 27 45 18 64 12 49 79 24 65 16 67 4 14 69 1 63 51 30 40 19 66 22 81 8 90 35 60 55 23 44 10 47 2 80 42 25 
37 36
28 27
14 13
69 68
76 75
33 32
94 93
3 2
87 86
93 92
29 28
79 78
77 76
26 25
56 55
2 1
39 38
36 35
75 74
85 84
34 33
5 4
30 29
38 37
13 12
90 89
71 70
97 96
62 61
88 87
91 90
35 34
58 57
41 40
80 79
6 5
31 30
51 50
27 26
72 71
99 98
21 20
96 95
1 0
70 69
84 83
7 6
15 14
64 63
17 16
54 53
53 52
43 42
42 41
40 39
47 46
86 85
24 23
89 88
23 22
81 80
46 45
19 18
22 21
11 10
44 43
59 58
78 77
82 81
49 48
83 82
73 72
20 19
74 73
45 44
50 49
68 67
61 60
60 59
57 56
18 17
92 91
63 62
8 7
16 15
95 94
25 24
9 8
65 64
67 66
52 51
4 3
32 31
55 54
66 65
98 97
48 47
10 9
12 11
