14 15 16 17 18 19 20 21 22 23 24 25 26 27 28 29 30 31 32 33 34 35 36 37 38 39 40 41 42 43 44 45 46 47 48 49 50 51 52 53 54 55 56 57 58 59 60 61 62 63 64 65 66 67 68 69 70 71 72 73 74 75 76 77 78 79 80 81 82 83 84 85 86 87 88 89 90 91 92 93 94 95 96 97 98 1 3 12 11 5 13 2 4 6 9 10 0 8 7 
45 81
35 47
32 64
19 96
91 10
7 42
2 55
11 38
32 72
64 69
12 92
8 71
2 70
7 25
29 33
15 76
20 45
15 57
1 0
37 79
31 59
9 14
0 17
2 3
2 32
4 23
7 15
24 35
3 36
10 5
49 65
28 52
31 60
23 37
4 94
28 30
1 40
14 31
65 67
17 86
26 68
14 50
21 61
21 49
45 46
18 29
35 44
68 88
26 84
9 16
63 74
25 83
7 9
46 85
4 54
1 8
21 22
22 28
0 2
2 7
24 66
42 56
4 11
69 73
18 51
6 34
1 6
39 41
49 77
2 19
15 20
54 95
67 93
3 13
11 24
72 78
84 97
4 12
14 27
28 43
9 18
46 75
1 82
98 91
46 58
41 53
37 62
23 26
17 39
36 80
1 48
71 90
3 21
75 89
45 87
5 1
0 4
35 63
