41 42 7 43 44 0 46 21 47 48 49 50 51 16 52 29 53 12 54 55 56 58 26 59 20 60 61 15 62 64 65 66 67 27 68 69 8 70 71 11 9 72 73 74 28 75 10 6 76 14 77 22 78 13 79 80 24 81 5 82 83 18 84 85 3 25 86 23 87 88 1 4 89 90 2 91 30 17 92 19 93 31 94 32 95 96 33 34 97 35 98 99 36 37 38 39 40 
23 43
50 60
4 12
22 65
37 51
68 98
4 69
27 84
4 19
13 10
4 22
51 95
58 41
8 27
39 80
20 89
29 85
77 30
31 71
96 36
13 32
70 61
14 50
99 21
70 15
20 18
5 76
8 34
12 79
73 52
49 14
31 53
23 39
24 33
99 49
73 86
75 40
96 6
35 17
69 42
26 59
23 37
24 67
26 29
44 92
33 23
9 70
19 66
21 64
5 8
49 3
49 56
11 68
65 62
33 78
4 44
73 81
12 55
31 77
6 13
43 0
31 82
26 48
50 96
41 38
71 25
84 47
41 73
11 20
55 16
27 91
50 93
15 90
35 1
26 46
26 87
8 94
13 7
27 35
49 26
8 72
4 75
29 88
75 54
5 74
5 31
33 28
33 5
5 4
4 58
13 83
99 11
61 24
33 97
75 2
60 9
