56 59 66 72 76 95 60 79 58 62 43 91 63 92 45 44 49 80 51 35 99 53 77 65 73 50 71 67 90 81 46 75 54 57 68 64 52 96 55 86 47 74 48 61 89 84 97 82 87 88 93 94 85 69 98 70 83 78 26 27 23 21 25 6 16 12 20 19 22 24 3 8 0 14 1 5 11 10 4 17 7 18 2 33 30 13 38 31 39 34 29 32 28 37 40 9 42 36 15 41 
6 7
91 90
94 93
76 75
10 13
84 83
68 67
60 59
22 23
24 25
43 44
36 37
99 98
67 66
26 27
53 52
62 61
5 6
71 70
7 8
21 22
13 14
90 89
4 5
49 3
23 24
63 62
86 85
9 10
27 28
35 36
20 21
70 69
30 31
46 47
51 50
13 15
98 97
77 76
31 32
85 84
73 72
8 9
88 87
82 81
45 46
55 54
56 55
78 77
10 11
72 71
52 51
61 60
38 39
81 80
64 63
49 1
41 42
83 82
44 45
97 96
66 65
50 49
93 92
57 56
17 18
33 34
75 74
89 88
1 0
3 4
65 64
40 41
15 16
87 86
42 43
19 20
29 30
37 38
12 17
32 33
69 68
59 58
92 91
96 95
39 40
47 48
79 78
74 73
58 57
18 19
34 35
80 79
13 12
49 2
95 94
25 26
28 29
54 53
