67 70 92 73 74 88 90 76 91 79 78 84 98 82 93 96 99 95 80 83 72 69 81 68 71 77 87 75 89 97 94 86 85 8 65 34 49 26 24 12 61 44 23 29 53 35 55 0 32 54 62 51 31 5 52 40 16 7 18 25 36 2 48 6 10 50 64 43 46 20 4 28 30 17 14 41 63 33 11 60 13 15 58 19 59 45 42 3 21 27 22 
25 11
52 32
6 34
60 84
43 90
22 29
52 45
24 60
22 62
15 22
36 77
65 92
84 74
13 69
15 80
13 89
24 85
44 35
64 18
43 83
15 59
48 61
13 25
72 4
99 15
60 28
29 64
86 14
62 5
13 44
84 41
89 16
6 55
24 36
13 33
71 51
13 91
52 43
62 23
22 82
70 46
73 53
13 7
62 70
6 26
97 21
29 10
22 48
15 52
24 98
61 31
55 72
84 2
44 12
17 63
15 73
24 76
48 8
52 94
40 68
64 50
63 67
75 93
25 86
78 13
17 24
93 54
44 87
71 49
34 0
98 30
69 71
13 17
6 81
55 96
60 40
71 79
75 88
45 78
29 27
40 97
24 6
60 65
63 95
88 58
25 20
24 75
43 42
60 3
25 19
