4 0 1 2 9 5 6 7 8 10 11 12 13 14 15 16 17 18 19 20 21 22 23 24 25 26 27 28 29 30 31 32 33 34 72 41 42 73 74 43 75 46 76 47 77 44 78 45 79 49 40 80 50 81 51 82 83 48 84 53 85 39 54 86 87 55 88 52 57 89 38 90 91 58 92 59 93 56 94 61 37 95 62 96 97 98 60 99 65 36 66 67 64 69 35 70 71 68 
35 11
0 13
26 77
0 32
19 73
18 88
9 23
7 81
62 1
1 51
11 15
25 76
4 94
10 67
7 64
17 55
24 93
17 87
1 57
0 40
4 48
18 56
15 16
11 68
16 86
9 66
18 72
17 21
4 26
13 36
21 42
23 75
0 46
0 31
15 85
23 44
14 25
4 95
20 41
1 61
5 79
11 98
5 24
21 90
0 34
21 58
4 30
13 69
11 83
23 92
1 54
22 43
21 8
13 84
11 52
14 70
21 14
4 96
4 12
0 27
1 47
10 82
26 62
5 10
0 45
31 5
0 35
30 0
38 17
21 74
8 65
13 22
0 33
17 6
16 71
5 49
19 89
22 59
0 29
4 78
18 39
0 38
1 60
1 50
15 18
96 9
11 2
13 53
0 28
6 80
99 4
22 91
50 7
7 19
0 37
0 20
4 97
