22 54 23 24 55 56 25 53 26 57 0 27 58 59 8 28 29 52 2 30 31 5 17 32 33 6 34 35 36 37 15 38 13 39 7 10 40 12 41 1 42 19 43 44 9 45 46 18 16 47 14 48 20 49 11 50 51 3 4 21 
17 27
30 31
24 37
52 34
0 6
4 22
27 23
59 54
4 5
11 10
38 36
42 41
19 25
56 14
52 58
49 55
41 46
13 17
54 52
37 33
6 8
27 39
52 51
12 18
51 56
48 43
11 16
14 4
8 3
3 9
9 50
44 45
14 15
46 48
34 35
43 49
22 24
47 57
31 0
39 42
36 30
21 26
1 2
12 11
41 40
31 32
34 53
34 44
31 13
24 29
0 1
22 21
22 28
3 7
21 20
33 38
13 19
43 47
9 12
