43 42 46 47 44 45 17 49 50 51 48 53 54 55 52 57 31 20 58 27 59 35 14 36 37 38 39 40 41 56 61 30 62 26 60 16 25 65 13 29 66 67 8 22 64 24 69 28 12 70 71 68 23 19 10 11 18 15 72 73 74 75 76 77 78 79 80 81 82 83 85 86 87 88 89 90 5 91 92 93 94 95 96 97 4 9 7 1 6 2 3 
1 94
51 44
43 42
80 85
86 79
9 7
51 53
86 88
23 24
28 31
72 75
97 93
72 70
9 10
7 14
44 45
51 54
37 39
58 51
65 67
79 72
58 57
93 86
16 20
23 27
72 73
87 92
2 4
72 76
49 52
58 62
23 25
44 43
4 5
79 83
2 9
44 46
65 64
9 11
79 81
64 59
2 3
25 26
93 95
72 74
93 2
65 69
65 66
9 8
79 82
37 41
44 48
22 23
79 78
9 13
86 90
65 68
79 80
31 36
17 22
62 61
93 96
72 65
65 58
17 16
14 17
37 40
93 91
51 49
58 60
86 89
24 29
2 1
14 15
43 38
9 12
72 71
44 37
86 87
2 6
70 77
46 47
16 18
28 35
49 56
31 30
20 19
29 28
45 50
51 55
