47 58 48 71 61 49 54 60 68 53 73 57 65 66 64 75 50 52 56 63 70 59 51 62 72 74 69 55 67 16 41 98 6 12 9 95 29 45 31 27 13 3 42 32 8 92 34 97 36 33 82 80 93 15 38 43 37 5 90 18 26 94 39 24 17 19 46 2 7 30 96 76 44 91 10 84 88 11 83 78 81 0 85 22 89 79 77 25 20 40 14 99 4 86 35 87 23 28 21 1 
12 52
8 92
34 12
14 23
54 58
4 69
91 56
28 60
88 22
83 16
2 32
74 84
46 93
20 79
88 21
90 71
17 55
22 64
33 75
53 91
80 5
22 13
36 44
71 81
77 8
24 30
88 1
48 59
10 31
45 86
1 67
31 35
49 47
8 37
56 20
60 40
1 98
36 90
47 2
10 78
85 74
39 95
28 3
2 28
29 50
43 65
52 7
45 34
88 80
8 53
17 66
2 57
24 29
84 77
84 94
21 46
0 89
43 36
42 83
46 97
67 61
5 25
38 76
16 63
33 43
27 96
99 49
49 10
24 9
32 54
0 68
16 62
27 73
37 45
33 15
71 42
58 88
60 33
65 38
84 27
22 11
0 39
87 85
79 70
23 72
29 18
0 41
8 4
38 82
4 17
29 26
58 0
24 14
74 24
46 19
2 6
16 51
2 48
0 87
