87 39 32 43 88 38 46 73 4 57 22 48 8 67 74 9 17 76 29 62 14 64 0 68 37 84 51 33 85 69 50 3 82 5 79 16 53 45 26 52 11 44 28 42 27 30 49 65 21 80 6 61 47 15 66 19 18 86 7 75 10 89 60 25 58 23 2 54 20 12 24 40 90 35 31 55 1 56 41 13 36 81 72 77 34 71 59 78 70 83 63 99 98 92 94 91 96 93 95 97 
1 51
8 5
6 24
99 12
8 72
93 70
59 29
77 69
23 98
57 91
21 14
6 63
17 31
40 43
4 75
15 68
39 30
77 73
29 88
14 71
96 44
12 61
96 86
10 0
24 47
10 77
45 92
27 35
39 34
40 11
1 59
68 81
14 96
94 52
16 36
0 87
84 39
87 66
1 50
46 19
1 3
65 25
4 2
78 21
99 48
76 28
36 95
95 6
9 17
56 84
38 41
3 64
8 13
40 32
47 54
51 33
15 22
35 26
14 7
1 10
76 27
30 62
33 40
45 1
0 53
88 83
88 15
0 37
47 55
51 93
21 94
87 78
30 67
44 60
10 97
49 9
52 85
51 38
28 23
84 80
28 18
39 46
47 8
73 16
17 82
44 57
38 56
41 79
1 58
52 90
93 42
45 76
44 89
89 74
12 45
66 20
52 49
16 4
34 65
