42 41 40 66 39 65 38 37 64 36 35 63 34 62 33 32 31 30 29 69 61 60 59 28 58 27 57 26 25 24 70 23 56 71 22 21 68 55 54 20 19 53 18 52 51 17 50 16 15 73 14 13 49 12 48 11 4 10 8 67 47 74 7 6 46 5 45 44 9 72 43 0 1 86 85 98 2 84 3 83 82 81 80 97 79 78 96 95 94 93 92 77 76 91 90 89 88 75 87 
10 53
28 90
22 77
12 25
10 54
23 79
5 24
20 74
29 92
5 44
6 45
16 14
1 36
3 39
2 37
7 48
21 76
32 30
28 89
16 31
2 38
26 85
26 86
16 66
5 8
1 35
10 15
18 69
7 47
23 80
5 4
0 6
30 93
24 0
5 43
13 59
12 18
23 11
12 57
8 50
17 68
16 65
21 75
30 12
15 63
16 19
29 91
11 55
31 1
5 22
11 17
26 20
29 2
25 83
22 78
31 96
98 32
6 46
9 51
0 34
8 49
11 28
4 42
3 40
20 73
24 82
14 62
13 60
14 61
17 67
21 29
26 23
27 88
23 9
11 56
32 97
12 58
0 33
26 3
19 71
19 72
5 21
4 41
18 70
24 81
28 5
25 13
13 26
25 84
27 87
8 27
9 52
30 94
15 64
31 95
4 7
29 10
23 16
