28 19 40 41 2 42 20 36 10 6 43 12 44 26 33 25 45 46 27 13 47 23 3 48 16 9 39 49 32 50 18 51 4 52 29 38 53 24 54 34 22 55 0 56 17 57 7 21 58 59 5 11 8 15 14 31 37 1 35 30 
29 28
48 49
52 53
7 8
1 0
24 36
53 54
12 13
38 37
21 20
11 29
17 24
23 22
35 38
42 43
54 55
57 58
37 41
11 12
52 57
4 5
16 17
20 4
52 51
20 19
1 2
34 1
38 39
41 42
51 56
20 44
59 52
47 48
39 40
44 45
34 35
46 47
8 11
4 3
13 50
30 31
28 27
16 15
24 23
7 46
0 7
9 14
19 18
54 33
27 16
24 25
25 26
13 10
31 32
29 30
5 6
22 21
10 9
33 34
