96 25 26 98 23 99 54 27 48 52 44 28 46 42 55 32 38 35 34 36 60 50 41 49 40 31 33 29 43 58 47 45 37 53 66 68 69 70 71 72 73 75 76 81 83 65 86 87 85 89 64 90 88 93 94 95 4 0 1 2 3 9 6 7 8 10 11 12 13 14 16 17 18 19 20 21 22 
11 87
16 18
16 90
53 66
23 33
33 54
27 21
71 69
17 49
32 6
83 1
48 26
71 19
46 22
44 0
53 3
7 34
4 45
29 58
72 27
11 68
1 73
99 70
0 53
0 98
1 40
95 71
2 36
4 8
12 23
33 50
65 25
36 83
68 2
60 20
73 38
65 4
7 48
9 16
86 88
70 28
26 42
95 13
69 29
27 9
17 46
70 52
99 86
43 75
47 31
81 35
66 96
12 43
21 94
34 65
50 72
52 17
85 32
10 89
68 44
20 41
8 10
6 64
99 93
36 60
29 7
25 55
3 37
9 76
86 14
69 12
20 85
44 95
88 11
94 47
89 81
