75 55 50 9 81 14 84 12 94 8 67 77 5 27 22 95 24 33 74 15 29 36 98 32 78 34 39 66 51 18 79 10 21 17 60 83 86 53 64 20 63 28 76 25 19 70 37 90 42 30 65 11 88 26 13 97 6 85 62 45 99 4 7 80 38 57 44 91 61 3 93 40 46 69 31 41 23 92 52 71 54 87 43 73 48 72 47 35 96 16 56 68 49 82 59 58 89 2 1 0 
13 66
22 92
58 72
11 58
14 68
3 24
12 62
24 98
48 50
27 85
75 40
1 30
56 44
61 12
95 23
30 36
3 35
11 59
75 16
9 53
75 90
2 31
23 96
3 34
60 29
79 84
9 54
6 43
20 87
29 1
69 37
47 7
61 63
19 83
14 69
86 75
20 86
25 42
18 81
15 70
2 33
99 47
27 65
22 93
0 25
25 78
47 60
17 77
15 71
17 76
27 0
36 3
32 27
63 41
10 55
37 4
19 82
10 57
1 28
13 64
80 18
21 88
18 79
80 56
37 91
50 8
7 48
11 5
4 39
6 45
21 89
23 94
0 26
78 17
84 19
50 67
90 21
16 74
48 61
47 32
32 2
52 9
72 15
24 97
67 14
8 49
80 95
85 20
8 51
4 38
44 6
60 11
16 73
47 52
30 80
56 10
7 46
65 13
91 22
