27 46 41 16 62 0 43 56 89 59 26 40 28 49 32 29 36 48 33 23 61 38 21 60 22 55 17 57 47 24 44 58 18 65 30 34 19 20 76 77 66 14 63 90 72 80 99 75 39 50 45 98 73 53 70 25 68 52 37 88 74 97 69 96 54 15 95 78 51 42 94 79 93 64 92 67 91 71 31 35 81 4 86 1 11 3 84 7 10 82 2 12 87 6 83 85 5 8 13 9 
34 1
66 85
28 24
54 3
27 84
11 97
1 13
39 30
44 25
86 46
46 91
44 68
36 48
99 81
24 5
58 29
34 73
61 37
59 33
57 54
28 79
12 98
21 43
93 9
73 71
9 53
90 58
32 50
2 78
63 11
40 89
90 72
35 20
61 38
65 74
2 6
87 28
20 59
93 21
5 69
24 77
6 22
41 65
21 0
26 52
38 8
29 42
0 82
87 2
71 80
34 70
56 34
32 7
16 49
87 18
27 36
21 64
72 83
68 40
35 95
24 12
98 27
99 44
56 96
0 26
22 10
79 39
0 14
29 76
63 47
9 88
50 55
5 60
18 90
1 75
38 4
23 17
44 31
75 23
1 93
44 61
40 63
37 57
40 35
55 66
0 32
46 19
58 51
61 56
65 86
9 62
68 16
67 94
28 45
44 41
59 67
39 15
18 92
1 87
