38 39 40 41 42 43 44 45 46 47 48 49 50 51 52 53 94 55 56 57 90 58 59 60 93 61 62 85 63 64 65 66 95 67 91 68 69 70 92 99 71 72 86 74 75 76 77 78 79 80 89 82 96 83 84 87 88 98 4 0 1 2 3 9 6 7 8 10 11 12 13 14 15 16 17 18 19 20 21 22 23 24 25 26 27 28 29 30 31 32 33 34 35 
99 85
42 3
8 32
95 12
3 59
90 60
66 78
45 83
66 63
48 11
79 66
9 41
75 64
3 87
69 43
56 68
66 13
12 44
17 15
60 45
40 46
99 29
45 50
31 26
79 95
44 30
46 25
61 88
3 18
49 98
27 8
6 19
26 14
86 24
21 67
1 21
41 0
9 96
99 62
40 58
47 86
7 90
87 53
99 7
42 22
49 70
42 92
3 55
96 80
29 42
49 4
65 77
7 49
22 2
17 27
3 94
53 33
49 9
19 10
26 57
86 51
52 39
43 93
41 52
82 6
49 40
6 1
10 71
22 65
26 34
94 28
29 84
39 38
49 82
49 35
21 56
3 48
99 20
39 74
40 23
99 89
64 17
12 61
27 76
69 16
8 47
40 72
99 69
6 79
43 91
82 75
7 31
