19 18 16 10 12 0 8 5 4 13 7 3 2 11 71 72 73 74 75 76 77 70 78 79 80 81 82 69 83 84 85 59 86 87 88 89 90 61 91 68 92 20 93 21 94 95 22 96 24 97 63 98 26 99 25 30 66 28 29 56 33 65 34 35 32 37 38 58 36 42 40 45 54 46 60 47 44 64 50 51 52 53 
13 66
13 64
20 86
18 80
24 98
88 85
5 42
24 21
56 76
21 90
10 56
36 53
88 59
26 0
21 88
2 33
36 50
83 44
66 52
22 93
51 37
16 74
82 69
18 81
51 8
90 40
20 87
40 94
7 47
85 20
59 11
0 25
12 63
32 2
25 30
16 73
77 29
72 32
61 12
87 28
75 26
84 96
78 95
19 18
87 45
40 5
78 72
19 82
18 79
7 46
81 60
18 3
8 4
92 71
73 38
21 13
24 97
13 65
3 34
75 16
88 89
60 70
99 24
32 91
37 61
64 75
19 84
35 68
85 51
75 54
24 10
22 92
74 78
3 7
3 36
19 83
91 22
5 19
64 77
3 35
68 58
