69 58 51 57 60 46 45 53 62 43 73 64 77 49 75 70 76 61 67 68 71 63 54 44 66 59 48 72 50 26 78 25 79 0 80 29 1 81 30 82 27 83 84 28 32 85 86 33 87 88 34 31 89 90 35 91 93 94 95 96 97 98 99 36 37 38 40 41 42 39 6 3 4 9 5 12 7 10 11 14 15 16 17 18 20 21 22 23 
41 72
61 4
62 42
26 33
99 35
36 63
50 77
27 36
35 45
73 97
31 38
30 84
73 39
57 22
68 85
67 86
41 71
86 66
5 28
12 50
86 11
32 89
25 76
75 53
63 30
36 16
83 60
27 9
29 41
23 3
61 18
27 75
36 64
73 1
68 40
7 94
71 62
97 81
58 25
99 95
30 73
86 29
27 51
63 83
99 23
23 5
97 7
68 93
29 26
58 90
81 17
95 49
5 15
76 43
84 31
28 34
7 68
73 70
3 6
29 82
9 88
26 98
69 32
39 48
35 59
68 57
53 20
51 12
39 87
58 91
35 78
57 79
99 21
51 37
93 69
39 58
73 54
59 44
35 27
69 80
62 46
17 10
63 67
36 96
29 0
26 61
38 14
