41 78 31 30 80 34 53 45 3 82 56 46 74 84 73 47 44 65 86 12 38 87 28 88 36 8 90 11 92 71 13 14 94 15 95 4 62 96 72 16 1 19 98 99 61 69 67 0 64 51 22 58 49 23 70 57 25 63 60 26 27 76 54 59 
59 63
38 46
61 13
46 14
1 61
12 96
73 47
19 71
13 74
12 60
36 65
64 44
51 30
99 15
31 3
61 28
36 31
78 73
54 78
12 67
71 16
34 8
98 56
0 72
54 70
12 51
38 98
15 12
78 34
34 86
47 76
47 80
47 49
34 69
27 1
23 4
11 53
59 57
76 90
96 23
62 11
47 62
87 95
99 27
12 87
99 0
61 58
65 88
73 25
16 41
54 36
12 22
59 92
46 45
15 54
73 19
86 94
58 59
46 82
96 26
15 38
62 64
8 84
