25 24 26 27 80 94 75 91 83 82 93 77 96 79 85 4 0 1 2 92 3 9 89 5 95 6 7 86 8 87 10 81 11 12 84 13 14 90 15 97 16 76 17 18 19 20 88 21 22 98 23 51 52 53 54 55 56 57 58 59 60 61 62 63 64 65 68 69 66 67 71 72 73 70 74 34 28 32 33 29 36 35 37 38 40 31 41 42 30 39 44 45 46 43 48 49 50 47 
4 7
16 71
25 81
4 27
75 43
80 48
39 97
85 33
79 37
83 90
1 3
26 2
93 66
45 67
26 89
18 34
74 21
68 62
71 45
96 58
27 40
9 11
4 60
96 32
80 83
4 16
34 92
1 38
4 84
24 42
5 22
53 68
27 69
4 5
4 9
77 61
0 28
24 17
75 72
4 1
4 57
22 41
40 77
4 70
67 53
24 6
4 24
4 59
86 35
24 79
4 74
9 63
4 44
75 19
93 94
25 55
79 12
70 0
28 51
33 29
4 20
85 14
4 76
24 46
4 10
25 88
2 64
82 95
54 30
4 26
4 54
33 39
26 49
25 91
25 93
4 31
29 52
4 87
4 15
4 47
4 50
39 86
51 13
98 4
1 56
25 23
27 85
76 25
1 96
53 75
74 8
75 36
27 82
85 73
98 80
80 18
4 65
