6 23 90 68 34 70 36 72 19 73 38 2 39 82 74 99 45 41 26 86 42 30 43 25 96 83 28 46 24 85 47 48 32 87 12 49 91 3 50 89 15 54 35 55 9 7 56 1 94 5 95 58 11 14 93 97 61 51 62 21 17 52 64 
2 3
25 94
42 82
2 11
30 34
95 36
95 48
25 39
50 1
95 61
12 7
23 51
34 2
50 23
7 74
99 45
95 86
90 35
64 54
96 90
14 87
36 93
85 32
73 12
12 24
95 52
6 42
5 97
43 96
15 72
73 58
74 17
5 50
34 9
95 21
39 91
55 43
5 25
99 73
73 95
82 15
1 26
32 14
82 68
30 38
90 6
45 47
50 85
99 56
95 89
73 64
45 30
90 19
99 41
73 5
25 49
51 70
52 83
45 55
86 62
41 28
15 46
