44 43 82 81 73 54 83 88 77 80 52 51 71 48 90 49 50 87 86 53 46 76 47 79 85 84 45 78 99 98 74 97 96 55 75 95 94 93 92 91 72 30 31 3 25 29 19 37 16 35 22 32 23 34 13 17 39 36 21 18 27 64 68 26 61 14 8 59 15 67 70 33 11 5 56 66 0 57 2 62 28 60 24 69 65 42 7 58 12 1 38 6 9 10 4 41 20 40 
37 1
12 4
46 80
66 32
52 0
3 20
46 95
54 55
7 94
12 30
12 46
59 75
74 28
34 33
7 44
7 50
81 78
26 57
35 16
29 27
43 25
8 79
22 15
54 76
12 81
19 26
28 68
8 74
3 7
28 49
45 18
12 3
39 56
23 83
3 48
20 82
84 90
34 14
60 77
29 42
8 71
86 53
94 13
72 86
51 91
21 72
74 84
71 65
24 6
3 23
26 51
55 9
53 54
65 11
28 29
34 67
99 8
17 92
19 98
40 96
28 2
7 73
44 52
20 43
21 45
34 66
11 17
19 24
3 10
28 69
44 36
29 62
12 5
12 60
20 22
20 97
8 58
86 88
19 85
41 38
65 41
71 61
28 37
31 35
3 87
34 12
20 21
51 93
70 34
26 31
19 39
40 64
3 59
19 47
54 19
28 40
27 70
