43 35 90 0 55 48 47 39 76 5 52 88 77 6 66 41 78 80 92 57 81 82 61 65 58 53 45 79 83 63 60 38 40 71 99 62 86 72 7 46 97 69 75 20 12 51 25 59 4 15 1 42 29 3 56 31 8 9 32 50 28 10 64 13 23 73 67 16 68 36 91 34 70 30 85 14 96 49 24 84 27 98 89 18 44 33 19 93 87 22 54 26 74 21 37 2 17 95 11 94 
96 47
15 39
25 51
29 65
79 45
49 40
75 71
21 31
67 92
27 62
19 3
32 94
64 77
35 70
12 81
25 1
29 93
56 54
77 14
16 59
17 5
2 68
32 37
61 30
7 74
23 10
9 50
74 89
81 66
19 96
99 7
59 33
29 53
14 28
17 78
15 16
47 15
62 63
12 88
0 85
10 61
56 44
66 20
15 86
46 42
63 98
80 13
72 36
88 25
0 35
45 23
53 41
14 95
38 29
23 4
56 90
19 57
0 83
88 2
12 56
99 79
50 73
64 67
48 80
92 38
7 17
53 82
73 58
53 34
35 97
9 48
16 49
17 76
89 32
10 60
0 75
16 26
65 43
9 72
54 46
10 21
89 19
99 9
61 8
66 64
32 87
32 91
7 55
46 69
27 11
15 12
46 52
54 24
10 84
14 6
25 27
69 18
12 0
47 22
