54 50 45 51 32 44 57 60 46 31 95 49 36 91 33 30 89 88 87 53 55 85 83 81 78 29 28 76 48 73 71 69 66 39 35 65 93 84 27 47 99 42 98 97 26 63 96 17 94 62 37 92 25 90 61 56 18 86 24 82 23 80 59 79 58 77 75 41 74 22 21 52 72 20 70 40 68 38 67 43 34 19 64 15 3 13 9 11 10 8 6 12 7 0 14 16 5 2 1 4 
59 49
13 19
88 83
71 79
41 32
83 84
58 59
25 18
75 68
3 2
75 74
37 46
38 48
75 82
73 80
96 93
49 39
78 85
53 63
93 97
21 27
77 69
8 7
9 6
50 60
77 78
17 23
56 65
39 30
40 41
23 31
29 37
21 28
47 57
10 15
64 72
6 10
43 53
36 45
61 70
96 92
25 33
43 44
91 95
6 3
87 86
45 55
49 40
58 67
52 43
38 47
76 77
2 4
46 56
26 34
42 52
44 54
84 90
20 21
20 26
52 51
22 29
17 24
74 66
13 14
11 16
18 17
2 5
2 1
83 76
74 81
51 61
54 64
83 89
78 71
98 0
52 62
74 73
89 94
18 13
40 50
92 88
92 87
32 25
66 58
7 12
14 9
27 35
76 75
41 42
16 22
99 96
9 8
7 11
30 38
92 91
44 36
14 20
95 98
