65 12 59 11 37 96 10 54 36 72 61 86 38 67 15 29 88 62 43 87 69 48 47 84 76 22 51 56 5 14 93 81 39 68 44 80 16 35 92 2 64 34 0 74 41 63 27 73 13 94 8 75 79 7 82 49 33 57 53 46 4 71 45 1 30 19 77 6 97 17 21 52 9 83 25 40 98 32 18 3 90 58 28 23 91 89 50 24 20 85 78 95 31 66 42 70 55 60 26 
54 16
82 44
19 7
41 24
16 36
10 69
77 38
37 9
34 85
53 31
14 43
95 93
21 62
6 70
42 14
60 2
80 94
61 10
8 20
8 5
30 83
71 78
8 79
37 21
21 88
64 22
19 81
65 52
13 48
89 59
14 84
41 4
33 67
22 71
23 87
71 89
66 77
96 6
30 12
0 32
50 34
3 28
75 50
59 42
80 82
30 19
37 55
21 41
51 29
67 73
50 47
94 86
98 64
31 76
42 45
58 18
50 68
10 25
41 17
72 90
50 53
14 61
51 66
28 92
7 11
58 3
39 63
98 74
86 37
24 15
28 8
42 96
49 35
12 51
15 46
13 95
27 65
29 91
97 49
58 80
37 97
50 30
74 0
36 56
17 40
67 13
67 26
42 72
97 23
82 54
42 33
94 27
10 58
59 60
65 1
74 75
42 39
86 57
