70 63 33 31 84 98 26 32 96 40 99 29 93 11 10 95 88 36 8 89 13 5 7 81 12 80 17 87 85 0 79 27 77 35 34 75 97 2 9 76 42 6 15 41 86 90 43 20 67 59 49 4 28 68 37 54 45 60 23 61 16 52 1 72 82 65 21 44 74 30 51 55 83 46 78 24 48 66 3 62 69 57 39 94 58 14 56 38 71 91 25 50 64 53 22 73 19 47 18 92 
49 37
28 63
49 16
6 82
53 89
36 15
39 22
17 57
97 44
8 19
18 72
63 70
91 55
45 36
97 95
43 94
48 46
1 75
96 88
79 41
98 69
24 62
40 81
10 58
96 1
18 92
49 97
6 77
60 23
12 53
36 54
84 76
34 91
23 17
1 85
98 31
88 49
10 38
14 87
22 7
23 33
49 5
44 24
85 90
72 6
7 78
17 0
29 66
28 56
78 52
23 32
8 73
0 86
27 11
41 14
16 2
12 34
22 18
73 40
34 67
29 10
24 93
92 20
37 65
23 8
1 50
95 28
33 68
88 48
96 42
49 45
10 74
36 12
10 25
36 21
69 71
39 51
61 43
95 60
95 13
45 39
57 35
28 61
73 84
54 83
78 80
39 47
39 26
29 27
37 64
49 9
63 30
79 96
99 79
10 59
34 3
57 4
55 98
1 29
