21 22 19 73 36 11 32 76 75 26 78 20 41 82 27 53 48 80 23 57 47 38 12 50 46 79 58 42 77 51 60 63 67 65 29 17 40 55 25 28 31 83 37 39 74 34 66 15 10 81 35 44 84 45 43 69 72 49 68 18 30 64 71 85 24 86 13 14 52 70 56 59 62 33 16 61 54 6 95 96 8 2 3 1 7 0 4 99 94 93 88 91 92 97 90 89 5 87 98 9 
81 82
18 51
99 98
44 39
14 48
8 9
4 49
3 26
94 93
99 0
66 67
13 86
98 97
43 44
60 61
29 37
18 19
9 88
13 2
73 42
11 34
2 3
94 46
71 70
28 76
94 89
0 1
58 59
19 20
63 27
17 84
82 66
23 90
46 10
2 4
29 30
0 75
57 32
33 71
47 15
25 31
13 12
46 47
27 28
10 69
63 64
16 65
78 54
20 55
22 23
89 24
28 29
15 14
56 91
43 77
6 7
98 8
12 87
59 60
19 36
81 58
12 56
50 38
79 85
97 96
44 45
74 81
92 25
56 57
5 6
45 33
95 72
50 18
72 73
71 79
77 78
85 17
42 43
12 11
21 62
39 40
17 16
64 83
49 50
0 63
75 22
16 80
4 5
95 94
11 35
73 74
20 21
14 13
8 41
24 52
54 53
59 92
96 95
7 68
