8 21 11 56 30 29 36 59 76 3 49 18 45 57 44 9 23 4 62 84 52 74 64 35 16 33 27 1 22 60 46 19 71 70 50 25 65 82 20 24 63 34 81 68 7 53 41 66 15 79 78 77 40 85 28 83 75 37 10 38 54 47 67 12 39 32 61 2 31 0 80 13 51 17 73 5 55 69 43 14 72 42 6 26 58 48 97 95 93 96 98 89 90 91 87 86 94 92 88 99 
4 87
67 25
14 62
2 13
85 86
16 96
11 12
22 66
88 97
53 83
53 54
35 31
81 89
2 1
6 7
11 90
35 52
52 51
76 75
29 32
39 58
35 60
35 36
44 43
69 95
1 0
80 71
22 72
20 21
13 64
46 82
48 18
81 80
50 48
5 6
80 56
33 42
42 41
48 76
80 46
46 47
34 35
19 94
25 74
71 8
50 92
0 73
42 2
22 91
25 26
81 84
59 79
8 9
4 24
99 27
23 85
94 53
28 29
8 93
95 5
45 44
36 37
27 16
67 81
18 33
23 70
15 30
43 69
21 55
62 63
94 59
9 10
32 49
41 11
77 78
27 61
0 15
30 38
48 88
45 34
29 67
8 23
27 50
8 39
80 4
76 57
1 20
2 3
25 22
6 65
0 68
16 17
13 14
57 45
22 98
39 40
18 19
18 77
27 28
