7 6 3 4 2 0 8 1 9 5 10 11 12 13 14 15 16 17 18 19 20 21 22 23 24 25 26 27 28 29 30 31 32 33 34 35 36 37 38 39 40 41 42 43 44 45 46 47 48 49 50 51 52 53 54 55 56 57 58 59 60 61 62 63 64 65 66 67 68 69 70 71 72 73 74 75 76 77 78 79 80 81 82 83 84 85 86 87 88 89 90 91 92 93 94 95 96 97 98 99 
60 61
1 74
24 0
99 6
8 88
35 31
10 11
77 43
39 41
55 84
22 19
64 68
20 81
63 87
93 55
2 58
55 67
56 13
33 70
16 75
75 73
91 2
66 77
13 47
30 91
26 42
18 3
31 79
38 69
55 66
8 5
64 56
26 45
6 89
27 57
89 64
33 94
99 34
27 86
24 20
59 96
45 59
40 37
35 24
18 25
59 16
29 23
99 8
43 18
54 78
1 7
43 10
62 22
93 35
91 50
64 33
34 92
9 36
81 14
33 48
31 38
16 54
92 30
12 53
64 26
87 4
13 97
70 27
81 52
29 28
4 60
82 95
54 72
2 71
40 65
63 46
93 62
16 83
26 12
99 40
50 90
67 85
20 82
6 17
38 29
63 44
90 93
20 51
33 98
26 63
8 21
92 15
51 80
66 39
25 9
4 32
39 49
47 1
58 76
